#
# There is insufficient memory for the Java Runtime Environment to continue.
# Native memory allocation (mmap) failed to map 18939904 bytes. Error detail: G1 virtual space
# Possible reasons:
#   The system is out of physical RAM or swap space
#   This process is running with CompressedOops enabled, and the Java Heap may be blocking the growth of the native heap
# Possible solutions:
#   Reduce memory load on the system
#   Increase physical memory or swap space
#   Check if swap backing store is full
#   Decrease Java heap size (-Xmx/-Xms)
#   Decrease number of Java threads
#   Decrease Java thread stack sizes (-Xss)
#   Set larger code cache with -XX:ReservedCodeCacheSize=
#   JVM is running with Zero Based Compressed Oops mode in which the Java heap is
#     placed in the first 32GB address space. The Java Heap base address is the
#     maximum limit for the native heap growth. Please use -XX:HeapBaseMinAddress
#     to set the Java Heap base and to place the Java Heap above 32GB virtual address.
# This output file may be truncated or incomplete.
#
#  Out of Memory Error (os_windows.cpp:3618), pid=38800, tid=28504
#
# JRE version: OpenJDK Runtime Environment Temurin-17.0.15+6 (17.0.15+6) (build 17.0.15+6)
# Java VM: OpenJDK 64-Bit Server VM Temurin-17.0.15+6 (17.0.15+6, mixed mode, sharing, tiered, compressed oops, compressed class ptrs, g1 gc, windows-amd64)
# No core dump will be written. Minidumps are not enabled by default on client versions of Windows
#

---------------  S U M M A R Y ------------

Command Line: -DkotlinLanguageServer.version=1.3.13 org.javacs.kt.MainKt

Host: AMD Ryzen 7 7800X3D 8-Core Processor           , 16 cores, 31G,  Windows 11 , 64 bit Build 26100 (10.0.26100.4484)
Time: Sun Jul  6 03:36:29 2025  Windows 11 , 64 bit Build 26100 (10.0.26100.4484) elapsed time: 15.840932 seconds (0d 0h 0m 15s)

---------------  T H R E A D  ---------------

Current thread (0x0000028f7f344bb0):  VMThread "VM Thread" [stack: 0x000000a6d3b00000,0x000000a6d3c00000] [id=28504]

Stack: [0x000000a6d3b00000,0x000000a6d3c00000]
Native frames: (J=compiled Java code, j=interpreted, Vv=VM code, C=native code)
V  [jvm.dll+0x682fc9]
V  [jvm.dll+0x839878]
V  [jvm.dll+0x83b323]
V  [jvm.dll+0x83b993]
V  [jvm.dll+0x24725f]
V  [jvm.dll+0x67fda9]
V  [jvm.dll+0x674c9a]
V  [jvm.dll+0x304d06]
V  [jvm.dll+0x30c1c6]
V  [jvm.dll+0x35dd78]
V  [jvm.dll+0x35df8d]
V  [jvm.dll+0x2dc0cc]
V  [jvm.dll+0x2da46f]
V  [jvm.dll+0x2d9bdc]
V  [jvm.dll+0x31d3bb]
V  [jvm.dll+0x8401cd]
V  [jvm.dll+0x840f03]
V  [jvm.dll+0x84142f]
V  [jvm.dll+0x841814]
V  [jvm.dll+0x8418de]
V  [jvm.dll+0x7e94dc]
V  [jvm.dll+0x681ea7]
C  [ucrtbase.dll+0x37b0]
C  [KERNEL32.DLL+0x2e8d7]
C  [ntdll.dll+0x3c34c]

VM_Operation (0x000000a6d6bfdc40): G1CollectForAllocation, mode: safepoint, requested by thread 0x0000028f8238c460


---------------  P R O C E S S  ---------------

Threads class SMR info:
_java_thread_list=0x0000028f817cea10, length=28, elements={
0x0000028f7f34c100, 0x0000028f7f34ccc0, 0x0000028f14a5ccc0, 0x0000028f14a5f690,
0x0000028f14a60050, 0x0000028f14a60a10, 0x0000028f14a63710, 0x0000028f14a6c1d0,
0x0000028f14a895a0, 0x0000028f14b999e0, 0x0000028f14bcbf00, 0x0000028f14bcd670,
0x0000028f14bcf240, 0x0000028f14c59910, 0x0000028f5a20cff0, 0x0000028f5a2b9bc0,
0x0000028f5a5250f0, 0x0000028f5a96a7a0, 0x0000028f6498e620, 0x0000028f65c0e940,
0x0000028f63ae1a70, 0x0000028f63de6500, 0x0000028f6369cf50, 0x0000028f63951800,
0x0000028f6480d400, 0x0000028f64ab0bd0, 0x0000028f64b1a710, 0x0000028f8238c460
}

Java Threads: ( => current thread )
  0x0000028f7f34c100 JavaThread "Reference Handler" daemon [_thread_blocked, id=25620, stack(0x000000a6d3c00000,0x000000a6d3d00000)]
  0x0000028f7f34ccc0 JavaThread "Finalizer" daemon [_thread_blocked, id=36004, stack(0x000000a6d3d00000,0x000000a6d3e00000)]
  0x0000028f14a5ccc0 JavaThread "Signal Dispatcher" daemon [_thread_blocked, id=16664, stack(0x000000a6d3e00000,0x000000a6d3f00000)]
  0x0000028f14a5f690 JavaThread "Attach Listener" daemon [_thread_blocked, id=11764, stack(0x000000a6d3f00000,0x000000a6d4000000)]
  0x0000028f14a60050 JavaThread "Service Thread" daemon [_thread_blocked, id=11276, stack(0x000000a6d4000000,0x000000a6d4100000)]
  0x0000028f14a60a10 JavaThread "Monitor Deflation Thread" daemon [_thread_blocked, id=37916, stack(0x000000a6d4100000,0x000000a6d4200000)]
  0x0000028f14a63710 JavaThread "C2 CompilerThread0" daemon [_thread_blocked, id=35364, stack(0x000000a6d4200000,0x000000a6d4300000)]
  0x0000028f14a6c1d0 JavaThread "C1 CompilerThread0" daemon [_thread_blocked, id=33900, stack(0x000000a6d4300000,0x000000a6d4400000)]
  0x0000028f14a895a0 JavaThread "Sweeper thread" daemon [_thread_blocked, id=7676, stack(0x000000a6d4400000,0x000000a6d4500000)]
  0x0000028f14b999e0 JavaThread "C1 CompilerThread1" daemon [_thread_blocked, id=12564, stack(0x000000a6d4500000,0x000000a6d4600000)]
  0x0000028f14bcbf00 JavaThread "C1 CompilerThread2" daemon [_thread_blocked, id=30120, stack(0x000000a6d4600000,0x000000a6d4700000)]
  0x0000028f14bcd670 JavaThread "Notification Thread" daemon [_thread_blocked, id=36000, stack(0x000000a6d4700000,0x000000a6d4800000)]
  0x0000028f14bcf240 JavaThread "Common-Cleaner" daemon [_thread_blocked, id=34524, stack(0x000000a6d4900000,0x000000a6d4a00000)]
  0x0000028f14c59910 JavaThread "C2 CompilerThread1" daemon [_thread_blocked, id=20216, stack(0x000000a6d4a00000,0x000000a6d4b00000)]
  0x0000028f5a20cff0 JavaThread "C2 CompilerThread2" daemon [_thread_blocked, id=39116, stack(0x000000a6d4b00000,0x000000a6d4c00000)]
  0x0000028f5a2b9bc0 JavaThread "C2 CompilerThread3" daemon [_thread_blocked, id=5724, stack(0x000000a6d4c00000,0x000000a6d4d00000)]
  0x0000028f5a5250f0 JavaThread "C2 CompilerThread4" daemon [_thread_blocked, id=33980, stack(0x000000a6d4d00000,0x000000a6d4e00000)]
  0x0000028f5a96a7a0 JavaThread "C1 CompilerThread3" daemon [_thread_blocked, id=9076, stack(0x000000a6d4e00000,0x000000a6d4f00000)]
  0x0000028f6498e620 JavaThread "client" [_thread_in_native, id=34304, stack(0x000000a6d5d00000,0x000000a6d5e00000)]
  0x0000028f65c0e940 JavaThread "DestroyJavaVM" [_thread_blocked, id=34228, stack(0x000000a6d3500000,0x000000a6d3600000)]
  0x0000028f63ae1a70 JavaThread "async0" [_thread_blocked, id=3576, stack(0x000000a6d5e00000,0x000000a6d5f00000)]
  0x0000028f63de6500 JavaThread "async1" [_thread_blocked, id=28772, stack(0x000000a6d5f00000,0x000000a6d6000000)]
  0x0000028f6369cf50 JavaThread "C2 CompilerThread5" daemon [_thread_blocked, id=11844, stack(0x000000a6d6000000,0x000000a6d6100000)]
  0x0000028f63951800 JavaThread "C2 CompilerThread6" daemon [_thread_blocked, id=31800, stack(0x000000a6d6100000,0x000000a6d6200000)]
  0x0000028f6480d400 JavaThread "debounce0" [_thread_blocked, id=37172, stack(0x000000a6d6300000,0x000000a6d6400000)]
  0x0000028f64ab0bd0 JavaThread "async2" [_thread_blocked, id=31252, stack(0x000000a6d6600000,0x000000a6d6700000)]
  0x0000028f64b1a710 JavaThread "async3" [_thread_blocked, id=22984, stack(0x000000a6d6a00000,0x000000a6d6b00000)]
  0x0000028f8238c460 JavaThread "ForkJoinPool.commonPool-worker-1" daemon [_thread_blocked, id=22908, stack(0x000000a6d6b00000,0x000000a6d6c00000)]

Other Threads:
=>0x0000028f7f344bb0 VMThread "VM Thread" [stack: 0x000000a6d3b00000,0x000000a6d3c00000] [id=28504]
  0x0000028f14bcdb50 WatcherThread [stack: 0x000000a6d4800000,0x000000a6d4900000] [id=36092]
  0x0000028f7f19f4b0 GCTaskThread "GC Thread#0" [stack: 0x000000a6d3600000,0x000000a6d3700000] [id=36048]
  0x0000028f5abf7bb0 GCTaskThread "GC Thread#1" [stack: 0x000000a6d4f00000,0x000000a6d5000000] [id=27432]
  0x0000028f5a9e7c20 GCTaskThread "GC Thread#2" [stack: 0x000000a6d5000000,0x000000a6d5100000] [id=37308]
  0x0000028f5a9e7ee0 GCTaskThread "GC Thread#3" [stack: 0x000000a6d5100000,0x000000a6d5200000] [id=21000]
  0x0000028f5af19910 GCTaskThread "GC Thread#4" [stack: 0x000000a6d5200000,0x000000a6d5300000] [id=33048]
  0x0000028f5af1a7f0 GCTaskThread "GC Thread#5" [stack: 0x000000a6d5300000,0x000000a6d5400000] [id=15532]
  0x0000028f5ac0e8e0 GCTaskThread "GC Thread#6" [stack: 0x000000a6d5400000,0x000000a6d5500000] [id=32448]
  0x0000028f5ac0efb0 GCTaskThread "GC Thread#7" [stack: 0x000000a6d5500000,0x000000a6d5600000] [id=26644]
  0x0000028f5aa01430 GCTaskThread "GC Thread#8" [stack: 0x000000a6d5600000,0x000000a6d5700000] [id=38500]
  0x0000028f5aa016f0 GCTaskThread "GC Thread#9" [stack: 0x000000a6d5700000,0x000000a6d5800000] [id=2812]
  0x0000028f5aa019b0 GCTaskThread "GC Thread#10" [stack: 0x000000a6d5800000,0x000000a6d5900000] [id=31048]
  0x0000028f5aa01c70 GCTaskThread "GC Thread#11" [stack: 0x000000a6d5900000,0x000000a6d5a00000] [id=32864]
  0x0000028f646ac030 GCTaskThread "GC Thread#12" [stack: 0x000000a6d5c00000,0x000000a6d5d00000] [id=13660]
  0x0000028f675e7b40 ConcurrentGCThread "G1 Main Marker" [stack: 0x000000a6d3700000,0x000000a6d3800000] [id=32792]
  0x0000028f675e9380 ConcurrentGCThread "G1 Conc#0" [stack: 0x000000a6d3800000,0x000000a6d3900000] [id=36248]
  0x0000028f5b27a000 ConcurrentGCThread "G1 Conc#1" [stack: 0x000000a6d5a00000,0x000000a6d5b00000] [id=32932]
  0x0000028f5b27b340 ConcurrentGCThread "G1 Conc#2" [stack: 0x000000a6d5b00000,0x000000a6d5c00000] [id=25344]
  0x0000028f6760dcf0 ConcurrentGCThread "G1 Refine#0" [stack: 0x000000a6d3900000,0x000000a6d3a00000] [id=33224]
  0x0000028f63799df0 ConcurrentGCThread "G1 Refine#1" [stack: 0x000000a6d6400000,0x000000a6d6500000] [id=3140]
  0x0000028f63799520 ConcurrentGCThread "G1 Refine#2" [stack: 0x000000a6d6500000,0x000000a6d6600000] [id=30840]
  0x0000028f835f6970 ConcurrentGCThread "G1 Refine#3" [stack: 0x000000a6d6700000,0x000000a6d6800000] [id=7592]
  0x0000028f835f57d0 ConcurrentGCThread "G1 Refine#4" [stack: 0x000000a6d6800000,0x000000a6d6900000] [id=31096]
  0x0000028f835f60a0 ConcurrentGCThread "G1 Refine#5" [stack: 0x000000a6d6900000,0x000000a6d6a00000] [id=39908]
  0x0000028f820b5d80 ConcurrentGCThread "G1 Refine#6" [stack: 0x000000a6d6c00000,0x000000a6d6d00000] [id=37936]
  0x0000028f820b7210 ConcurrentGCThread "G1 Refine#7" [stack: 0x000000a6d6d00000,0x000000a6d6e00000] [id=36772]
  0x0000028f820b4020 ConcurrentGCThread "G1 Refine#8" [stack: 0x000000a6d6e00000,0x000000a6d6f00000] [id=26416]
  0x0000028f6760e5c0 ConcurrentGCThread "G1 Service" [stack: 0x000000a6d3a00000,0x000000a6d3b00000] [id=28580]

Threads with active compile tasks:

VM state: at safepoint (normal execution)

VM Mutex/Monitor currently owned by a thread:  ([mutex/lock_event])
[0x0000028f675642d0] Threads_lock - owner thread: 0x0000028f7f344bb0
[0x0000028f67564b40] Heap_lock - owner thread: 0x0000028f8238c460

Heap address: 0x000000060e000000, size: 7968 MB, Compressed Oops mode: Zero based, Oop shift amount: 3

CDS archive(s) mapped at: [0x0000028f15000000-0x0000028f15bb0000-0x0000028f15bb0000), size 12255232, SharedBaseAddress: 0x0000028f15000000, ArchiveRelocationMode: 1.
Compressed class space mapped at: 0x0000028f16000000-0x0000028f56000000, reserved size: 1073741824
Narrow klass base: 0x0000028f15000000, Narrow klass shift: 0, Narrow klass range: 0x100000000

GC Precious Log:
 CPUs: 16 total, 16 available
 Memory: 31861M
 Large Page Support: Disabled
 NUMA Support: Disabled
 Compressed Oops: Enabled (Zero based)
 Heap Region Size: 4M
 Heap Min Capacity: 8M
 Heap Initial Capacity: 500M
 Heap Max Capacity: 7968M
 Pre-touch: Disabled
 Parallel Workers: 13
 Concurrent Workers: 3
 Concurrent Refinement Workers: 13
 Periodic GC: Disabled

Heap:
 garbage-first heap   total 974848K, used 549376K [0x000000060e000000, 0x0000000800000000)
  region size 4096K, 10 young (40960K), 10 survivors (40960K)
 Metaspace       used 78658K, committed 79232K, reserved 1179648K
  class space    used 8794K, committed 9088K, reserved 1048576K

Heap Regions: E=young(eden), S=young(survivor), O=old, HS=humongous(starts), HC=humongous(continues), CS=collection set, F=free, OA=open archive, CA=closed archive, TAMS=top-at-mark-start (previous, next)
|   0|0x000000060e000000, 0x000000060e400000, 0x000000060e400000|100%|HS|  |TAMS 0x000000060e400000, 0x000000060e400000| Complete 
|   1|0x000000060e400000, 0x000000060e800000, 0x000000060e800000|100%| O|  |TAMS 0x000000060e800000, 0x000000060e800000| Untracked 
|   2|0x000000060e800000, 0x000000060ec00000, 0x000000060ec00000|100%| O|  |TAMS 0x000000060ec00000, 0x000000060ec00000| Untracked 
|   3|0x000000060ec00000, 0x000000060f000000, 0x000000060f000000|100%| O|  |TAMS 0x000000060f000000, 0x000000060f000000| Untracked 
|   4|0x000000060f000000, 0x000000060f400000, 0x000000060f400000|100%| O|  |TAMS 0x000000060f400000, 0x000000060f400000| Untracked 
|   5|0x000000060f400000, 0x000000060f800000, 0x000000060f800000|100%| O|  |TAMS 0x000000060f800000, 0x000000060f800000| Untracked 
|   6|0x000000060f800000, 0x000000060fc00000, 0x000000060fc00000|100%| O|  |TAMS 0x000000060fc00000, 0x000000060fc00000| Untracked 
|   7|0x000000060fc00000, 0x0000000610000000, 0x0000000610000000|100%| O|  |TAMS 0x0000000610000000, 0x0000000610000000| Untracked 
|   8|0x0000000610000000, 0x0000000610400000, 0x0000000610400000|100%| O|  |TAMS 0x0000000610400000, 0x0000000610400000| Untracked 
|   9|0x0000000610400000, 0x0000000610800000, 0x0000000610800000|100%| O|  |TAMS 0x0000000610800000, 0x0000000610800000| Untracked 
|  10|0x0000000610800000, 0x0000000610c00000, 0x0000000610c00000|100%| O|  |TAMS 0x0000000610c00000, 0x0000000610c00000| Untracked 
|  11|0x0000000610c00000, 0x0000000611000000, 0x0000000611000000|100%| O|  |TAMS 0x0000000611000000, 0x0000000611000000| Untracked 
|  12|0x0000000611000000, 0x0000000611400000, 0x0000000611400000|100%| O|  |TAMS 0x0000000611400000, 0x0000000611400000| Untracked 
|  13|0x0000000611400000, 0x0000000611800000, 0x0000000611800000|100%| O|  |TAMS 0x0000000611800000, 0x0000000611800000| Untracked 
|  14|0x0000000611800000, 0x0000000611c00000, 0x0000000611c00000|100%| O|  |TAMS 0x0000000611c00000, 0x0000000611c00000| Untracked 
|  15|0x0000000611c00000, 0x0000000612000000, 0x0000000612000000|100%| O|  |TAMS 0x0000000612000000, 0x0000000612000000| Untracked 
|  16|0x0000000612000000, 0x0000000612400000, 0x0000000612400000|100%| O|  |TAMS 0x0000000612400000, 0x0000000612400000| Untracked 
|  17|0x0000000612400000, 0x0000000612800000, 0x0000000612800000|100%| O|  |TAMS 0x0000000612800000, 0x0000000612800000| Untracked 
|  18|0x0000000612800000, 0x0000000612c00000, 0x0000000612c00000|100%| O|  |TAMS 0x0000000612c00000, 0x0000000612c00000| Untracked 
|  19|0x0000000612c00000, 0x0000000613000000, 0x0000000613000000|100%| O|  |TAMS 0x0000000613000000, 0x0000000613000000| Untracked 
|  20|0x0000000613000000, 0x0000000613400000, 0x0000000613400000|100%| O|  |TAMS 0x0000000613400000, 0x0000000613400000| Untracked 
|  21|0x0000000613400000, 0x0000000613800000, 0x0000000613800000|100%| O|  |TAMS 0x0000000613800000, 0x0000000613800000| Untracked 
|  22|0x0000000613800000, 0x0000000613c00000, 0x0000000613c00000|100%| O|  |TAMS 0x0000000613c00000, 0x0000000613c00000| Untracked 
|  23|0x0000000613c00000, 0x0000000614000000, 0x0000000614000000|100%| O|  |TAMS 0x0000000614000000, 0x0000000614000000| Untracked 
|  24|0x0000000614000000, 0x0000000614400000, 0x0000000614400000|100%| O|  |TAMS 0x0000000614400000, 0x0000000614400000| Untracked 
|  25|0x0000000614400000, 0x0000000614800000, 0x0000000614800000|100%| O|  |TAMS 0x0000000614400000, 0x0000000614800000| Untracked 
|  26|0x0000000614800000, 0x0000000614c00000, 0x0000000614c00000|100%| O|  |TAMS 0x0000000614c00000, 0x0000000614c00000| Untracked 
|  27|0x0000000614c00000, 0x0000000615000000, 0x0000000615000000|100%| O|  |TAMS 0x0000000615000000, 0x0000000615000000| Untracked 
|  28|0x0000000615000000, 0x0000000615400000, 0x0000000615400000|100%| O|  |TAMS 0x0000000615400000, 0x0000000615400000| Untracked 
|  29|0x0000000615400000, 0x0000000615800000, 0x0000000615800000|100%| O|  |TAMS 0x0000000615800000, 0x0000000615800000| Untracked 
|  30|0x0000000615800000, 0x0000000615c00000, 0x0000000615c00000|100%| O|  |TAMS 0x0000000615c00000, 0x0000000615c00000| Untracked 
|  31|0x0000000615c00000, 0x0000000616000000, 0x0000000616000000|100%| O|  |TAMS 0x0000000616000000, 0x0000000616000000| Untracked 
|  32|0x0000000616000000, 0x0000000616400000, 0x0000000616400000|100%| O|  |TAMS 0x0000000616400000, 0x0000000616400000| Untracked 
|  33|0x0000000616400000, 0x0000000616800000, 0x0000000616800000|100%| O|  |TAMS 0x0000000616800000, 0x0000000616800000| Untracked 
|  34|0x0000000616800000, 0x0000000616c00000, 0x0000000616c00000|100%| O|  |TAMS 0x0000000616c00000, 0x0000000616c00000| Untracked 
|  35|0x0000000616c00000, 0x0000000617000000, 0x0000000617000000|100%| O|  |TAMS 0x0000000617000000, 0x0000000617000000| Untracked 
|  36|0x0000000617000000, 0x0000000617400000, 0x0000000617400000|100%| O|  |TAMS 0x0000000617400000, 0x0000000617400000| Untracked 
|  37|0x0000000617400000, 0x0000000617800000, 0x0000000617800000|100%| O|  |TAMS 0x0000000617800000, 0x0000000617800000| Untracked 
|  38|0x0000000617800000, 0x0000000617c00000, 0x0000000617c00000|100%| O|  |TAMS 0x0000000617c00000, 0x0000000617c00000| Untracked 
|  39|0x0000000617c00000, 0x0000000618000000, 0x0000000618000000|100%| O|  |TAMS 0x0000000618000000, 0x0000000618000000| Untracked 
|  40|0x0000000618000000, 0x0000000618400000, 0x0000000618400000|100%| O|  |TAMS 0x0000000618400000, 0x0000000618400000| Untracked 
|  41|0x0000000618400000, 0x0000000618800000, 0x0000000618800000|100%| O|  |TAMS 0x0000000618800000, 0x0000000618800000| Untracked 
|  42|0x0000000618800000, 0x0000000618c00000, 0x0000000618c00000|100%| O|  |TAMS 0x0000000618c00000, 0x0000000618c00000| Untracked 
|  43|0x0000000618c00000, 0x0000000619000000, 0x0000000619000000|100%| O|  |TAMS 0x0000000619000000, 0x0000000619000000| Untracked 
|  44|0x0000000619000000, 0x0000000619400000, 0x0000000619400000|100%| O|  |TAMS 0x0000000619400000, 0x0000000619400000| Untracked 
|  45|0x0000000619400000, 0x0000000619800000, 0x0000000619800000|100%| O|  |TAMS 0x0000000619800000, 0x0000000619800000| Untracked 
|  46|0x0000000619800000, 0x0000000619c00000, 0x0000000619c00000|100%| O|  |TAMS 0x0000000619967000, 0x0000000619c00000| Untracked 
|  47|0x0000000619c00000, 0x000000061a000000, 0x000000061a000000|100%| O|  |TAMS 0x0000000619c00000, 0x000000061a000000| Untracked 
|  48|0x000000061a000000, 0x000000061a400000, 0x000000061a400000|100%| O|  |TAMS 0x000000061a000000, 0x000000061a400000| Untracked 
|  49|0x000000061a400000, 0x000000061a800000, 0x000000061a800000|100%| O|  |TAMS 0x000000061a400000, 0x000000061a800000| Untracked 
|  50|0x000000061a800000, 0x000000061ac00000, 0x000000061ac00000|100%| O|  |TAMS 0x000000061a800000, 0x000000061ac00000| Untracked 
|  51|0x000000061ac00000, 0x000000061b000000, 0x000000061b000000|100%| O|  |TAMS 0x000000061ac00000, 0x000000061b000000| Untracked 
|  52|0x000000061b000000, 0x000000061b400000, 0x000000061b400000|100%| O|  |TAMS 0x000000061b000000, 0x000000061b400000| Untracked 
|  53|0x000000061b400000, 0x000000061b800000, 0x000000061b800000|100%| O|  |TAMS 0x000000061b400000, 0x000000061b800000| Untracked 
|  54|0x000000061b800000, 0x000000061bc00000, 0x000000061bc00000|100%| O|  |TAMS 0x000000061b800000, 0x000000061bc00000| Untracked 
|  55|0x000000061bc00000, 0x000000061c000000, 0x000000061c000000|100%| O|  |TAMS 0x000000061bc00000, 0x000000061c000000| Untracked 
|  56|0x000000061c000000, 0x000000061c400000, 0x000000061c400000|100%| O|  |TAMS 0x000000061c000000, 0x000000061c400000| Untracked 
|  57|0x000000061c400000, 0x000000061c800000, 0x000000061c800000|100%| O|  |TAMS 0x000000061c400000, 0x000000061c800000| Untracked 
|  58|0x000000061c800000, 0x000000061cc00000, 0x000000061cc00000|100%| O|  |TAMS 0x000000061c800000, 0x000000061cc00000| Untracked 
|  59|0x000000061cc00000, 0x000000061d000000, 0x000000061d000000|100%| O|  |TAMS 0x000000061cc00000, 0x000000061d000000| Untracked 
|  60|0x000000061d000000, 0x000000061d400000, 0x000000061d400000|100%| O|  |TAMS 0x000000061d000000, 0x000000061d400000| Untracked 
|  61|0x000000061d400000, 0x000000061d800000, 0x000000061d800000|100%| O|  |TAMS 0x000000061d400000, 0x000000061d800000| Untracked 
|  62|0x000000061d800000, 0x000000061dc00000, 0x000000061dc00000|100%| O|  |TAMS 0x000000061d800000, 0x000000061dc00000| Untracked 
|  63|0x000000061dc00000, 0x000000061e000000, 0x000000061e000000|100%| O|  |TAMS 0x000000061dc00000, 0x000000061e000000| Untracked 
|  64|0x000000061e000000, 0x000000061e400000, 0x000000061e400000|100%| O|  |TAMS 0x000000061e000000, 0x000000061e400000| Untracked 
|  65|0x000000061e400000, 0x000000061e800000, 0x000000061e800000|100%| O|  |TAMS 0x000000061e400000, 0x000000061e800000| Untracked 
|  66|0x000000061e800000, 0x000000061ec00000, 0x000000061ec00000|100%| O|  |TAMS 0x000000061e800000, 0x000000061ec00000| Untracked 
|  67|0x000000061ec00000, 0x000000061f000000, 0x000000061f000000|100%| O|  |TAMS 0x000000061ec00000, 0x000000061f000000| Untracked 
|  68|0x000000061f000000, 0x000000061f400000, 0x000000061f400000|100%| O|  |TAMS 0x000000061f000000, 0x000000061f400000| Untracked 
|  69|0x000000061f400000, 0x000000061f800000, 0x000000061f800000|100%| O|  |TAMS 0x000000061f400000, 0x000000061f800000| Untracked 
|  70|0x000000061f800000, 0x000000061fc00000, 0x000000061fc00000|100%| O|  |TAMS 0x000000061f800000, 0x000000061fc00000| Untracked 
|  71|0x000000061fc00000, 0x0000000620000000, 0x0000000620000000|100%| O|  |TAMS 0x000000061fc00000, 0x0000000620000000| Untracked 
|  72|0x0000000620000000, 0x0000000620400000, 0x0000000620400000|100%| O|  |TAMS 0x0000000620000000, 0x0000000620400000| Untracked 
|  73|0x0000000620400000, 0x0000000620800000, 0x0000000620800000|100%| O|  |TAMS 0x0000000620400000, 0x0000000620800000| Untracked 
|  74|0x0000000620800000, 0x0000000620c00000, 0x0000000620c00000|100%| O|  |TAMS 0x0000000620800000, 0x0000000620c00000| Untracked 
|  75|0x0000000620c00000, 0x0000000621000000, 0x0000000621000000|100%| O|  |TAMS 0x0000000620c00000, 0x0000000621000000| Untracked 
|  76|0x0000000621000000, 0x0000000621400000, 0x0000000621400000|100%| O|  |TAMS 0x0000000621000000, 0x0000000621400000| Untracked 
|  77|0x0000000621400000, 0x0000000621800000, 0x0000000621800000|100%| O|  |TAMS 0x0000000621400000, 0x0000000621800000| Untracked 
|  78|0x0000000621800000, 0x0000000621c00000, 0x0000000621c00000|100%| O|  |TAMS 0x0000000621800000, 0x0000000621c00000| Untracked 
|  79|0x0000000621c00000, 0x0000000622000000, 0x0000000622000000|100%| O|  |TAMS 0x0000000621c00000, 0x0000000622000000| Untracked 
|  80|0x0000000622000000, 0x0000000622400000, 0x0000000622400000|100%| O|  |TAMS 0x0000000622000000, 0x0000000622400000| Untracked 
|  81|0x0000000622400000, 0x0000000622800000, 0x0000000622800000|100%| O|  |TAMS 0x0000000622400000, 0x0000000622800000| Untracked 
|  82|0x0000000622800000, 0x0000000622c00000, 0x0000000622c00000|100%| O|  |TAMS 0x0000000622800000, 0x0000000622c00000| Untracked 
|  83|0x0000000622c00000, 0x0000000623000000, 0x0000000623000000|100%| O|  |TAMS 0x0000000622c00000, 0x0000000623000000| Untracked 
|  84|0x0000000623000000, 0x0000000623400000, 0x0000000623400000|100%| O|  |TAMS 0x0000000623000000, 0x0000000623400000| Untracked 
|  85|0x0000000623400000, 0x0000000623800000, 0x0000000623800000|100%| O|  |TAMS 0x0000000623400000, 0x0000000623800000| Untracked 
|  86|0x0000000623800000, 0x0000000623c00000, 0x0000000623c00000|100%| O|  |TAMS 0x0000000623800000, 0x0000000623c00000| Untracked 
|  87|0x0000000623c00000, 0x0000000624000000, 0x0000000624000000|100%| O|  |TAMS 0x0000000623c00000, 0x0000000624000000| Untracked 
|  88|0x0000000624000000, 0x0000000624400000, 0x0000000624400000|100%| O|  |TAMS 0x0000000624000000, 0x0000000624400000| Untracked 
|  89|0x0000000624400000, 0x0000000624800000, 0x0000000624800000|100%| O|  |TAMS 0x0000000624400000, 0x0000000624800000| Untracked 
|  90|0x0000000624800000, 0x0000000624c00000, 0x0000000624c00000|100%| O|  |TAMS 0x0000000624800000, 0x0000000624c00000| Untracked 
|  91|0x0000000624c00000, 0x0000000625000000, 0x0000000625000000|100%| O|  |TAMS 0x0000000624c00000, 0x0000000625000000| Untracked 
|  92|0x0000000625000000, 0x0000000625400000, 0x0000000625400000|100%| O|  |TAMS 0x0000000625000000, 0x0000000625400000| Untracked 
|  93|0x0000000625400000, 0x0000000625800000, 0x0000000625800000|100%| O|  |TAMS 0x0000000625400000, 0x0000000625800000| Untracked 
|  94|0x0000000625800000, 0x0000000625c00000, 0x0000000625c00000|100%| O|  |TAMS 0x0000000625800000, 0x0000000625c00000| Untracked 
|  95|0x0000000625c00000, 0x0000000626000000, 0x0000000626000000|100%| O|  |TAMS 0x0000000625c00000, 0x0000000626000000| Untracked 
|  96|0x0000000626000000, 0x0000000626400000, 0x0000000626400000|100%| O|  |TAMS 0x0000000626000000, 0x0000000626400000| Untracked 
|  97|0x0000000626400000, 0x0000000626800000, 0x0000000626800000|100%| O|  |TAMS 0x0000000626400000, 0x0000000626800000| Untracked 
|  98|0x0000000626800000, 0x0000000626c00000, 0x0000000626c00000|100%| O|  |TAMS 0x0000000626800000, 0x0000000626c00000| Untracked 
|  99|0x0000000626c00000, 0x0000000627000000, 0x0000000627000000|100%| O|  |TAMS 0x0000000626c00000, 0x0000000627000000| Untracked 
| 100|0x0000000627000000, 0x0000000627400000, 0x0000000627400000|100%| O|  |TAMS 0x0000000627000000, 0x0000000627400000| Untracked 
| 101|0x0000000627400000, 0x0000000627800000, 0x0000000627800000|100%| O|  |TAMS 0x0000000627400000, 0x0000000627800000| Untracked 
| 102|0x0000000627800000, 0x0000000627c00000, 0x0000000627c00000|100%| O|  |TAMS 0x0000000627800000, 0x0000000627c00000| Untracked 
| 103|0x0000000627c00000, 0x0000000628000000, 0x0000000628000000|100%| O|  |TAMS 0x0000000627c00000, 0x0000000628000000| Untracked 
| 104|0x0000000628000000, 0x0000000628400000, 0x0000000628400000|100%| O|  |TAMS 0x0000000628000000, 0x0000000628400000| Untracked 
| 105|0x0000000628400000, 0x0000000628800000, 0x0000000628800000|100%| O|  |TAMS 0x0000000628400000, 0x0000000628800000| Untracked 
| 106|0x0000000628800000, 0x0000000628c00000, 0x0000000628c00000|100%| O|  |TAMS 0x0000000628800000, 0x0000000628c00000| Untracked 
| 107|0x0000000628c00000, 0x0000000629000000, 0x0000000629000000|100%| O|  |TAMS 0x0000000628c00000, 0x0000000629000000| Untracked 
| 108|0x0000000629000000, 0x0000000629400000, 0x0000000629400000|100%| O|  |TAMS 0x0000000629000000, 0x0000000629400000| Untracked 
| 109|0x0000000629400000, 0x0000000629800000, 0x0000000629800000|100%| O|  |TAMS 0x0000000629400000, 0x0000000629800000| Untracked 
| 110|0x0000000629800000, 0x0000000629c00000, 0x0000000629c00000|100%| O|  |TAMS 0x0000000629800000, 0x0000000629c00000| Untracked 
| 111|0x0000000629c00000, 0x000000062a000000, 0x000000062a000000|100%| O|  |TAMS 0x0000000629c00000, 0x0000000629c00000| Untracked 
| 112|0x000000062a000000, 0x000000062a400000, 0x000000062a400000|100%| O|  |TAMS 0x000000062a000000, 0x000000062a000000| Untracked 
| 113|0x000000062a400000, 0x000000062a800000, 0x000000062a800000|100%| O|  |TAMS 0x000000062a400000, 0x000000062a400000| Untracked 
| 114|0x000000062a800000, 0x000000062ac00000, 0x000000062ac00000|100%| O|  |TAMS 0x000000062a800000, 0x000000062a800000| Untracked 
| 115|0x000000062ac00000, 0x000000062b000000, 0x000000062b000000|100%| O|  |TAMS 0x000000062ac00000, 0x000000062ac00000| Untracked 
| 116|0x000000062b000000, 0x000000062b400000, 0x000000062b400000|100%| O|  |TAMS 0x000000062b000000, 0x000000062b000000| Untracked 
| 117|0x000000062b400000, 0x000000062b800000, 0x000000062b800000|100%| O|  |TAMS 0x000000062b400000, 0x000000062b400000| Untracked 
| 118|0x000000062b800000, 0x000000062bc00000, 0x000000062bc00000|100%| O|  |TAMS 0x000000062b800000, 0x000000062b800000| Untracked 
| 119|0x000000062bc00000, 0x000000062c000000, 0x000000062c000000|100%| O|  |TAMS 0x000000062bc00000, 0x000000062bc00000| Untracked 
| 120|0x000000062c000000, 0x000000062c400000, 0x000000062c400000|100%| O|  |TAMS 0x000000062c000000, 0x000000062c000000| Untracked 
| 121|0x000000062c400000, 0x000000062c800000, 0x000000062c800000|100%| O|  |TAMS 0x000000062c400000, 0x000000062c400000| Untracked 
| 122|0x000000062c800000, 0x000000062cc00000, 0x000000062cc00000|100%| O|  |TAMS 0x000000062c800000, 0x000000062c800000| Untracked 
| 123|0x000000062cc00000, 0x000000062d000000, 0x000000062d000000|100%| O|  |TAMS 0x000000062cc00000, 0x000000062cc00000| Untracked 
| 124|0x000000062d000000, 0x000000062d080200, 0x000000062d400000| 12%| O|  |TAMS 0x000000062d000000, 0x000000062d000000| Untracked 
| 125|0x000000062d400000, 0x000000062d400000, 0x000000062d800000|  0%| F|  |TAMS 0x000000062d400000, 0x000000062d400000| Untracked 
| 126|0x000000062d800000, 0x000000062d800000, 0x000000062dc00000|  0%| F|  |TAMS 0x000000062d800000, 0x000000062d800000| Untracked 
| 127|0x000000062dc00000, 0x000000062dc00000, 0x000000062e000000|  0%| F|  |TAMS 0x000000062dc00000, 0x000000062dc00000| Untracked 
| 128|0x000000062e000000, 0x000000062e000000, 0x000000062e400000|  0%| F|  |TAMS 0x000000062e000000, 0x000000062e000000| Untracked 
| 129|0x000000062e400000, 0x000000062e400000, 0x000000062e800000|  0%| F|  |TAMS 0x000000062e400000, 0x000000062e400000| Untracked 
| 130|0x000000062e800000, 0x000000062e800000, 0x000000062ec00000|  0%| F|  |TAMS 0x000000062e800000, 0x000000062e800000| Untracked 
| 131|0x000000062ec00000, 0x000000062ec00000, 0x000000062f000000|  0%| F|  |TAMS 0x000000062ec00000, 0x000000062ec00000| Untracked 
| 132|0x000000062f000000, 0x000000062f000000, 0x000000062f400000|  0%| F|  |TAMS 0x000000062f000000, 0x000000062f000000| Untracked 
| 133|0x000000062f400000, 0x000000062f400000, 0x000000062f800000|  0%| F|  |TAMS 0x000000062f400000, 0x000000062f400000| Untracked 
| 134|0x000000062f800000, 0x000000062f800000, 0x000000062fc00000|  0%| F|  |TAMS 0x000000062f800000, 0x000000062f800000| Untracked 
| 135|0x000000062fc00000, 0x000000062fc00000, 0x0000000630000000|  0%| F|  |TAMS 0x000000062fc00000, 0x000000062fc00000| Untracked 
| 136|0x0000000630000000, 0x0000000630000000, 0x0000000630400000|  0%| F|  |TAMS 0x0000000630000000, 0x0000000630000000| Untracked 
| 137|0x0000000630400000, 0x0000000630400000, 0x0000000630800000|  0%| F|  |TAMS 0x0000000630400000, 0x0000000630400000| Untracked 
| 138|0x0000000630800000, 0x0000000630800000, 0x0000000630c00000|  0%| F|  |TAMS 0x0000000630800000, 0x0000000630800000| Untracked 
| 139|0x0000000630c00000, 0x0000000630c00000, 0x0000000631000000|  0%| F|  |TAMS 0x0000000630c00000, 0x0000000630c00000| Untracked 
| 140|0x0000000631000000, 0x0000000631000000, 0x0000000631400000|  0%| F|  |TAMS 0x0000000631000000, 0x0000000631000000| Untracked 
| 141|0x0000000631400000, 0x0000000631400000, 0x0000000631800000|  0%| F|  |TAMS 0x0000000631400000, 0x0000000631400000| Untracked 
| 142|0x0000000631800000, 0x0000000631800000, 0x0000000631c00000|  0%| F|  |TAMS 0x0000000631800000, 0x0000000631800000| Untracked 
| 143|0x0000000631c00000, 0x0000000631c00000, 0x0000000632000000|  0%| F|  |TAMS 0x0000000631c00000, 0x0000000631c00000| Untracked 
| 144|0x0000000632000000, 0x0000000632000000, 0x0000000632400000|  0%| F|  |TAMS 0x0000000632000000, 0x0000000632000000| Untracked 
| 145|0x0000000632400000, 0x0000000632400000, 0x0000000632800000|  0%| F|  |TAMS 0x0000000632400000, 0x0000000632400000| Untracked 
| 146|0x0000000632800000, 0x0000000632800000, 0x0000000632c00000|  0%| F|  |TAMS 0x0000000632800000, 0x0000000632800000| Untracked 
| 147|0x0000000632c00000, 0x0000000632c00000, 0x0000000633000000|  0%| F|  |TAMS 0x0000000632c00000, 0x0000000632c00000| Untracked 
| 148|0x0000000633000000, 0x0000000633000000, 0x0000000633400000|  0%| F|  |TAMS 0x0000000633000000, 0x0000000633000000| Untracked 
| 149|0x0000000633400000, 0x0000000633400000, 0x0000000633800000|  0%| F|  |TAMS 0x0000000633400000, 0x0000000633400000| Untracked 
| 150|0x0000000633800000, 0x0000000633800000, 0x0000000633c00000|  0%| F|  |TAMS 0x0000000633800000, 0x0000000633800000| Untracked 
| 151|0x0000000633c00000, 0x0000000633c00000, 0x0000000634000000|  0%| F|  |TAMS 0x0000000633c00000, 0x0000000633c00000| Untracked 
| 152|0x0000000634000000, 0x0000000634000000, 0x0000000634400000|  0%| F|  |TAMS 0x0000000634000000, 0x0000000634000000| Untracked 
| 153|0x0000000634400000, 0x0000000634400000, 0x0000000634800000|  0%| F|  |TAMS 0x0000000634400000, 0x0000000634400000| Untracked 
| 154|0x0000000634800000, 0x0000000634800000, 0x0000000634c00000|  0%| F|  |TAMS 0x0000000634800000, 0x0000000634800000| Untracked 
| 155|0x0000000634c00000, 0x0000000634c00000, 0x0000000635000000|  0%| F|  |TAMS 0x0000000634c00000, 0x0000000634c00000| Untracked 
| 156|0x0000000635000000, 0x0000000635000000, 0x0000000635400000|  0%| F|  |TAMS 0x0000000635000000, 0x0000000635000000| Untracked 
| 157|0x0000000635400000, 0x0000000635400000, 0x0000000635800000|  0%| F|  |TAMS 0x0000000635400000, 0x0000000635400000| Untracked 
| 158|0x0000000635800000, 0x0000000635800000, 0x0000000635c00000|  0%| F|  |TAMS 0x0000000635800000, 0x0000000635800000| Untracked 
| 159|0x0000000635c00000, 0x0000000635c00000, 0x0000000636000000|  0%| F|  |TAMS 0x0000000635c00000, 0x0000000635c00000| Untracked 
| 160|0x0000000636000000, 0x0000000636400000, 0x0000000636400000|100%| S|CS|TAMS 0x0000000636000000, 0x0000000636000000| Complete 
| 161|0x0000000636400000, 0x0000000636800000, 0x0000000636800000|100%| S|CS|TAMS 0x0000000636400000, 0x0000000636400000| Complete 
| 162|0x0000000636800000, 0x0000000636c00000, 0x0000000636c00000|100%| S|CS|TAMS 0x0000000636800000, 0x0000000636800000| Complete 
| 163|0x0000000636c00000, 0x0000000637000000, 0x0000000637000000|100%| S|CS|TAMS 0x0000000636c00000, 0x0000000636c00000| Complete 
| 164|0x0000000637000000, 0x0000000637000000, 0x0000000637400000|  0%| F|  |TAMS 0x0000000637000000, 0x0000000637000000| Untracked 
| 165|0x0000000637400000, 0x0000000637400000, 0x0000000637800000|  0%| F|  |TAMS 0x0000000637400000, 0x0000000637400000| Untracked 
| 166|0x0000000637800000, 0x0000000637800000, 0x0000000637c00000|  0%| F|  |TAMS 0x0000000637800000, 0x0000000637800000| Untracked 
| 167|0x0000000637c00000, 0x0000000637c00000, 0x0000000638000000|  0%| F|  |TAMS 0x0000000637c00000, 0x0000000637c00000| Untracked 
| 168|0x0000000638000000, 0x0000000638400000, 0x0000000638400000|100%| S|CS|TAMS 0x0000000638000000, 0x0000000638000000| Complete 
| 169|0x0000000638400000, 0x0000000638800000, 0x0000000638800000|100%| S|CS|TAMS 0x0000000638400000, 0x0000000638400000| Complete 
| 170|0x0000000638800000, 0x0000000638c00000, 0x0000000638c00000|100%| S|CS|TAMS 0x0000000638800000, 0x0000000638800000| Complete 
| 171|0x0000000638c00000, 0x0000000639000000, 0x0000000639000000|100%| S|CS|TAMS 0x0000000638c00000, 0x0000000638c00000| Complete 
| 172|0x0000000639000000, 0x0000000639400000, 0x0000000639400000|100%| S|CS|TAMS 0x0000000639000000, 0x0000000639000000| Complete 
| 173|0x0000000639400000, 0x0000000639800000, 0x0000000639800000|100%| S|CS|TAMS 0x0000000639400000, 0x0000000639400000| Complete 
| 174|0x0000000639800000, 0x0000000639800000, 0x0000000639c00000|  0%| F|  |TAMS 0x0000000639800000, 0x0000000639800000| Untracked 
| 175|0x0000000639c00000, 0x0000000639c00000, 0x000000063a000000|  0%| F|  |TAMS 0x0000000639c00000, 0x0000000639c00000| Untracked 
| 176|0x000000063a000000, 0x000000063a000000, 0x000000063a400000|  0%| F|  |TAMS 0x000000063a000000, 0x000000063a000000| Untracked 
| 177|0x000000063a400000, 0x000000063a400000, 0x000000063a800000|  0%| F|  |TAMS 0x000000063a400000, 0x000000063a400000| Untracked 
| 178|0x000000063a800000, 0x000000063a800000, 0x000000063ac00000|  0%| F|  |TAMS 0x000000063a800000, 0x000000063a800000| Untracked 
| 179|0x000000063ac00000, 0x000000063ac00000, 0x000000063b000000|  0%| F|  |TAMS 0x000000063ac00000, 0x000000063ac00000| Untracked 
| 180|0x000000063b000000, 0x000000063b000000, 0x000000063b400000|  0%| F|  |TAMS 0x000000063b000000, 0x000000063b000000| Untracked 
| 181|0x000000063b400000, 0x000000063b400000, 0x000000063b800000|  0%| F|  |TAMS 0x000000063b400000, 0x000000063b400000| Untracked 
| 182|0x000000063b800000, 0x000000063b800000, 0x000000063bc00000|  0%| F|  |TAMS 0x000000063b800000, 0x000000063b800000| Untracked 
| 183|0x000000063bc00000, 0x000000063bc00000, 0x000000063c000000|  0%| F|  |TAMS 0x000000063bc00000, 0x000000063bc00000| Untracked 
| 184|0x000000063c000000, 0x000000063c000000, 0x000000063c400000|  0%| F|  |TAMS 0x000000063c000000, 0x000000063c000000| Untracked 
| 185|0x000000063c400000, 0x000000063c400000, 0x000000063c800000|  0%| F|  |TAMS 0x000000063c400000, 0x000000063c400000| Untracked 
| 186|0x000000063c800000, 0x000000063c800000, 0x000000063cc00000|  0%| F|  |TAMS 0x000000063c800000, 0x000000063c800000| Untracked 
| 187|0x000000063cc00000, 0x000000063cc00000, 0x000000063d000000|  0%| F|  |TAMS 0x000000063cc00000, 0x000000063cc00000| Untracked 
| 188|0x000000063d000000, 0x000000063d000000, 0x000000063d400000|  0%| F|  |TAMS 0x000000063d000000, 0x000000063d000000| Untracked 
| 189|0x000000063d400000, 0x000000063d400000, 0x000000063d800000|  0%| F|  |TAMS 0x000000063d400000, 0x000000063d400000| Untracked 
| 190|0x000000063d800000, 0x000000063d800000, 0x000000063dc00000|  0%| F|  |TAMS 0x000000063d800000, 0x000000063d800000| Untracked 
| 191|0x000000063dc00000, 0x000000063dc00000, 0x000000063e000000|  0%| F|  |TAMS 0x000000063dc00000, 0x000000063dc00000| Untracked 
| 192|0x000000063e000000, 0x000000063e000000, 0x000000063e400000|  0%| F|  |TAMS 0x000000063e000000, 0x000000063e000000| Untracked 
| 193|0x000000063e400000, 0x000000063e400000, 0x000000063e800000|  0%| F|  |TAMS 0x000000063e400000, 0x000000063e400000| Untracked 
| 194|0x000000063e800000, 0x000000063e800000, 0x000000063ec00000|  0%| F|  |TAMS 0x000000063e800000, 0x000000063e800000| Untracked 
| 195|0x000000063ec00000, 0x000000063ec00000, 0x000000063f000000|  0%| F|  |TAMS 0x000000063ec00000, 0x000000063ec00000| Untracked 
| 196|0x000000063f000000, 0x000000063f000000, 0x000000063f400000|  0%| F|  |TAMS 0x000000063f000000, 0x000000063f000000| Untracked 
| 197|0x000000063f400000, 0x000000063f400000, 0x000000063f800000|  0%| F|  |TAMS 0x000000063f400000, 0x000000063f400000| Untracked 
| 198|0x000000063f800000, 0x000000063f800000, 0x000000063fc00000|  0%| F|  |TAMS 0x000000063f800000, 0x000000063f800000| Untracked 
| 199|0x000000063fc00000, 0x000000063fc00000, 0x0000000640000000|  0%| F|  |TAMS 0x000000063fc00000, 0x000000063fc00000| Untracked 
| 200|0x0000000640000000, 0x0000000640000000, 0x0000000640400000|  0%| F|  |TAMS 0x0000000640000000, 0x0000000640000000| Untracked 
| 201|0x0000000640400000, 0x0000000640400000, 0x0000000640800000|  0%| F|  |TAMS 0x0000000640400000, 0x0000000640400000| Untracked 
| 202|0x0000000640800000, 0x0000000640800000, 0x0000000640c00000|  0%| F|  |TAMS 0x0000000640800000, 0x0000000640800000| Untracked 
| 203|0x0000000640c00000, 0x0000000640c00000, 0x0000000641000000|  0%| F|  |TAMS 0x0000000640c00000, 0x0000000640c00000| Untracked 
| 204|0x0000000641000000, 0x0000000641000000, 0x0000000641400000|  0%| F|  |TAMS 0x0000000641000000, 0x0000000641000000| Untracked 
| 205|0x0000000641400000, 0x0000000641400000, 0x0000000641800000|  0%| F|  |TAMS 0x0000000641400000, 0x0000000641400000| Untracked 
| 206|0x0000000641800000, 0x0000000641800000, 0x0000000641c00000|  0%| F|  |TAMS 0x0000000641800000, 0x0000000641800000| Untracked 
| 207|0x0000000641c00000, 0x0000000641c00000, 0x0000000642000000|  0%| F|  |TAMS 0x0000000641c00000, 0x0000000641c00000| Untracked 
| 208|0x0000000642000000, 0x0000000642000000, 0x0000000642400000|  0%| F|  |TAMS 0x0000000642000000, 0x0000000642000000| Untracked 
| 209|0x0000000642400000, 0x0000000642400000, 0x0000000642800000|  0%| F|  |TAMS 0x0000000642400000, 0x0000000642400000| Untracked 
| 210|0x0000000642800000, 0x0000000642800000, 0x0000000642c00000|  0%| F|  |TAMS 0x0000000642800000, 0x0000000642800000| Untracked 
| 211|0x0000000642c00000, 0x0000000642c00000, 0x0000000643000000|  0%| F|  |TAMS 0x0000000642c00000, 0x0000000642c00000| Untracked 
| 212|0x0000000643000000, 0x0000000643000000, 0x0000000643400000|  0%| F|  |TAMS 0x0000000643000000, 0x0000000643000000| Untracked 
| 213|0x0000000643400000, 0x0000000643400000, 0x0000000643800000|  0%| F|  |TAMS 0x0000000643400000, 0x0000000643400000| Untracked 
| 214|0x0000000643800000, 0x0000000643800000, 0x0000000643c00000|  0%| F|  |TAMS 0x0000000643800000, 0x0000000643800000| Untracked 
| 215|0x0000000643c00000, 0x0000000643c00000, 0x0000000644000000|  0%| F|  |TAMS 0x0000000643c00000, 0x0000000643c00000| Untracked 
| 216|0x0000000644000000, 0x0000000644000000, 0x0000000644400000|  0%| F|  |TAMS 0x0000000644000000, 0x0000000644000000| Untracked 
| 217|0x0000000644400000, 0x0000000644400000, 0x0000000644800000|  0%| F|  |TAMS 0x0000000644400000, 0x0000000644400000| Untracked 
| 218|0x0000000644800000, 0x0000000644800000, 0x0000000644c00000|  0%| F|  |TAMS 0x0000000644800000, 0x0000000644800000| Untracked 
| 219|0x0000000644c00000, 0x0000000644c00000, 0x0000000645000000|  0%| F|  |TAMS 0x0000000644c00000, 0x0000000644c00000| Untracked 
| 220|0x0000000645000000, 0x0000000645000000, 0x0000000645400000|  0%| F|  |TAMS 0x0000000645000000, 0x0000000645000000| Untracked 
| 221|0x0000000645400000, 0x0000000645400000, 0x0000000645800000|  0%| F|  |TAMS 0x0000000645400000, 0x0000000645400000| Untracked 
| 222|0x0000000645800000, 0x0000000645800000, 0x0000000645c00000|  0%| F|  |TAMS 0x0000000645800000, 0x0000000645800000| Untracked 
| 223|0x0000000645c00000, 0x0000000645c00000, 0x0000000646000000|  0%| F|  |TAMS 0x0000000645c00000, 0x0000000645c00000| Untracked 
| 224|0x0000000646000000, 0x0000000646000000, 0x0000000646400000|  0%| F|  |TAMS 0x0000000646000000, 0x0000000646000000| Untracked 
| 225|0x0000000646400000, 0x0000000646400000, 0x0000000646800000|  0%| F|  |TAMS 0x0000000646400000, 0x0000000646400000| Untracked 
| 226|0x0000000646800000, 0x0000000646800000, 0x0000000646c00000|  0%| F|  |TAMS 0x0000000646800000, 0x0000000646800000| Untracked 
| 227|0x0000000646c00000, 0x0000000646c00000, 0x0000000647000000|  0%| F|  |TAMS 0x0000000646c00000, 0x0000000646c00000| Untracked 
| 228|0x0000000647000000, 0x0000000647000000, 0x0000000647400000|  0%| F|  |TAMS 0x0000000647000000, 0x0000000647000000| Untracked 
| 229|0x0000000647400000, 0x0000000647400000, 0x0000000647800000|  0%| F|  |TAMS 0x0000000647400000, 0x0000000647400000| Untracked 
| 230|0x0000000647800000, 0x0000000647800000, 0x0000000647c00000|  0%| F|  |TAMS 0x0000000647800000, 0x0000000647800000| Untracked 
| 231|0x0000000647c00000, 0x0000000647c00000, 0x0000000648000000|  0%| F|  |TAMS 0x0000000647c00000, 0x0000000647c00000| Untracked 
| 232|0x0000000648000000, 0x0000000648000000, 0x0000000648400000|  0%| F|  |TAMS 0x0000000648000000, 0x0000000648000000| Untracked 
| 233|0x0000000648400000, 0x0000000648400000, 0x0000000648800000|  0%| F|  |TAMS 0x0000000648400000, 0x0000000648400000| Untracked 
| 234|0x0000000648800000, 0x0000000648800000, 0x0000000648c00000|  0%| F|  |TAMS 0x0000000648800000, 0x0000000648800000| Untracked 
| 235|0x0000000648c00000, 0x0000000648c00000, 0x0000000649000000|  0%| F|  |TAMS 0x0000000648c00000, 0x0000000648c00000| Untracked 
| 236|0x0000000649000000, 0x0000000649000000, 0x0000000649400000|  0%| F|  |TAMS 0x0000000649000000, 0x0000000649000000| Untracked 
| 237|0x0000000649400000, 0x0000000649400000, 0x0000000649800000|  0%| F|  |TAMS 0x0000000649400000, 0x0000000649400000| Untracked 

Card table byte_map: [0x0000028f00f90000,0x0000028f01f20000] _byte_map_base: 0x0000028efdf20000

Marking Bits (Prev, Next): (CMBitMap*) 0x0000028f675d6fe0, (CMBitMap*) 0x0000028f675d7020
 Prev Bits: [0x0000028f02eb0000, 0x0000028f0ab30000)
 Next Bits: [0x0000028f0ab30000, 0x0000028f127b0000)

Polling page: 0x0000028f65ae0000

Metaspace:

Usage:
  Non-class:     68.23 MB used.
      Class:      8.59 MB used.
       Both:     76.82 MB used.

Virtual space:
  Non-class space:      128.00 MB reserved,      68.50 MB ( 54%) committed,  2 nodes.
      Class space:        1.00 GB reserved,       8.88 MB ( <1%) committed,  1 nodes.
             Both:        1.12 GB reserved,      77.38 MB (  7%) committed. 

Chunk freelists:
   Non-Class:  11.47 MB
       Class:  7.12 MB
        Both:  18.59 MB

MaxMetaspaceSize: unlimited
CompressedClassSpaceSize: 1.00 GB
Initial GC threshold: 21.00 MB
Current GC threshold: 128.75 MB
CDS: on
MetaspaceReclaimPolicy: balanced
 - commit_granule_bytes: 65536.
 - commit_granule_words: 8192.
 - virtual_space_node_default_size: 8388608.
 - enlarge_chunks_in_place: 1.
 - new_chunks_are_fully_committed: 0.
 - uncommit_free_chunks: 1.
 - use_allocation_guard: 0.
 - handle_deallocations: 1.


Internal statistics:

num_allocs_failed_limit: 6.
num_arena_births: 990.
num_arena_deaths: 0.
num_vsnodes_births: 3.
num_vsnodes_deaths: 0.
num_space_committed: 1236.
num_space_uncommitted: 0.
num_chunks_returned_to_freelist: 6.
num_chunks_taken_from_freelist: 3997.
num_chunk_merges: 6.
num_chunk_splits: 2910.
num_chunks_enlarged: 2231.
num_inconsistent_stats: 0.

CodeHeap 'non-profiled nmethods': size=119168Kb used=13100Kb max_used=13100Kb free=106067Kb
 bounds [0x0000028f76c70000, 0x0000028f77940000, 0x0000028f7e0d0000]
CodeHeap 'profiled nmethods': size=119104Kb used=40158Kb max_used=42247Kb free=78945Kb
 bounds [0x0000028f6f0d0000, 0x0000028f71a50000, 0x0000028f76520000]
CodeHeap 'non-nmethods': size=7488Kb used=3094Kb max_used=3199Kb free=4393Kb
 bounds [0x0000028f76520000, 0x0000028f76850000, 0x0000028f76c70000]
 total_blobs=14897 nmethods=14173 adapters=631
 compilation: enabled
              stopped_count=0, restarted_count=0
 full_count=0

Compilation events (20 events):
Event: 14.101 Thread 0x0000028f14a63710 nmethod 17353 0x0000028f7791e790 code [0x0000028f7791ebc0, 0x0000028f779232d8]
Event: 14.109 Thread 0x0000028f5a20cff0 nmethod 17325 0x0000028f77925610 code [0x0000028f77925dc0, 0x0000028f77930950]
Event: 14.147 Thread 0x0000028f63951800 17364       4       org.jetbrains.kotlin.name.ClassId::isNestedClass (19 bytes)
Event: 14.148 Thread 0x0000028f63951800 nmethod 17364 0x0000028f77935c10 code [0x0000028f77935da0, 0x0000028f77935ea8]
Event: 14.149 Thread 0x0000028f5a20cff0 17365       4       org.jetbrains.org.objectweb.asm.ClassReader::readConst (276 bytes)
Event: 14.152 Thread 0x0000028f63951800 17366       4       com.intellij.util.CachedValueBase::normalizeDependencies (75 bytes)
Event: 14.152 Thread 0x0000028f5a5250f0 17367       4       com.intellij.util.CachedValueBase::collectDependencies (85 bytes)
Event: 14.153 Thread 0x0000028f5a2b9bc0 17368       4       com.intellij.util.CachedValueBase$Data::<init> (67 bytes)
Event: 14.153 Thread 0x0000028f14a63710 17369       4       com.intellij.openapi.project.DumbService::filterByDumbAwareness (105 bytes)
Event: 14.154 Thread 0x0000028f14a63710 nmethod 17369 0x0000028f77936010 code [0x0000028f77936180, 0x0000028f77936298]
Event: 14.156 Thread 0x0000028f5a2b9bc0 nmethod 17368 0x0000028f77936390 code [0x0000028f77936520, 0x0000028f77936a78]
Event: 14.156 Thread 0x0000028f14a63710 17370       4       java.io.RandomAccessFile::readFully (45 bytes)
Event: 14.157 Thread 0x0000028f14a63710 nmethod 17370 0x0000028f77936b90 code [0x0000028f77936d20, 0x0000028f77936e08]
Event: 14.159 Thread 0x0000028f5a20cff0 nmethod 17365 0x0000028f77936f10 code [0x0000028f77937160, 0x0000028f77937d40]
Event: 14.160 Thread 0x0000028f5a5250f0 nmethod 17367 0x0000028f77938890 code [0x0000028f77938a40, 0x0000028f779393d8]
Event: 14.162 Thread 0x0000028f63951800 nmethod 17366 0x0000028f77939810 code [0x0000028f779399e0, 0x0000028f7793a698]
Event: 14.165 Thread 0x0000028f5a2b9bc0 17371       4       org.jetbrains.org.objectweb.asm.ClassVisitor::visitOuterClass (18 bytes)
Event: 14.165 Thread 0x0000028f5a2b9bc0 nmethod 17371 0x0000028f7793af10 code [0x0000028f7793b080, 0x0000028f7793b118]
Event: 14.170 Thread 0x0000028f14a6c1d0 17372       3       org.jetbrains.org.objectweb.asm.ClassReader::readElementValue (1237 bytes)
Event: 14.172 Thread 0x0000028f14a6c1d0 nmethod 17372 0x0000028f7190e410 code [0x0000028f7190ec40, 0x0000028f71913318]

GC Heap History (20 events):
Event: 10.254 GC heap after
{Heap after GC invocations=28 (full 0):
 garbage-first heap   total 352256K, used 184280K [0x000000060e000000, 0x0000000800000000)
  region size 4096K, 4 young (16384K), 4 survivors (16384K)
 Metaspace       used 77625K, committed 78272K, reserved 1179648K
  class space    used 8688K, committed 9024K, reserved 1048576K
}
Event: 10.391 GC heap before
{Heap before GC invocations=29 (full 0):
 garbage-first heap   total 417792K, used 274392K [0x000000060e000000, 0x0000000800000000)
  region size 4096K, 26 young (106496K), 4 survivors (16384K)
 Metaspace       used 77655K, committed 78272K, reserved 1179648K
  class space    used 8690K, committed 9024K, reserved 1048576K
}
Event: 10.394 GC heap after
{Heap after GC invocations=30 (full 0):
 garbage-first heap   total 417792K, used 192779K [0x000000060e000000, 0x0000000800000000)
  region size 4096K, 3 young (12288K), 3 survivors (12288K)
 Metaspace       used 77655K, committed 78272K, reserved 1179648K
  class space    used 8690K, committed 9024K, reserved 1048576K
}
Event: 10.852 GC heap before
{Heap before GC invocations=30 (full 0):
 garbage-first heap   total 417792K, used 323851K [0x000000060e000000, 0x0000000800000000)
  region size 4096K, 35 young (143360K), 3 survivors (12288K)
 Metaspace       used 78438K, committed 79040K, reserved 1179648K
  class space    used 8779K, committed 9088K, reserved 1048576K
}
Event: 10.857 GC heap after
{Heap after GC invocations=31 (full 0):
 garbage-first heap   total 417792K, used 210332K [0x000000060e000000, 0x0000000800000000)
  region size 4096K, 5 young (20480K), 5 survivors (20480K)
 Metaspace       used 78438K, committed 79040K, reserved 1179648K
  class space    used 8779K, committed 9088K, reserved 1048576K
}
Event: 10.984 GC heap before
{Heap before GC invocations=31 (full 0):
 garbage-first heap   total 417792K, used 325020K [0x000000060e000000, 0x0000000800000000)
  region size 4096K, 33 young (135168K), 5 survivors (20480K)
 Metaspace       used 78479K, committed 79104K, reserved 1179648K
  class space    used 8784K, committed 9088K, reserved 1048576K
}
Event: 10.990 GC heap after
{Heap after GC invocations=32 (full 0):
 garbage-first heap   total 417792K, used 224375K [0x000000060e000000, 0x0000000800000000)
  region size 4096K, 4 young (16384K), 4 survivors (16384K)
 Metaspace       used 78479K, committed 79104K, reserved 1179648K
  class space    used 8784K, committed 9088K, reserved 1048576K
}
Event: 11.164 GC heap before
{Heap before GC invocations=33 (full 0):
 garbage-first heap   total 487424K, used 330871K [0x000000060e000000, 0x0000000800000000)
  region size 4096K, 30 young (122880K), 4 survivors (16384K)
 Metaspace       used 78504K, committed 79104K, reserved 1179648K
  class space    used 8784K, committed 9088K, reserved 1048576K
}
Event: 11.169 GC heap after
{Heap after GC invocations=34 (full 0):
 garbage-first heap   total 487424K, used 241425K [0x000000060e000000, 0x0000000800000000)
  region size 4096K, 4 young (16384K), 4 survivors (16384K)
 Metaspace       used 78504K, committed 79104K, reserved 1179648K
  class space    used 8784K, committed 9088K, reserved 1048576K
}
Event: 11.174 GC heap before
{Heap before GC invocations=34 (full 0):
 garbage-first heap   total 487424K, used 245521K [0x000000060e000000, 0x0000000800000000)
  region size 4096K, 5 young (20480K), 4 survivors (16384K)
 Metaspace       used 78504K, committed 79104K, reserved 1179648K
  class space    used 8784K, committed 9088K, reserved 1048576K
}
Event: 11.178 GC heap after
{Heap after GC invocations=35 (full 0):
 garbage-first heap   total 974848K, used 245094K [0x000000060e000000, 0x0000000800000000)
  region size 4096K, 1 young (4096K), 1 survivors (4096K)
 Metaspace       used 78504K, committed 79104K, reserved 1179648K
  class space    used 8784K, committed 9088K, reserved 1048576K
}
Event: 12.489 GC heap before
{Heap before GC invocations=35 (full 0):
 garbage-first heap   total 974848K, used 724326K [0x000000060e000000, 0x0000000800000000)
  region size 4096K, 118 young (483328K), 1 survivors (4096K)
 Metaspace       used 78574K, committed 79168K, reserved 1179648K
  class space    used 8788K, committed 9088K, reserved 1048576K
}
Event: 12.509 GC heap after
{Heap after GC invocations=36 (full 0):
 garbage-first heap   total 974848K, used 334764K [0x000000060e000000, 0x0000000800000000)
  region size 4096K, 15 young (61440K), 15 survivors (61440K)
 Metaspace       used 78574K, committed 79168K, reserved 1179648K
  class space    used 8788K, committed 9088K, reserved 1048576K
}
Event: 13.052 GC heap before
{Heap before GC invocations=36 (full 0):
 garbage-first heap   total 974848K, used 666540K [0x000000060e000000, 0x0000000800000000)
  region size 4096K, 96 young (393216K), 15 survivors (61440K)
 Metaspace       used 78635K, committed 79232K, reserved 1179648K
  class space    used 8791K, committed 9088K, reserved 1048576K
}
Event: 13.074 GC heap after
{Heap after GC invocations=37 (full 0):
 garbage-first heap   total 974848K, used 396067K [0x000000060e000000, 0x0000000800000000)
  region size 4096K, 12 young (49152K), 12 survivors (49152K)
 Metaspace       used 78635K, committed 79232K, reserved 1179648K
  class space    used 8791K, committed 9088K, reserved 1048576K
}
Event: 13.350 GC heap before
{Heap before GC invocations=37 (full 0):
 garbage-first heap   total 974848K, used 699171K [0x000000060e000000, 0x0000000800000000)
  region size 4096K, 86 young (352256K), 12 survivors (49152K)
 Metaspace       used 78650K, committed 79232K, reserved 1179648K
  class space    used 8793K, committed 9088K, reserved 1048576K
}
Event: 13.366 GC heap after
{Heap after GC invocations=38 (full 0):
 garbage-first heap   total 974848K, used 448281K [0x000000060e000000, 0x0000000800000000)
  region size 4096K, 11 young (45056K), 11 survivors (45056K)
 Metaspace       used 78650K, committed 79232K, reserved 1179648K
  class space    used 8793K, committed 9088K, reserved 1048576K
}
Event: 13.823 GC heap before
{Heap before GC invocations=38 (full 0):
 garbage-first heap   total 974848K, used 735001K [0x000000060e000000, 0x0000000800000000)
  region size 4096K, 81 young (331776K), 11 survivors (45056K)
 Metaspace       used 78653K, committed 79232K, reserved 1179648K
  class space    used 8793K, committed 9088K, reserved 1048576K
}
Event: 13.839 GC heap after
{Heap after GC invocations=39 (full 0):
 garbage-first heap   total 974848K, used 499712K [0x000000060e000000, 0x0000000800000000)
  region size 4096K, 11 young (45056K), 11 survivors (45056K)
 Metaspace       used 78653K, committed 79232K, reserved 1179648K
  class space    used 8793K, committed 9088K, reserved 1048576K
}
Event: 14.173 GC heap before
{Heap before GC invocations=39 (full 0):
 garbage-first heap   total 974848K, used 761856K [0x000000060e000000, 0x0000000800000000)
  region size 4096K, 75 young (307200K), 11 survivors (45056K)
 Metaspace       used 78658K, committed 79232K, reserved 1179648K
  class space    used 8794K, committed 9088K, reserved 1048576K
}

Dll operation events (8 events):
Event: 0.006 Loaded shared library C:\Program Files\Eclipse Adoptium\jdk-17.0.15.6-hotspot\bin\java.dll
Event: 0.014 Loaded shared library C:\Program Files\Eclipse Adoptium\jdk-17.0.15.6-hotspot\bin\jsvml.dll
Event: 0.051 Loaded shared library C:\Program Files\Eclipse Adoptium\jdk-17.0.15.6-hotspot\bin\net.dll
Event: 0.052 Loaded shared library C:\Program Files\Eclipse Adoptium\jdk-17.0.15.6-hotspot\bin\nio.dll
Event: 0.054 Loaded shared library C:\Program Files\Eclipse Adoptium\jdk-17.0.15.6-hotspot\bin\zip.dll
Event: 0.090 Loaded shared library C:\Program Files\Eclipse Adoptium\jdk-17.0.15.6-hotspot\bin\jimage.dll
Event: 0.662 Loaded shared library C:\Program Files\Eclipse Adoptium\jdk-17.0.15.6-hotspot\bin\verify.dll
Event: 1.482 Loaded shared library C:\Users\CHSey\AppData\Local\Temp\sqlite-3.41.2.1-6572339a-92e3-4138-ab55-a776a3ceb0c1-sqlitejdbc.dll

Deoptimization events (20 events):
Event: 13.790 Thread 0x0000028f8238c460 Uncommon trap: trap_request=0xffffffbe fr.pc=0x0000028f778b0f78 relative=0x00000000000005f8
Event: 13.790 Thread 0x0000028f8238c460 Uncommon trap: reason=profile_predicate action=maybe_recompile pc=0x0000028f778b0f78 method=org.jetbrains.kotlin.descriptors.impl.CompositePackageFragmentProvider.collectPackageFragments(Lorg/jetbrains/kotlin/name/FqName;Ljava/util/Collection;)V @ 28 c2
Event: 13.790 Thread 0x0000028f8238c460 DEOPT PACKING pc=0x0000028f778b0f78 sp=0x000000a6d6bfd410
Event: 13.790 Thread 0x0000028f8238c460 DEOPT UNPACKING pc=0x0000028f7657a1a3 sp=0x000000a6d6bfd3a8 mode 2
Event: 13.790 Thread 0x0000028f8238c460 Uncommon trap: trap_request=0xffffffbe fr.pc=0x0000028f778b0f78 relative=0x00000000000005f8
Event: 13.790 Thread 0x0000028f8238c460 Uncommon trap: reason=profile_predicate action=maybe_recompile pc=0x0000028f778b0f78 method=org.jetbrains.kotlin.descriptors.impl.CompositePackageFragmentProvider.collectPackageFragments(Lorg/jetbrains/kotlin/name/FqName;Ljava/util/Collection;)V @ 28 c2
Event: 13.791 Thread 0x0000028f8238c460 DEOPT PACKING pc=0x0000028f778b0f78 sp=0x000000a6d6bfdf10
Event: 13.791 Thread 0x0000028f8238c460 DEOPT UNPACKING pc=0x0000028f7657a1a3 sp=0x000000a6d6bfdea8 mode 2
Event: 13.791 Thread 0x0000028f8238c460 Uncommon trap: trap_request=0xffffffbe fr.pc=0x0000028f778b0f78 relative=0x00000000000005f8
Event: 13.791 Thread 0x0000028f8238c460 Uncommon trap: reason=profile_predicate action=maybe_recompile pc=0x0000028f778b0f78 method=org.jetbrains.kotlin.descriptors.impl.CompositePackageFragmentProvider.collectPackageFragments(Lorg/jetbrains/kotlin/name/FqName;Ljava/util/Collection;)V @ 28 c2
Event: 13.791 Thread 0x0000028f8238c460 DEOPT PACKING pc=0x0000028f778b0f78 sp=0x000000a6d6bfde30
Event: 13.791 Thread 0x0000028f8238c460 DEOPT UNPACKING pc=0x0000028f7657a1a3 sp=0x000000a6d6bfddc8 mode 2
Event: 13.978 Thread 0x0000028f8238c460 Uncommon trap: trap_request=0xffffffdc fr.pc=0x0000028f778e6994 relative=0x00000000000001d4
Event: 13.978 Thread 0x0000028f8238c460 Uncommon trap: reason=class_check action=make_not_entrant pc=0x0000028f778e6994 method=org.jetbrains.kotlin.utils.SmartList.toArray([Ljava/lang/Object;)[Ljava/lang/Object; @ 94 c2
Event: 13.978 Thread 0x0000028f8238c460 DEOPT PACKING pc=0x0000028f778e6994 sp=0x000000a6d6bfd2c0
Event: 13.978 Thread 0x0000028f8238c460 DEOPT UNPACKING pc=0x0000028f7657a1a3 sp=0x000000a6d6bfd270 mode 2
Event: 14.153 Thread 0x0000028f8238c460 Uncommon trap: trap_request=0xffffff45 fr.pc=0x0000028f77826e24 relative=0x0000000000003784
Event: 14.153 Thread 0x0000028f8238c460 Uncommon trap: reason=unstable_if action=reinterpret pc=0x0000028f77826e24 method=org.jetbrains.org.objectweb.asm.ClassReader.readElementValue(Lorg/jetbrains/org/objectweb/asm/AnnotationVisitor;ILjava/lang/String;[C)I @ 18 c2
Event: 14.153 Thread 0x0000028f8238c460 DEOPT PACKING pc=0x0000028f77826e24 sp=0x000000a6d6bfdd40
Event: 14.153 Thread 0x0000028f8238c460 DEOPT UNPACKING pc=0x0000028f7657a1a3 sp=0x000000a6d6bfdcd0 mode 2

Classes loaded (20 events):
Event: 4.451 Loading class java/util/stream/IntPipeline$1$1
Event: 4.451 Loading class java/util/stream/IntPipeline$1$1 done
Event: 4.518 Loading class java/util/stream/SliceOps
Event: 4.519 Loading class java/util/stream/SliceOps done
Event: 4.519 Loading class java/util/stream/SliceOps$1
Event: 4.519 Loading class java/util/stream/SliceOps$1 done
Event: 4.519 Loading class java/util/stream/SliceOps$1$1
Event: 4.520 Loading class java/util/stream/SliceOps$1$1 done
Event: 4.639 Loading class java/util/RegularEnumSet$EnumSetIterator
Event: 4.639 Loading class java/util/RegularEnumSet$EnumSetIterator done
Event: 6.454 Loading class java/util/function/IntBinaryOperator
Event: 6.454 Loading class java/util/function/IntBinaryOperator done
Event: 6.576 Loading class java/util/concurrent/CompletableFuture$AsyncRun
Event: 6.576 Loading class java/util/concurrent/CompletableFuture$AsyncRun done
Event: 6.759 Loading class java/util/concurrent/ConcurrentLinkedQueue$Itr
Event: 6.760 Loading class java/util/concurrent/ConcurrentLinkedQueue$Itr done
Event: 6.769 Loading class java/util/concurrent/locks/ReentrantReadWriteLock$Sync$HoldCounter
Event: 6.769 Loading class java/util/concurrent/locks/ReentrantReadWriteLock$Sync$HoldCounter done
Event: 10.540 Loading class java/text/ChoiceFormat
Event: 10.541 Loading class java/text/ChoiceFormat done

Classes unloaded (0 events):
No events

Classes redefined (0 events):
No events

Internal exceptions (20 events):
Event: 5.837 Thread 0x0000028f64ab0bd0 Exception <a 'java/lang/NoSuchMethodError'{0x000000062ad2c1b8}: 'java.lang.Object java.lang.invoke.DirectMethodHandle$Holder.invokeSpecial(java.lang.Object, java.lang.Object, java.lang.Object, java.lang.Object, java.lang.Object, java.lang.Object, java.lang.Object, java.lang.Object, java.lang.Object, java.lang.Object)'> (0x000000062ad2c1b8) 
thrown [s\src\hotspot\share\interpreter\linkResolver.cpp, line 759]
Event: 5.838 Thread 0x0000028f64ab0bd0 Exception <a 'java/lang/NoSuchMethodError'{0x000000062ad30738}: 'java.lang.Object java.lang.invoke.Invokers$Holder.linkToTargetMethod(java.lang.Object, java.lang.Object, java.lang.Object, java.lang.Object, java.lang.Object, java.lang.Object, java.lang.Object, java.lang.Object, java.lang.Object)'> (0x000000062ad30738) 
thrown [s\src\hotspot\share\interpreter\linkResolver.cpp, line 759]
Event: 5.962 Thread 0x0000028f64ab0bd0 Exception <a 'java/lang/NoSuchMethodError'{0x000000061ea62018}: 'java.lang.Object java.lang.invoke.DirectMethodHandle$Holder.newInvokeSpecial(java.lang.Object, int, java.lang.Object, java.lang.Object)'> (0x000000061ea62018) 
thrown [s\src\hotspot\share\interpreter\linkResolver.cpp, line 759]
Event: 5.962 Thread 0x0000028f64ab0bd0 Exception <a 'java/lang/NoSuchMethodError'{0x000000061ea670c8}: 'java.lang.Object java.lang.invoke.DirectMethodHandle$Holder.invokeSpecial(java.lang.Object, java.lang.Object, int, java.lang.Object, java.lang.Object)'> (0x000000061ea670c8) 
thrown [s\src\hotspot\share\interpreter\linkResolver.cpp, line 759]
Event: 6.125 Thread 0x0000028f64ab0bd0 Implicit null exception at 0x0000028f76fabf7c to 0x0000028f76fad43c
Event: 6.557 Thread 0x0000028f64ab0bd0 Exception <a 'java/lang/NoSuchMethodError'{0x000000061c8025a0}: 'java.lang.Object java.lang.invoke.DirectMethodHandle$Holder.invokeStatic(java.lang.Object, int, int, java.lang.Object)'> (0x000000061c8025a0) 
thrown [s\src\hotspot\share\interpreter\linkResolver.cpp, line 759]
Event: 6.609 Thread 0x0000028f6480d400 Implicit null exception at 0x0000028f7721fd0b to 0x0000028f77221218
Event: 6.609 Thread 0x0000028f6480d400 Implicit null exception at 0x0000028f76d619f7 to 0x0000028f76d61b00
Event: 6.683 Thread 0x0000028f64b1a710 Exception <a 'java/lang/NoSuchMethodError'{0x000000061c656158}: 'java.lang.Object java.lang.invoke.DirectMethodHandle$Holder.newInvokeSpecial(java.lang.Object, java.lang.Object, java.lang.Object, java.lang.Object, long)'> (0x000000061c656158) 
thrown [s\src\hotspot\share\interpreter\linkResolver.cpp, line 759]
Event: 6.683 Thread 0x0000028f64b1a710 Exception <a 'java/lang/NoSuchMethodError'{0x0000000619f0cc50}: 'java.lang.Object java.lang.invoke.DirectMethodHandle$Holder.invokeSpecial(java.lang.Object, java.lang.Object, java.lang.Object, java.lang.Object, java.lang.Object, long)'> (0x0000000619f0cc50) 
thrown [s\src\hotspot\share\interpreter\linkResolver.cpp, line 759]
Event: 6.683 Thread 0x0000028f64b1a710 Exception <a 'java/lang/NoSuchMethodError'{0x0000000619f10648}: 'java.lang.Object java.lang.invoke.Invokers$Holder.linkToTargetMethod(java.lang.Object, java.lang.Object, java.lang.Object, long, java.lang.Object)'> (0x0000000619f10648) 
thrown [s\src\hotspot\share\interpreter\linkResolver.cpp, line 759]
Event: 7.636 Thread 0x0000028f6480d400 Exception <a 'java/lang/NoSuchMethodError'{0x000000061e0dfc38}: 'java.lang.Object java.lang.invoke.DirectMethodHandle$Holder.newInvokeSpecial(java.lang.Object, java.lang.Object, java.lang.Object, java.lang.Object, java.lang.Object, java.lang.Object, java.lang.Object, java.lang.Object, java.lang.Object, java.lang.Object, java.lang.Object)'> (0x000000061e0dfc38) 
thrown [s\src\hotspot\share\interpreter\linkResolver.cpp, line 759]
Event: 7.636 Thread 0x0000028f6480d400 Exception <a 'java/lang/NoSuchMethodError'{0x000000061e0e52d0}: 'java.lang.Object java.lang.invoke.DirectMethodHandle$Holder.invokeSpecial(java.lang.Object, java.lang.Object, java.lang.Object, java.lang.Object, java.lang.Object, java.lang.Object, java.lang.Object, java.lang.Object, java.lang.Object, java.lang.Object, java.lang.Object, java.lang.Object)'> (0x000000061e0e52d0) 
thrown [s\src\hotspot\share\interpreter\linkResolver.cpp, line 759]
Event: 7.636 Thread 0x0000028f6480d400 Exception <a 'java/lang/NoSuchMethodError'{0x000000061e0ea128}: 'java.lang.Object java.lang.invoke.Invokers$Holder.linkToTargetMethod(java.lang.Object, java.lang.Object, java.lang.Object, java.lang.Object, java.lang.Object, java.lang.Object, java.lang.Object, java.lang.Object, java.lang.Object, java.lang.Object, java.lang.Object)'> (0x000000061e0ea128) 
thrown [s\src\hotspot\share\interpreter\linkResolver.cpp, line 759]
Event: 7.709 Thread 0x0000028f6480d400 Exception <a 'java/lang/IncompatibleClassChangeError'{0x000000061dd05438}: Found class java.lang.Object, but interface was expected> (0x000000061dd05438) 
thrown [s\src\hotspot\share\interpreter\linkResolver.cpp, line 826]
Event: 7.710 Thread 0x0000028f6480d400 Exception <a 'java/lang/NoSuchMethodError'{0x000000061dd08e78}: 'int java.lang.invoke.DirectMethodHandle$Holder.invokeSpecialIFC(java.lang.Object, java.lang.Object, java.lang.Object)'> (0x000000061dd08e78) 
thrown [s\src\hotspot\share\interpreter\linkResolver.cpp, line 759]
Event: 9.242 Thread 0x0000028f6480d400 Implicit null exception at 0x0000028f77234d4c to 0x0000028f77234f00
Event: 10.882 Thread 0x0000028f8238c460 Implicit null exception at 0x0000028f76d8d2ac to 0x0000028f76d8d33c
Event: 12.924 Thread 0x0000028f8238c460 Implicit null exception at 0x0000028f7781ee67 to 0x0000028f77821450
Event: 13.188 Thread 0x0000028f8238c460 Implicit null exception at 0x0000028f771b48a5 to 0x0000028f771b5c14

VM Operations (20 events):
Event: 11.200 Executing VM operation: HandshakeAllThreads done
Event: 12.203 Executing VM operation: Cleanup
Event: 12.203 Executing VM operation: Cleanup done
Event: 12.319 Executing VM operation: HandshakeAllThreads
Event: 12.319 Executing VM operation: HandshakeAllThreads done
Event: 12.489 Executing VM operation: G1CollectForAllocation
Event: 12.509 Executing VM operation: G1CollectForAllocation done
Event: 13.004 Executing VM operation: HandshakeAllThreads
Event: 13.005 Executing VM operation: HandshakeAllThreads done
Event: 13.052 Executing VM operation: G1CollectForAllocation
Event: 13.074 Executing VM operation: G1CollectForAllocation done
Event: 13.172 Executing VM operation: HandshakeAllThreads
Event: 13.172 Executing VM operation: HandshakeAllThreads done
Event: 13.220 Executing VM operation: HandshakeAllThreads
Event: 13.220 Executing VM operation: HandshakeAllThreads done
Event: 13.350 Executing VM operation: G1CollectForAllocation
Event: 13.366 Executing VM operation: G1CollectForAllocation done
Event: 13.823 Executing VM operation: G1CollectForAllocation
Event: 13.839 Executing VM operation: G1CollectForAllocation done
Event: 14.173 Executing VM operation: G1CollectForAllocation

Memory protections (0 events):
No events

Nmethod flushes (20 events):
Event: 13.250 Thread 0x0000028f14a895a0 flushing  nmethod 0x0000028f70afd190
Event: 13.252 Thread 0x0000028f14a895a0 flushing  nmethod 0x0000028f70be5b10
Event: 13.256 Thread 0x0000028f14a895a0 flushing  nmethod 0x0000028f70f55310
Event: 13.259 Thread 0x0000028f14a895a0 flushing  nmethod 0x0000028f711d3010
Event: 13.263 Thread 0x0000028f14a895a0 flushing  nmethod 0x0000028f71441990
Event: 13.264 Thread 0x0000028f14a895a0 flushing  nmethod 0x0000028f71554790
Event: 13.264 Thread 0x0000028f14a895a0 flushing  nmethod 0x0000028f71560690
Event: 13.266 Thread 0x0000028f14a895a0 flushing  nmethod 0x0000028f71616790
Event: 13.269 Thread 0x0000028f14a895a0 flushing  nmethod 0x0000028f718b3b90
Event: 13.269 Thread 0x0000028f14a895a0 flushing  nmethod 0x0000028f7190e410
Event: 13.269 Thread 0x0000028f14a895a0 flushing  nmethod 0x0000028f7193a090
Event: 13.269 Thread 0x0000028f14a895a0 flushing  nmethod 0x0000028f7195b190
Event: 13.269 Thread 0x0000028f14a895a0 flushing  nmethod 0x0000028f7196bd10
Event: 13.269 Thread 0x0000028f14a895a0 flushing  nmethod 0x0000028f7196d210
Event: 13.269 Thread 0x0000028f14a895a0 flushing  nmethod 0x0000028f7196d710
Event: 13.269 Thread 0x0000028f14a895a0 flushing  nmethod 0x0000028f7196e590
Event: 13.269 Thread 0x0000028f14a895a0 flushing  nmethod 0x0000028f7196f410
Event: 13.269 Thread 0x0000028f14a895a0 flushing  nmethod 0x0000028f71971910
Event: 13.269 Thread 0x0000028f14a895a0 flushing  nmethod 0x0000028f7197fe90
Event: 13.269 Thread 0x0000028f14a895a0 flushing  nmethod 0x0000028f719aa810

Events (20 events):
Event: 0.065 Thread 0x0000028f14a63710 Thread added: 0x0000028f14c59910
Event: 0.162 Thread 0x0000028f14bcbf00 Thread added: 0x0000028f5a20cff0
Event: 0.162 Thread 0x0000028f14b999e0 Thread added: 0x0000028f5a2b9bc0
Event: 0.164 Thread 0x0000028f5a2b9bc0 Thread added: 0x0000028f5a5250f0
Event: 0.277 Thread 0x0000028f14bcbf00 Thread added: 0x0000028f5a96a7a0
Event: 1.179 Thread 0x0000028f65c0e940 Thread added: 0x0000028f64388030
Event: 1.181 Thread 0x0000028f64388030 Thread exited: 0x0000028f64388030
Event: 1.380 Thread 0x0000028f65c0e940 Thread added: 0x0000028f6498e620
Event: 1.380 Thread 0x0000028f65c0e940 Thread exited: 0x0000028f65c0e940
Event: 1.380 Thread 0x0000028f65c0e940 Thread added: 0x0000028f65c0e940
Event: 1.416 Thread 0x0000028f6498e620 Thread added: 0x0000028f63ae1a70
Event: 1.783 Thread 0x0000028f63ae1a70 Thread added: 0x0000028f63de6500
Event: 1.851 Thread 0x0000028f5a20cff0 Thread added: 0x0000028f6369cf50
Event: 1.851 Thread 0x0000028f5a20cff0 Thread added: 0x0000028f63951800
Event: 1.851 Thread 0x0000028f5a20cff0 Thread added: 0x0000028f645f5ab0
Event: 1.936 Thread 0x0000028f63ae1a70 Thread added: 0x0000028f6480d400
Event: 2.211 Thread 0x0000028f6498e620 Thread added: 0x0000028f64ab0bd0
Event: 6.576 Thread 0x0000028f64ab0bd0 Thread added: 0x0000028f64b1a710
Event: 10.470 Thread 0x0000028f6498e620 Thread added: 0x0000028f8238c460
Event: 14.147 Thread 0x0000028f645f5ab0 Thread exited: 0x0000028f645f5ab0


Dynamic libraries:
0x00007ff7e91a0000 - 0x00007ff7e91ae000 	C:\Program Files\Eclipse Adoptium\jdk-17.0.15.6-hotspot\bin\java.exe
0x00007ffa90240000 - 0x00007ffa904a8000 	C:\WINDOWS\SYSTEM32\ntdll.dll
0x00007ffa8e760000 - 0x00007ffa8e829000 	C:\WINDOWS\System32\KERNEL32.DLL
0x00007ffa8d6e0000 - 0x00007ffa8dacd000 	C:\WINDOWS\System32\KERNELBASE.dll
0x00007ffa8de90000 - 0x00007ffa8dfdb000 	C:\WINDOWS\System32\ucrtbase.dll
0x00007ffa75a80000 - 0x00007ffa75a97000 	C:\Program Files\Eclipse Adoptium\jdk-17.0.15.6-hotspot\bin\jli.dll
0x00007ffa75a60000 - 0x00007ffa75a7e000 	C:\Program Files\Eclipse Adoptium\jdk-17.0.15.6-hotspot\bin\VCRUNTIME140.dll
0x00007ffa8e890000 - 0x00007ffa8ea5c000 	C:\WINDOWS\System32\USER32.dll
0x00007ffa8d600000 - 0x00007ffa8d627000 	C:\WINDOWS\System32\win32u.dll
0x00007ffa8dfe0000 - 0x00007ffa8e00b000 	C:\WINDOWS\System32\GDI32.dll
0x00007ffa8d4c0000 - 0x00007ffa8d5f7000 	C:\WINDOWS\System32\gdi32full.dll
0x00007ffa76470000 - 0x00007ffa7670a000 	C:\WINDOWS\WinSxS\amd64_microsoft.windows.common-controls_6595b64144ccf1df_6.0.26100.4484_none_3e0e6d4ce32ef3b3\COMCTL32.dll
0x00007ffa8d630000 - 0x00007ffa8d6d3000 	C:\WINDOWS\System32\msvcp_win.dll
0x00007ffa8fb70000 - 0x00007ffa8fc19000 	C:\WINDOWS\System32\msvcrt.dll
0x00007ffa90070000 - 0x00007ffa9009f000 	C:\WINDOWS\System32\IMM32.DLL
0x00007ffa89860000 - 0x00007ffa8986c000 	C:\Program Files\Eclipse Adoptium\jdk-17.0.15.6-hotspot\bin\vcruntime140_1.dll
0x00007ffa755a0000 - 0x00007ffa7562d000 	C:\Program Files\Eclipse Adoptium\jdk-17.0.15.6-hotspot\bin\msvcp140.dll
0x00007ff9d9cb0000 - 0x00007ff9da91b000 	C:\Program Files\Eclipse Adoptium\jdk-17.0.15.6-hotspot\bin\server\jvm.dll
0x00007ffa8fc20000 - 0x00007ffa8fcd4000 	C:\WINDOWS\System32\ADVAPI32.dll
0x00007ffa8f2c0000 - 0x00007ffa8f366000 	C:\WINDOWS\System32\sechost.dll
0x00007ffa900b0000 - 0x00007ffa901c8000 	C:\WINDOWS\System32\RPCRT4.dll
0x00007ffa8f370000 - 0x00007ffa8f3e4000 	C:\WINDOWS\System32\WS2_32.dll
0x00007ffa8c210000 - 0x00007ffa8c26e000 	C:\WINDOWS\SYSTEM32\POWRPROF.dll
0x00007ffa85940000 - 0x00007ffa8594b000 	C:\WINDOWS\SYSTEM32\VERSION.dll
0x00007ffa80ab0000 - 0x00007ffa80ae5000 	C:\WINDOWS\SYSTEM32\WINMM.dll
0x00007ffa8c1b0000 - 0x00007ffa8c1c4000 	C:\WINDOWS\SYSTEM32\UMPDC.dll
0x00007ffa8c1f0000 - 0x00007ffa8c20b000 	C:\WINDOWS\SYSTEM32\kernel.appcore.dll
0x00007ffa75a50000 - 0x00007ffa75a5a000 	C:\Program Files\Eclipse Adoptium\jdk-17.0.15.6-hotspot\bin\jimage.dll
0x00007ffa811f0000 - 0x00007ffa81431000 	C:\WINDOWS\SYSTEM32\DBGHELP.DLL
0x00007ffa8fce0000 - 0x00007ffa90066000 	C:\WINDOWS\System32\combase.dll
0x00007ffa8f880000 - 0x00007ffa8f960000 	C:\WINDOWS\System32\OLEAUT32.dll
0x00007ffa70190000 - 0x00007ffa701d3000 	C:\WINDOWS\SYSTEM32\dbgcore.DLL
0x00007ffa8d420000 - 0x00007ffa8d4b9000 	C:\WINDOWS\System32\bcryptPrimitives.dll
0x00007ffa75860000 - 0x00007ffa75885000 	C:\Program Files\Eclipse Adoptium\jdk-17.0.15.6-hotspot\bin\java.dll
0x00007ffa74f00000 - 0x00007ffa74fd7000 	C:\Program Files\Eclipse Adoptium\jdk-17.0.15.6-hotspot\bin\jsvml.dll
0x00007ffa8e010000 - 0x00007ffa8e75a000 	C:\WINDOWS\System32\SHELL32.dll
0x00007ffa8db90000 - 0x00007ffa8dd04000 	C:\WINDOWS\System32\wintypes.dll
0x00007ffa8afc0000 - 0x00007ffa8b81b000 	C:\WINDOWS\SYSTEM32\windows.storage.dll
0x00007ffa8f780000 - 0x00007ffa8f875000 	C:\WINDOWS\System32\SHCORE.dll
0x00007ffa8eef0000 - 0x00007ffa8ef5a000 	C:\WINDOWS\System32\shlwapi.dll
0x00007ffa8d2a0000 - 0x00007ffa8d2cf000 	C:\WINDOWS\SYSTEM32\profapi.dll
0x00007ffa75a30000 - 0x00007ffa75a49000 	C:\Program Files\Eclipse Adoptium\jdk-17.0.15.6-hotspot\bin\net.dll
0x00007ffa85e30000 - 0x00007ffa85f4e000 	C:\WINDOWS\SYSTEM32\WINHTTP.dll
0x00007ffa8c7e0000 - 0x00007ffa8c84a000 	C:\WINDOWS\system32\mswsock.dll
0x00007ffa756f0000 - 0x00007ffa75706000 	C:\Program Files\Eclipse Adoptium\jdk-17.0.15.6-hotspot\bin\nio.dll
0x00007ffa756d0000 - 0x00007ffa756e8000 	C:\Program Files\Eclipse Adoptium\jdk-17.0.15.6-hotspot\bin\zip.dll
0x00007ffa8ca90000 - 0x00007ffa8caab000 	C:\WINDOWS\SYSTEM32\CRYPTSP.dll
0x00007ffa8c110000 - 0x00007ffa8c14a000 	C:\WINDOWS\system32\rsaenh.dll
0x00007ffa8c880000 - 0x00007ffa8c8ab000 	C:\WINDOWS\SYSTEM32\USERENV.dll
0x00007ffa8d270000 - 0x00007ffa8d296000 	C:\WINDOWS\SYSTEM32\bcrypt.dll
0x00007ffa8cab0000 - 0x00007ffa8cabc000 	C:\WINDOWS\SYSTEM32\CRYPTBASE.dll
0x00007ffa8bb10000 - 0x00007ffa8bb43000 	C:\WINDOWS\SYSTEM32\IPHLPAPI.DLL
0x00007ffa901f0000 - 0x00007ffa901fa000 	C:\WINDOWS\System32\NSI.dll
0x00007ffa85e00000 - 0x00007ffa85e1f000 	C:\WINDOWS\SYSTEM32\dhcpcsvc6.DLL
0x00007ffa85dd0000 - 0x00007ffa85df5000 	C:\WINDOWS\SYSTEM32\dhcpcsvc.DLL
0x00007ffa8bba0000 - 0x00007ffa8bcc6000 	C:\WINDOWS\SYSTEM32\DNSAPI.dll
0x00007ffa75680000 - 0x00007ffa75690000 	C:\Program Files\Eclipse Adoptium\jdk-17.0.15.6-hotspot\bin\verify.dll
0x00007ffa66290000 - 0x00007ffa66379000 	C:\Users\CHSey\AppData\Local\Temp\sqlite-3.41.2.1-6572339a-92e3-4138-ab55-a776a3ceb0c1-sqlitejdbc.dll

dbghelp: loaded successfully - version: 4.0.5 - missing functions: none
symbol engine: initialized successfully - sym options: 0x614 - pdb path: .;C:\Program Files\Eclipse Adoptium\jdk-17.0.15.6-hotspot\bin;C:\WINDOWS\SYSTEM32;C:\WINDOWS\WinSxS\amd64_microsoft.windows.common-controls_6595b64144ccf1df_6.0.26100.4484_none_3e0e6d4ce32ef3b3;C:\Program Files\Eclipse Adoptium\jdk-17.0.15.6-hotspot\bin\server;C:\Users\CHSey\AppData\Local\Temp

VM Arguments:
jvm_args: -DkotlinLanguageServer.version=1.3.13 
java_command: org.javacs.kt.MainKt
java_class_path (initial): c:\Users\CHSey\AppData\Roaming\Cursor\User\globalStorage\fwcd.kotlin\langServerInstall\server\lib\server-1.3.13.jar;c:\Users\CHSey\AppData\Roaming\Cursor\User\globalStorage\fwcd.kotlin\langServerInstall\server\lib\shared-1.3.13.jar;c:\Users\CHSey\AppData\Roaming\Cursor\User\globalStorage\fwcd.kotlin\langServerInstall\server\lib\kotlin-scripting-jvm-host-unshaded-2.1.0.jar;c:\Users\CHSey\AppData\Roaming\Cursor\User\globalStorage\fwcd.kotlin\langServerInstall\server\lib\kotlin-scripting-compiler-2.1.0.jar;c:\Users\CHSey\AppData\Roaming\Cursor\User\globalStorage\fwcd.kotlin\langServerInstall\server\lib\ktfmt-b5d31d1.jar;c:\Users\CHSey\AppData\Roaming\Cursor\User\globalStorage\fwcd.kotlin\langServerInstall\server\lib\kotlin-compiler-2.1.0.jar;c:\Users\CHSey\AppData\Roaming\Cursor\User\globalStorage\fwcd.kotlin\langServerInstall\server\lib\exposed-dao-0.37.3.jar;c:\Users\CHSey\AppData\Roaming\Cursor\User\globalStorage\fwcd.kotlin\langServerInstall\server\lib\exposed-jdbc-0.37.3.jar;c:\Users\CHSey\AppData\Roaming\Cursor\User\globalStorage\fwcd.kotlin\langServerInstall\server\lib\exposed-core-0.37.3.jar;c:\Users\CHSey\AppData\Roaming\Cursor\User\globalStorage\fwcd.kotlin\langServerInstall\server\lib\kotlin-scripting-compiler-impl-2.1.0.jar;c:\Users\CHSey\AppData\Roaming\Cursor\User\globalStorage\fwcd.kotlin\langServerInstall\server\lib\kotlin-reflect-2.1.0.jar;c:\Users\CHSey\AppData\Roaming\Cursor\User\globalStorage\fwcd.kotlin\langServerInstall\server\lib\kotlin-scripting-jvm-2.1.0.jar;c:\Users\CHSey\AppData\Roaming\Cursor\User\globalStorage\fwcd.kotlin\langServerInstall\server\lib\kotlin-scripting-common-2.1.0.jar;c:\Users\CHSey\AppData\Roaming\Cursor\User\globalStorage\fwcd.kotlin\langServerInstall\server\lib\kotlinx-coroutines-core-jvm-1.6.4.jar;c:\Users\CHSey\AppData\Roaming\Cursor\User\globalStorage\fwcd.kotlin\langServerInstall\server\lib\kotlin-stdlib-jdk8-2.1.0.jar;c:\Users\CHSey\AppData\Roaming\Cursor\User\globalStorage\fwcd.kotlin\la
Launcher Type: SUN_STANDARD

[Global flags]
     intx CICompilerCount                          = 12                                        {product} {ergonomic}
     uint ConcGCThreads                            = 3                                         {product} {ergonomic}
     uint G1ConcRefinementThreads                  = 13                                        {product} {ergonomic}
   size_t G1HeapRegionSize                         = 4194304                                   {product} {ergonomic}
    uintx GCDrainStackTargetSize                   = 64                                        {product} {ergonomic}
   size_t InitialHeapSize                          = 524288000                                 {product} {ergonomic}
   size_t MarkStackSize                            = 4194304                                   {product} {ergonomic}
   size_t MaxHeapSize                              = 8355053568                                {product} {ergonomic}
   size_t MaxNewSize                               = 5012193280                                {product} {ergonomic}
   size_t MinHeapDeltaBytes                        = 4194304                                   {product} {ergonomic}
   size_t MinHeapSize                              = 8388608                                   {product} {ergonomic}
    uintx NonNMethodCodeHeapSize                   = 7602480                                {pd product} {ergonomic}
    uintx NonProfiledCodeHeapSize                  = 122027880                              {pd product} {ergonomic}
    uintx ProfiledCodeHeapSize                     = 122027880                              {pd product} {ergonomic}
    uintx ReservedCodeCacheSize                    = 251658240                              {pd product} {ergonomic}
     bool SegmentedCodeCache                       = true                                      {product} {ergonomic}
   size_t SoftMaxHeapSize                          = 8355053568                             {manageable} {ergonomic}
     bool UseCompressedClassPointers               = true                           {product lp64_product} {ergonomic}
     bool UseCompressedOops                        = true                           {product lp64_product} {ergonomic}
     bool UseG1GC                                  = true                                      {product} {ergonomic}
     bool UseLargePagesIndividualAllocation        = false                                  {pd product} {ergonomic}

Logging:
Log output configuration:
 #0: stdout all=warning uptime,level,tags
 #1: stderr all=off uptime,level,tags

Environment Variables:
JAVA_HOME=C:\Program Files\Eclipse Adoptium\jdk-17.0.15.6-hotspot
CLASSPATH=c:\Users\CHSey\AppData\Roaming\Cursor\User\globalStorage\fwcd.kotlin\langServerInstall\server\lib\server-1.3.13.jar;c:\Users\CHSey\AppData\Roaming\Cursor\User\globalStorage\fwcd.kotlin\langServerInstall\server\lib\shared-1.3.13.jar;c:\Users\CHSey\AppData\Roaming\Cursor\User\globalStorage\fwcd.kotlin\langServerInstall\server\lib\kotlin-scripting-jvm-host-unshaded-2.1.0.jar;c:\Users\CHSey\AppData\Roaming\Cursor\User\globalStorage\fwcd.kotlin\langServerInstall\server\lib\kotlin-scripting-compiler-2.1.0.jar;c:\Users\CHSey\AppData\Roaming\Cursor\User\globalStorage\fwcd.kotlin\langServerInstall\server\lib\ktfmt-b5d31d1.jar;c:\Users\CHSey\AppData\Roaming\Cursor\User\globalStorage\fwcd.kotlin\langServerInstall\server\lib\kotlin-compiler-2.1.0.jar;c:\Users\CHSey\AppData\Roaming\Cursor\User\globalStorage\fwcd.kotlin\langServerInstall\server\lib\exposed-dao-0.37.3.jar;c:\Users\CHSey\AppData\Roaming\Cursor\User\globalStorage\fwcd.kotlin\langServerInstall\server\lib\exposed-jdbc-0.37.3.jar;c:\Users\CHSey\AppData\Roaming\Cursor\User\globalStorage\fwcd.kotlin\langServerInstall\server\lib\exposed-core-0.37.3.jar;c:\Users\CHSey\AppData\Roaming\Cursor\User\globalStorage\fwcd.kotlin\langServerInstall\server\lib\kotlin-scripting-compiler-impl-2.1.0.jar;c:\Users\CHSey\AppData\Roaming\Cursor\User\globalStorage\fwcd.kotlin\langServerInstall\server\lib\kotlin-reflect-2.1.0.jar;c:\Users\CHSey\AppData\Roaming\Cursor\User\globalStorage\fwcd.kotlin\langServerInstall\server\lib\kotlin-scripting-jvm-2.1.0.jar;c:\Users\CHSey\AppData\Roaming\Cursor\User\globalStorage\fwcd.kotlin\langServerInstall\server\lib\kotlin-scripting-common-2.1.0.jar;c:\Users\CHSey\AppData\Roaming\Cursor\User\globalStorage\fwcd.kotlin\langServerInstall\server\lib\kotlinx-coroutines-core-jvm-1.6.4.jar;c:\Users\CHSey\AppData\Roaming\Cursor\User\globalStorage\fwcd.kotlin\langServerInstall\server\lib\kotlin-stdlib-jdk8-2.1.0.jar;c:\Users\CHSey\AppData\Roaming\Cursor\User\globalStorage\fwcd.kotlin\langServerInstall\server\lib\kotlin-stdlib-jdk7-2.1.0.jar;c:\Users\CHSey\AppData\Roaming\Cursor\User\globalStorage\fwcd.kotlin\langServerInstall\server\lib\kotlin-stdlib-2.1.0.jar;c:\Users\CHSey\AppData\Roaming\Cursor\User\globalStorage\fwcd.kotlin\langServerInstall\server\lib\org.eclipse.lsp4j-0.21.2.jar;c:\Users\CHSey\AppData\Roaming\Cursor\User\globalStorage\fwcd.kotlin\langServerInstall\server\lib\org.eclipse.lsp4j.jsonrpc-0.21.2.jar;c:\Users\CHSey\AppData\Roaming\Cursor\User\globalStorage\fwcd.kotlin\langServerInstall\server\lib\kotlin-sam-with-receiver-compiler-plugin-2.1.0.jar;c:\Users\CHSey\AppData\Roaming\Cursor\User\globalStorage\fwcd.kotlin\langServerInstall\server\lib\fernflower-1.0.jar;c:\Users\CHSey\AppData\Roaming\Cursor\User\globalStorage\fwcd.kotlin\langServerInstall\server\lib\h2-1.4.200.jar;c:\Users\CHSey\AppData\Roaming\Cursor\User\globalStorage\fwcd.kotlin\langServerInstall\server\lib\jcommander-1.78.jar;c:\Users\CHSey\AppData\Roaming\Cursor\User\globalStorage\fwcd.kotlin\langServerInstall\server\lib\sqlite-jdbc-3.41.2.1.jar;c:\Users\CHSey\AppData\Roaming\Cursor\User\globalStorage\fwcd.kotlin\langServerInstall\server\lib\google-java-format-1.8.jar;c:\Users\CHSey\AppData\Roaming\Cursor\User\globalStorage\fwcd.kotlin\langServerInstall\server\lib\guava-33.3.0-jre.jar;c:\Users\CHSey\AppData\Roaming\Cursor\User\globalStorage\fwcd.kotlin\langServerInstall\server\lib\annotations-13.0.jar;c:\Users\CHSey\AppData\Roaming\Cursor\User\globalStorage\fwcd.kotlin\langServerInstall\server\lib\gson-2.10.1.jar;c:\Users\CHSey\AppData\Roaming\Cursor\User\globalStorage\fwcd.kotlin\langServerInstall\server\lib\kotlin-script-runtime-2.1.0.jar;c:\Users\CHSey\AppData\Roaming\Cursor\User\globalStorage\fwcd.kotlin\langServerInstall\server\lib\trove4j-1.0.20200330.jar;c:\Users\CHSey\AppData\Roaming\Cursor\User\globalStorage\fwcd.kotlin\langServerInstall\server\lib\jline-3.24.1.jar;c:\Users\CHSey\AppData\Roaming\Cursor\User\globalStorage\fwcd.kotlin\langServerInstall\server\lib\slf4j-api-1.7.25.jar;c:\Users\CHSey\AppData\Roaming\Cursor\User\globalStorage\fwcd.kotlin\langServerInstall\server\lib\jna-4.2.2.jar;c:\Users\CHSey\AppData\Roaming\Cursor\User\globalStorage\fwcd.kotlin\langServerInstall\server\lib\failureaccess-1.0.2.jar;c:\Users\CHSey\AppData\Roaming\Cursor\User\globalStorage\fwcd.kotlin\langServerInstall\server\lib\listenablefuture-9999.0-empty-to-avoid-conflict-with-guava.jar;c:\Users\CHSey\AppData\Roaming\Cursor\User\globalStorage\fwcd.kotlin\langServerInstall\server\lib\jsr305-3.0.2.jar;c:\Users\CHSey\AppData\Roaming\Cursor\User\globalStorage\fwcd.kotlin\langServerInstall\server\lib\checker-qual-3.43.0.jar;c:\Users\CHSey\AppData\Roaming\Cursor\User\globalStorage\fwcd.kotlin\langServerInstall\server\lib\error_prone_annotations-2.28.0.jar
PATH=C:\Program Files\Eclipse Adoptium\jdk-17.0.15.6-hotspot\bin;C:\Python313\Scripts\;C:\Python313\;C:\WINDOWS\system32;C:\WINDOWS;C:\WINDOWS\System32\Wbem;C:\WINDOWS\System32\WindowsPowerShell\v1.0\;C:\WINDOWS\System32\OpenSSH\;C:\Program Files\NVIDIA Corporation\NVIDIA app\NvDLISR;C:\Program Files (x86)\NVIDIA Corporation\PhysX\Common;C:\Program Files\Git\cmd;C:\ProgramData\chocolatey\bin;C:\Program Files\dotnet\;C:\Program Files\Eclipse Adoptium\jdk-17.0.15.6-hotspot\bin;C:\Users\CHSey\AppData\Local\Android\Sdk\tools;C:\Users\CHSey\AppData\Local\Android\Sdk\platform-tools;C:\flutter\bin;C:\Users\CHSey\AppData\Local\Android\Sdk\platform-tools;;c:\Users\CHSey\AppData\Local\Programs\cursor\resources\app\bin;C:\Users\CHSey\AppData\Local\Microsoft\WindowsApps;C:\flutter\bin;C:\Users\CHSey\AppData\Local\Programs\Microsoft VS Code\bin;C:\Users\CHSey\AppData\Local\Pub\Cache\bin;C:\tools\dart-sdk\bin;C:\Users\CHSey\.dotnet\tools;C:\Users\CHSey\AppData\Local\Android\Sdk\platform-tools;C:\Users\CHSey\AppData\Local\Programs\cursor\resources\app\bin;C:\Users\CHSey\AppData\Local\Programs\Windsurf\bin
USERNAME=CHSey
OS=Windows_NT
PROCESSOR_IDENTIFIER=AMD64 Family 25 Model 97 Stepping 2, AuthenticAMD
TMP=C:\Users\CHSey\AppData\Local\Temp
TEMP=C:\Users\CHSey\AppData\Local\Temp



Periodic native trim disabled


---------------  S Y S T E M  ---------------

OS:
 Windows 11 , 64 bit Build 26100 (10.0.26100.4484)
OS uptime: 0 days 8:08 hours
Hyper-V role detected

CPU: total 16 (initial active 16) (16 cores per cpu, 2 threads per core) family 25 model 97 stepping 2 microcode 0xa601209, cx8, cmov, fxsr, ht, mmx, 3dnowpref, sse, sse2, sse3, ssse3, sse4a, sse4.1, sse4.2, popcnt, lzcnt, tsc, tscinvbit, avx, avx2, aes, erms, clmul, bmi1, bmi2, adx, avx512f, avx512dq, avx512cd, avx512bw, avx512vl, sha, fma, vzeroupper, avx512_vpopcntdq, avx512_vpclmulqdq, avx512_vaes, avx512_vnni, clflush, clflushopt, avx512_vbmi2, avx512_vbmi, hv
Processor Information for all 16 processors :
  Max Mhz: 4201, Current Mhz: 4201, Mhz Limit: 4201

Memory: 4k page, system-wide physical 31861M (12524M free)
TotalPageFile size 31861M (AvailPageFile size 155M)
current process WorkingSet (physical memory assigned to process): 1264M, peak: 1381M
current process commit charge ("private bytes"): 2430M, peak: 2535M

vm_info: OpenJDK 64-Bit Server VM (17.0.15+6) for windows-amd64 JRE (17.0.15+6), built on Apr 15 2025 21:25:47 by "admin" with MS VC++ 17.7 (VS2022)

END.
