#
# There is insufficient memory for the Java Runtime Environment to continue.
# Native memory allocation (mmap) failed to map 1535115264 bytes. Error detail: G1 virtual space
# Possible reasons:
#   The system is out of physical RAM or swap space
#   This process is running with CompressedOops enabled, and the Java Heap may be blocking the growth of the native heap
# Possible solutions:
#   Reduce memory load on the system
#   Increase physical memory or swap space
#   Check if swap backing store is full
#   Decrease Java heap size (-Xmx/-Xms)
#   Decrease number of Java threads
#   Decrease Java thread stack sizes (-Xss)
#   Set larger code cache with -XX:ReservedCodeCacheSize=
#   JVM is running with Zero Based Compressed Oops mode in which the Java heap is
#     placed in the first 32GB address space. The Java Heap base address is the
#     maximum limit for the native heap growth. Please use -XX:HeapBaseMinAddress
#     to set the Java Heap base and to place the Java Heap above 32GB virtual address.
# This output file may be truncated or incomplete.
#
#  Out of Memory Error (os_windows.cpp:3618), pid=31164, tid=27012
#
# JRE version: OpenJDK Runtime Environment Temurin-17.0.15+6 (17.0.15+6) (build 17.0.15+6)
# Java VM: OpenJDK 64-Bit Server VM Temurin-17.0.15+6 (17.0.15+6, mixed mode, sharing, tiered, compressed oops, compressed class ptrs, g1 gc, windows-amd64)
# No core dump will be written. Minidumps are not enabled by default on client versions of Windows
#

---------------  S U M M A R Y ------------

Command Line: -DkotlinLanguageServer.version=1.3.13 org.javacs.kt.MainKt

Host: AMD Ryzen 7 7800X3D 8-Core Processor           , 16 cores, 31G,  Windows 11 , 64 bit Build 26100 (10.0.26100.4484)
Time: Sun Jul  6 03:36:43 2025  Windows 11 , 64 bit Build 26100 (10.0.26100.4484) elapsed time: 13.689252 seconds (0d 0h 0m 13s)

---------------  T H R E A D  ---------------

Current thread (0x000002a23c1ce9a0):  VMThread "VM Thread" [stack: 0x000000e42c000000,0x000000e42c100000] [id=27012]

Stack: [0x000000e42c000000,0x000000e42c100000]
Native frames: (J=compiled Java code, j=interpreted, Vv=VM code, C=native code)
V  [jvm.dll+0x682fc9]
V  [jvm.dll+0x839878]
V  [jvm.dll+0x83b323]
V  [jvm.dll+0x83b993]
V  [jvm.dll+0x24725f]
V  [jvm.dll+0x67fda9]
V  [jvm.dll+0x674c9a]
V  [jvm.dll+0x304d06]
V  [jvm.dll+0x30c1c6]
V  [jvm.dll+0x35dd4e]
V  [jvm.dll+0x35df8d]
V  [jvm.dll+0x2dc0cc]
V  [jvm.dll+0x2da46f]
V  [jvm.dll+0x2d9bdc]
V  [jvm.dll+0x31d3bb]
V  [jvm.dll+0x8401cd]
V  [jvm.dll+0x840f03]
V  [jvm.dll+0x84142f]
V  [jvm.dll+0x841814]
V  [jvm.dll+0x8418de]
V  [jvm.dll+0x7e94dc]
V  [jvm.dll+0x681ea7]
C  [ucrtbase.dll+0x37b0]
C  [KERNEL32.DLL+0x2e8d7]
C  [ntdll.dll+0x3c34c]

VM_Operation (0x000000e42effd3b0): G1CollectForAllocation, mode: safepoint, requested by thread 0x000002a29a32b560


---------------  P R O C E S S  ---------------

Threads class SMR info:
_java_thread_list=0x000002a292569160, length=29, elements={
0x000002a23c1d5ef0, 0x000002a23c1d6ab0, 0x000002a23c1e8af0, 0x000002a28008e590,
0x000002a28008ef50, 0x000002a28008f910, 0x000002a280094700, 0x000002a280091780,
0x000002a23c1edfb0, 0x000002a2801c3b20, 0x000002a2801ece70, 0x000002a2801ed390,
0x000002a2801edb10, 0x000002a2802146e0, 0x000002a280725630, 0x000002a285619c70,
0x000002a28dbaf9d0, 0x000002a28df924b0, 0x000002a212481600, 0x000002a28e6b9a60,
0x000002a285abac70, 0x000002a285997ad0, 0x000002a285abb180, 0x000002a285ab8e10,
0x000002a28f3a78d0, 0x000002a28fa05d30, 0x000002a280b5d320, 0x000002a29a32b560,
0x000002a285ae03b0
}

Java Threads: ( => current thread )
  0x000002a23c1d5ef0 JavaThread "Reference Handler" daemon [_thread_blocked, id=27008, stack(0x000000e42c100000,0x000000e42c200000)]
  0x000002a23c1d6ab0 JavaThread "Finalizer" daemon [_thread_blocked, id=2196, stack(0x000000e42c200000,0x000000e42c300000)]
  0x000002a23c1e8af0 JavaThread "Signal Dispatcher" daemon [_thread_blocked, id=13888, stack(0x000000e42c300000,0x000000e42c400000)]
  0x000002a28008e590 JavaThread "Attach Listener" daemon [_thread_blocked, id=38920, stack(0x000000e42c400000,0x000000e42c500000)]
  0x000002a28008ef50 JavaThread "Service Thread" daemon [_thread_blocked, id=19748, stack(0x000000e42c500000,0x000000e42c600000)]
  0x000002a28008f910 JavaThread "Monitor Deflation Thread" daemon [_thread_blocked, id=34768, stack(0x000000e42c600000,0x000000e42c700000)]
  0x000002a280094700 JavaThread "C2 CompilerThread0" daemon [_thread_blocked, id=26040, stack(0x000000e42c700000,0x000000e42c800000)]
  0x000002a280091780 JavaThread "C1 CompilerThread0" daemon [_thread_blocked, id=23984, stack(0x000000e42c800000,0x000000e42c900000)]
  0x000002a23c1edfb0 JavaThread "Sweeper thread" daemon [_thread_blocked, id=30772, stack(0x000000e42c900000,0x000000e42ca00000)]
  0x000002a2801c3b20 JavaThread "C1 CompilerThread1" daemon [_thread_blocked, id=39580, stack(0x000000e42ca00000,0x000000e42cb00000)]
  0x000002a2801ece70 JavaThread "C1 CompilerThread2" daemon [_thread_blocked, id=36908, stack(0x000000e42cb00000,0x000000e42cc00000)]
  0x000002a2801ed390 JavaThread "Notification Thread" daemon [_thread_blocked, id=37436, stack(0x000000e42cc00000,0x000000e42cd00000)]
  0x000002a2801edb10 JavaThread "Common-Cleaner" daemon [_thread_blocked, id=36372, stack(0x000000e42ce00000,0x000000e42cf00000)]
  0x000002a2802146e0 JavaThread "C2 CompilerThread1" daemon [_thread_blocked, id=5224, stack(0x000000e42cf00000,0x000000e42d000000)]
  0x000002a280725630 JavaThread "C2 CompilerThread2" daemon [_thread_blocked, id=9228, stack(0x000000e42d000000,0x000000e42d100000)]
  0x000002a285619c70 JavaThread "C2 CompilerThread3" daemon [_thread_blocked, id=16536, stack(0x000000e42df00000,0x000000e42e000000)]
  0x000002a28dbaf9d0 JavaThread "C2 CompilerThread4" daemon [_thread_blocked, id=14992, stack(0x000000e42e000000,0x000000e42e100000)]
  0x000002a28df924b0 JavaThread "client" [_thread_blocked, id=27896, stack(0x000000e42e200000,0x000000e42e300000)]
  0x000002a212481600 JavaThread "DestroyJavaVM" [_thread_blocked, id=32916, stack(0x000000e42ba00000,0x000000e42bb00000)]
  0x000002a28e6b9a60 JavaThread "async0" [_thread_blocked, id=25404, stack(0x000000e42e300000,0x000000e42e400000)]
  0x000002a285abac70 JavaThread "async1" [_thread_blocked, id=13296, stack(0x000000e42e400000,0x000000e42e500000)]
  0x000002a285997ad0 JavaThread "C2 CompilerThread5" daemon [_thread_blocked, id=26928, stack(0x000000e42e500000,0x000000e42e600000)]
  0x000002a285abb180 JavaThread "debounce0" [_thread_blocked, id=12008, stack(0x000000e42e800000,0x000000e42e900000)]
  0x000002a285ab8e10 JavaThread "async2" [_thread_blocked, id=31680, stack(0x000000e42e900000,0x000000e42ea00000)]
  0x000002a28f3a78d0 JavaThread "C2 CompilerThread6" daemon [_thread_blocked, id=29092, stack(0x000000e42e600000,0x000000e42e700000)]
  0x000002a28fa05d30 JavaThread "C2 CompilerThread7" daemon [_thread_blocked, id=27328, stack(0x000000e42e700000,0x000000e42e800000)]
  0x000002a280b5d320 JavaThread "async3" [_thread_blocked, id=3344, stack(0x000000e42ec00000,0x000000e42ed00000)]
  0x000002a29a32b560 JavaThread "ForkJoinPool.commonPool-worker-1" daemon [_thread_blocked, id=27464, stack(0x000000e42ef00000,0x000000e42f000000)]
  0x000002a285ae03b0 JavaThread "C1 CompilerThread3" daemon [_thread_blocked, id=8028, stack(0x000000e42f600000,0x000000e42f700000)]

Other Threads:
=>0x000002a23c1ce9a0 VMThread "VM Thread" [stack: 0x000000e42c000000,0x000000e42c100000] [id=27012]
  0x000002a2801ed870 WatcherThread [stack: 0x000000e42cd00000,0x000000e42ce00000] [id=27276]
  0x000002a23c02fd00 GCTaskThread "GC Thread#0" [stack: 0x000000e42bb00000,0x000000e42bc00000] [id=17016]
  0x000002a2809423d0 GCTaskThread "GC Thread#1" [stack: 0x000000e42d200000,0x000000e42d300000] [id=26584]
  0x000002a2807928a0 GCTaskThread "GC Thread#2" [stack: 0x000000e42d300000,0x000000e42d400000] [id=38568]
  0x000002a280792b60 GCTaskThread "GC Thread#3" [stack: 0x000000e42d400000,0x000000e42d500000] [id=34536]
  0x000002a280792e20 GCTaskThread "GC Thread#4" [stack: 0x000000e42d500000,0x000000e42d600000] [id=8692]
  0x000002a2807930e0 GCTaskThread "GC Thread#5" [stack: 0x000000e42d600000,0x000000e42d700000] [id=30108]
  0x000002a280c7a2b0 GCTaskThread "GC Thread#6" [stack: 0x000000e42d700000,0x000000e42d800000] [id=33480]
  0x000002a280c7a980 GCTaskThread "GC Thread#7" [stack: 0x000000e42d800000,0x000000e42d900000] [id=6116]
  0x000002a280c7b050 GCTaskThread "GC Thread#8" [stack: 0x000000e42d900000,0x000000e42da00000] [id=11584]
  0x000002a280c7b310 GCTaskThread "GC Thread#9" [stack: 0x000000e42da00000,0x000000e42db00000] [id=15860]
  0x000002a280c7b5d0 GCTaskThread "GC Thread#10" [stack: 0x000000e42db00000,0x000000e42dc00000] [id=32264]
  0x000002a285252420 GCTaskThread "GC Thread#11" [stack: 0x000000e42dc00000,0x000000e42dd00000] [id=33532]
  0x000002a28e8b0820 GCTaskThread "GC Thread#12" [stack: 0x000000e42e100000,0x000000e42e200000] [id=37364]
  0x000002a212500a10 ConcurrentGCThread "G1 Main Marker" [stack: 0x000000e42bc00000,0x000000e42bd00000] [id=21544]
  0x000002a212502440 ConcurrentGCThread "G1 Conc#0" [stack: 0x000000e42bd00000,0x000000e42be00000] [id=23200]
  0x000002a2850e6030 ConcurrentGCThread "G1 Conc#1" [stack: 0x000000e42dd00000,0x000000e42de00000] [id=34704]
  0x000002a2850e62f0 ConcurrentGCThread "G1 Conc#2" [stack: 0x000000e42de00000,0x000000e42df00000] [id=33584]
  0x000002a21251e9b0 ConcurrentGCThread "G1 Refine#0" [stack: 0x000000e42be00000,0x000000e42bf00000] [id=36056]
  0x000002a28ddeb230 ConcurrentGCThread "G1 Refine#1" [stack: 0x000000e42ea00000,0x000000e42eb00000] [id=38248]
  0x000002a28ddeb520 ConcurrentGCThread "G1 Refine#2" [stack: 0x000000e42eb00000,0x000000e42ec00000] [id=35108]
  0x000002a29b55c8b0 ConcurrentGCThread "G1 Refine#3" [stack: 0x000000e42ed00000,0x000000e42ee00000] [id=39572]
  0x000002a29b55ce90 ConcurrentGCThread "G1 Refine#4" [stack: 0x000000e42ee00000,0x000000e42ef00000] [id=36836]
  0x000002a29b55d180 ConcurrentGCThread "G1 Refine#5" [stack: 0x000000e42d100000,0x000000e42d200000] [id=39532]
  0x000002a29b55e900 ConcurrentGCThread "G1 Refine#6" [stack: 0x000000e42f000000,0x000000e42f100000] [id=14464]
  0x000002a29b55ebf0 ConcurrentGCThread "G1 Refine#7" [stack: 0x000000e42f100000,0x000000e42f200000] [id=24964]
  0x000002a29b55d760 ConcurrentGCThread "G1 Refine#8" [stack: 0x000000e42f200000,0x000000e42f300000] [id=1976]
  0x000002a29b55c5c0 ConcurrentGCThread "G1 Refine#9" [stack: 0x000000e42f300000,0x000000e42f400000] [id=36952]
  0x000002a29b55dd40 ConcurrentGCThread "G1 Refine#10" [stack: 0x000000e42f400000,0x000000e42f500000] [id=36980]
  0x000002a29b55f7b0 ConcurrentGCThread "G1 Refine#11" [stack: 0x000000e42f500000,0x000000e42f600000] [id=6660]
  0x000002a23c105bf0 ConcurrentGCThread "G1 Service" [stack: 0x000000e42bf00000,0x000000e42c000000] [id=21276]

Threads with active compile tasks:
C2 CompilerThread0    13707 17297       4       org.jetbrains.kotlin.serialization.deserialization.TypeDeserializer::<init> (223 bytes)
C2 CompilerThread1    13707 17237       4       org.jetbrains.kotlin.load.java.lazy.descriptors.JvmPackageScope::getContributedDescriptors (116 bytes)
C2 CompilerThread2    13707 17293       4       org.jetbrains.kotlin.serialization.deserialization.DeserializationContext::<init> (170 bytes)
C2 CompilerThread3    13707 17434       4       org.jetbrains.exposed.sql.QueryBuilder::registerArguments (162 bytes)
C2 CompilerThread4    13707 17408       4       kotlin.collections.MapsKt___MapsKt::toList (182 bytes)
C2 CompilerThread5    13707 17357       4       org.jetbrains.exposed.sql.statements.BaseBatchInsertStatement::validateLastBatch$exposed_core (519 bytes)
C2 CompilerThread6    13707 17365       4       org.jetbrains.exposed.dao.EntityCache$flushInserts$1$ids$1$1::invoke (83 bytes)
C2 CompilerThread7    13707 17433       4       org.jetbrains.exposed.sql.QueryBuilder::appendTo (152 bytes)

VM state: at safepoint (normal execution)

VM Mutex/Monitor currently owned by a thread:  ([mutex/lock_event])
[0x000002a21017f9e0] Threads_lock - owner thread: 0x000002a23c1ce9a0
[0x000002a21247f0b0] Heap_lock - owner thread: 0x000002a29a32b560

Heap address: 0x000000060e000000, size: 7968 MB, Compressed Oops mode: Zero based, Oop shift amount: 3

CDS archive(s) mapped at: [0x000002a23f000000-0x000002a23fbb0000-0x000002a23fbb0000), size 12255232, SharedBaseAddress: 0x000002a23f000000, ArchiveRelocationMode: 1.
Compressed class space mapped at: 0x000002a240000000-0x000002a280000000, reserved size: 1073741824
Narrow klass base: 0x000002a23f000000, Narrow klass shift: 0, Narrow klass range: 0x100000000

GC Precious Log:
 CPUs: 16 total, 16 available
 Memory: 31861M
 Large Page Support: Disabled
 NUMA Support: Disabled
 Compressed Oops: Enabled (Zero based)
 Heap Region Size: 4M
 Heap Min Capacity: 8M
 Heap Initial Capacity: 500M
 Heap Max Capacity: 7968M
 Pre-touch: Disabled
 Parallel Workers: 13
 Concurrent Workers: 3
 Concurrent Refinement Workers: 13
 Periodic GC: Disabled

Heap:
 garbage-first heap   total 1040384K, used 587179K [0x000000060e000000, 0x0000000800000000)
  region size 4096K, 10 young (40960K), 10 survivors (40960K)
 Metaspace       used 78657K, committed 79232K, reserved 1179648K
  class space    used 8793K, committed 9088K, reserved 1048576K

Heap Regions: E=young(eden), S=young(survivor), O=old, HS=humongous(starts), HC=humongous(continues), CS=collection set, F=free, OA=open archive, CA=closed archive, TAMS=top-at-mark-start (previous, next)
|   0|0x000000060e000000, 0x000000060e400000, 0x000000060e400000|100%|HS|  |TAMS 0x000000060e400000, 0x000000060e000000| Complete 
|   1|0x000000060e400000, 0x000000060e800000, 0x000000060e800000|100%| O|  |TAMS 0x000000060e800000, 0x000000060e400000| Untracked 
|   2|0x000000060e800000, 0x000000060ec00000, 0x000000060ec00000|100%| O|  |TAMS 0x000000060ec00000, 0x000000060e800000| Untracked 
|   3|0x000000060ec00000, 0x000000060f000000, 0x000000060f000000|100%| O|  |TAMS 0x000000060f000000, 0x000000060ec00000| Untracked 
|   4|0x000000060f000000, 0x000000060f400000, 0x000000060f400000|100%| O|  |TAMS 0x000000060f400000, 0x000000060f000000| Untracked 
|   5|0x000000060f400000, 0x000000060f800000, 0x000000060f800000|100%| O|  |TAMS 0x000000060f800000, 0x000000060f400000| Untracked 
|   6|0x000000060f800000, 0x000000060fc00000, 0x000000060fc00000|100%| O|  |TAMS 0x000000060fc00000, 0x000000060f800000| Untracked 
|   7|0x000000060fc00000, 0x0000000610000000, 0x0000000610000000|100%| O|  |TAMS 0x0000000610000000, 0x000000060fc00000| Untracked 
|   8|0x0000000610000000, 0x0000000610400000, 0x0000000610400000|100%| O|  |TAMS 0x0000000610400000, 0x0000000610000000| Untracked 
|   9|0x0000000610400000, 0x0000000610800000, 0x0000000610800000|100%| O|  |TAMS 0x0000000610800000, 0x0000000610400000| Untracked 
|  10|0x0000000610800000, 0x0000000610c00000, 0x0000000610c00000|100%| O|  |TAMS 0x0000000610c00000, 0x0000000610800000| Untracked 
|  11|0x0000000610c00000, 0x0000000611000000, 0x0000000611000000|100%| O|  |TAMS 0x0000000611000000, 0x0000000610c00000| Untracked 
|  12|0x0000000611000000, 0x0000000611400000, 0x0000000611400000|100%| O|  |TAMS 0x0000000611400000, 0x0000000611000000| Untracked 
|  13|0x0000000611400000, 0x0000000611800000, 0x0000000611800000|100%| O|  |TAMS 0x0000000611800000, 0x0000000611400000| Untracked 
|  14|0x0000000611800000, 0x0000000611c00000, 0x0000000611c00000|100%| O|  |TAMS 0x0000000611c00000, 0x0000000611800000| Untracked 
|  15|0x0000000611c00000, 0x0000000612000000, 0x0000000612000000|100%| O|  |TAMS 0x0000000612000000, 0x0000000611c00000| Untracked 
|  16|0x0000000612000000, 0x0000000612400000, 0x0000000612400000|100%| O|  |TAMS 0x0000000612400000, 0x0000000612000000| Untracked 
|  17|0x0000000612400000, 0x0000000612800000, 0x0000000612800000|100%| O|  |TAMS 0x0000000612800000, 0x0000000612400000| Untracked 
|  18|0x0000000612800000, 0x0000000612c00000, 0x0000000612c00000|100%| O|  |TAMS 0x0000000612c00000, 0x0000000612800000| Untracked 
|  19|0x0000000612c00000, 0x0000000613000000, 0x0000000613000000|100%| O|  |TAMS 0x0000000613000000, 0x0000000612c00000| Untracked 
|  20|0x0000000613000000, 0x0000000613400000, 0x0000000613400000|100%| O|  |TAMS 0x0000000613400000, 0x0000000613000000| Untracked 
|  21|0x0000000613400000, 0x0000000613800000, 0x0000000613800000|100%| O|  |TAMS 0x0000000613800000, 0x0000000613400000| Untracked 
|  22|0x0000000613800000, 0x0000000613c00000, 0x0000000613c00000|100%| O|  |TAMS 0x0000000613c00000, 0x0000000613800000| Untracked 
|  23|0x0000000613c00000, 0x0000000614000000, 0x0000000614000000|100%| O|  |TAMS 0x0000000614000000, 0x0000000613c00000| Untracked 
|  24|0x0000000614000000, 0x0000000614400000, 0x0000000614400000|100%| O|  |TAMS 0x0000000614400000, 0x0000000614000000| Untracked 
|  25|0x0000000614400000, 0x0000000614800000, 0x0000000614800000|100%| O|  |TAMS 0x0000000614800000, 0x0000000614400000| Untracked 
|  26|0x0000000614800000, 0x0000000614c00000, 0x0000000614c00000|100%| O|  |TAMS 0x0000000614c00000, 0x0000000614800000| Untracked 
|  27|0x0000000614c00000, 0x0000000615000000, 0x0000000615000000|100%| O|  |TAMS 0x0000000615000000, 0x0000000614c00000| Untracked 
|  28|0x0000000615000000, 0x0000000615400000, 0x0000000615400000|100%| O|  |TAMS 0x0000000615400000, 0x0000000615000000| Untracked 
|  29|0x0000000615400000, 0x0000000615800000, 0x0000000615800000|100%| O|  |TAMS 0x0000000615800000, 0x0000000615400000| Untracked 
|  30|0x0000000615800000, 0x0000000615c00000, 0x0000000615c00000|100%| O|  |TAMS 0x0000000615c00000, 0x0000000615800000| Untracked 
|  31|0x0000000615c00000, 0x0000000616000000, 0x0000000616000000|100%| O|  |TAMS 0x0000000616000000, 0x0000000615c00000| Untracked 
|  32|0x0000000616000000, 0x0000000616400000, 0x0000000616400000|100%| O|  |TAMS 0x0000000616400000, 0x0000000616000000| Untracked 
|  33|0x0000000616400000, 0x0000000616800000, 0x0000000616800000|100%| O|  |TAMS 0x0000000616800000, 0x0000000616400000| Untracked 
|  34|0x0000000616800000, 0x0000000616c00000, 0x0000000616c00000|100%| O|  |TAMS 0x0000000616c00000, 0x0000000616800000| Untracked 
|  35|0x0000000616c00000, 0x0000000617000000, 0x0000000617000000|100%| O|  |TAMS 0x0000000617000000, 0x0000000616c00000| Untracked 
|  36|0x0000000617000000, 0x0000000617400000, 0x0000000617400000|100%| O|  |TAMS 0x0000000617400000, 0x0000000617000000| Untracked 
|  37|0x0000000617400000, 0x0000000617800000, 0x0000000617800000|100%| O|  |TAMS 0x0000000617800000, 0x0000000617400000| Untracked 
|  38|0x0000000617800000, 0x0000000617c00000, 0x0000000617c00000|100%| O|  |TAMS 0x0000000617c00000, 0x0000000617800000| Untracked 
|  39|0x0000000617c00000, 0x0000000618000000, 0x0000000618000000|100%| O|  |TAMS 0x0000000618000000, 0x0000000617c00000| Untracked 
|  40|0x0000000618000000, 0x0000000618400000, 0x0000000618400000|100%| O|  |TAMS 0x0000000618400000, 0x0000000618000000| Untracked 
|  41|0x0000000618400000, 0x0000000618800000, 0x0000000618800000|100%| O|  |TAMS 0x0000000618800000, 0x0000000618400000| Untracked 
|  42|0x0000000618800000, 0x0000000618c00000, 0x0000000618c00000|100%| O|  |TAMS 0x0000000618c00000, 0x0000000618800000| Untracked 
|  43|0x0000000618c00000, 0x0000000619000000, 0x0000000619000000|100%| O|  |TAMS 0x0000000619000000, 0x0000000618c00000| Untracked 
|  44|0x0000000619000000, 0x0000000619400000, 0x0000000619400000|100%| O|  |TAMS 0x0000000619400000, 0x0000000619000000| Untracked 
|  45|0x0000000619400000, 0x0000000619800000, 0x0000000619800000|100%| O|  |TAMS 0x0000000619800000, 0x0000000619400000| Untracked 
|  46|0x0000000619800000, 0x0000000619c00000, 0x0000000619c00000|100%| O|  |TAMS 0x0000000619c00000, 0x0000000619800000| Untracked 
|  47|0x0000000619c00000, 0x000000061a000000, 0x000000061a000000|100%| O|  |TAMS 0x000000061a000000, 0x0000000619c00000| Untracked 
|  48|0x000000061a000000, 0x000000061a400000, 0x000000061a400000|100%| O|  |TAMS 0x000000061a400000, 0x000000061a000000| Untracked 
|  49|0x000000061a400000, 0x000000061a800000, 0x000000061a800000|100%| O|  |TAMS 0x000000061a800000, 0x000000061a400000| Untracked 
|  50|0x000000061a800000, 0x000000061ac00000, 0x000000061ac00000|100%| O|  |TAMS 0x000000061ac00000, 0x000000061a800000| Untracked 
|  51|0x000000061ac00000, 0x000000061b000000, 0x000000061b000000|100%| O|  |TAMS 0x000000061b000000, 0x000000061ac00000| Untracked 
|  52|0x000000061b000000, 0x000000061b400000, 0x000000061b400000|100%| O|  |TAMS 0x000000061b400000, 0x000000061b000000| Untracked 
|  53|0x000000061b400000, 0x000000061b800000, 0x000000061b800000|100%| O|  |TAMS 0x000000061b800000, 0x000000061b400000| Untracked 
|  54|0x000000061b800000, 0x000000061bc00000, 0x000000061bc00000|100%| O|  |TAMS 0x000000061bc00000, 0x000000061b800000| Untracked 
|  55|0x000000061bc00000, 0x000000061c000000, 0x000000061c000000|100%| O|  |TAMS 0x000000061c000000, 0x000000061bc00000| Untracked 
|  56|0x000000061c000000, 0x000000061c400000, 0x000000061c400000|100%| O|  |TAMS 0x000000061c400000, 0x000000061c000000| Untracked 
|  57|0x000000061c400000, 0x000000061c800000, 0x000000061c800000|100%| O|  |TAMS 0x000000061c800000, 0x000000061c400000| Untracked 
|  58|0x000000061c800000, 0x000000061cc00000, 0x000000061cc00000|100%| O|  |TAMS 0x000000061c839800, 0x000000061c800000| Untracked 
|  59|0x000000061cc00000, 0x000000061d000000, 0x000000061d000000|100%| O|  |TAMS 0x000000061cc00000, 0x000000061cc00000| Untracked 
|  60|0x000000061d000000, 0x000000061d400000, 0x000000061d400000|100%| O|  |TAMS 0x000000061d000000, 0x000000061d000000| Untracked 
|  61|0x000000061d400000, 0x000000061d800000, 0x000000061d800000|100%| O|  |TAMS 0x000000061d400000, 0x000000061d400000| Untracked 
|  62|0x000000061d800000, 0x000000061dc00000, 0x000000061dc00000|100%| O|  |TAMS 0x000000061d800000, 0x000000061d800000| Untracked 
|  63|0x000000061dc00000, 0x000000061e000000, 0x000000061e000000|100%| O|  |TAMS 0x000000061dc00000, 0x000000061dc00000| Untracked 
|  64|0x000000061e000000, 0x000000061e400000, 0x000000061e400000|100%| O|  |TAMS 0x000000061e000000, 0x000000061e000000| Untracked 
|  65|0x000000061e400000, 0x000000061e800000, 0x000000061e800000|100%| O|  |TAMS 0x000000061e400000, 0x000000061e400000| Untracked 
|  66|0x000000061e800000, 0x000000061ec00000, 0x000000061ec00000|100%| O|  |TAMS 0x000000061e800000, 0x000000061e800000| Untracked 
|  67|0x000000061ec00000, 0x000000061f000000, 0x000000061f000000|100%| O|  |TAMS 0x000000061ec00000, 0x000000061ec00000| Untracked 
|  68|0x000000061f000000, 0x000000061f400000, 0x000000061f400000|100%| O|  |TAMS 0x000000061f000000, 0x000000061f000000| Untracked 
|  69|0x000000061f400000, 0x000000061f800000, 0x000000061f800000|100%| O|  |TAMS 0x000000061f400000, 0x000000061f400000| Untracked 
|  70|0x000000061f800000, 0x000000061fc00000, 0x000000061fc00000|100%| O|  |TAMS 0x000000061f800000, 0x000000061f800000| Untracked 
|  71|0x000000061fc00000, 0x0000000620000000, 0x0000000620000000|100%| O|  |TAMS 0x000000061fc00000, 0x000000061fc00000| Untracked 
|  72|0x0000000620000000, 0x0000000620400000, 0x0000000620400000|100%| O|  |TAMS 0x0000000620000000, 0x0000000620000000| Untracked 
|  73|0x0000000620400000, 0x0000000620800000, 0x0000000620800000|100%| O|  |TAMS 0x0000000620400000, 0x0000000620400000| Untracked 
|  74|0x0000000620800000, 0x0000000620c00000, 0x0000000620c00000|100%| O|  |TAMS 0x0000000620800000, 0x0000000620800000| Untracked 
|  75|0x0000000620c00000, 0x0000000621000000, 0x0000000621000000|100%| O|  |TAMS 0x0000000620c00000, 0x0000000620c00000| Untracked 
|  76|0x0000000621000000, 0x0000000621400000, 0x0000000621400000|100%| O|  |TAMS 0x0000000621000000, 0x0000000621000000| Untracked 
|  77|0x0000000621400000, 0x0000000621800000, 0x0000000621800000|100%| O|  |TAMS 0x0000000621400000, 0x0000000621400000| Untracked 
|  78|0x0000000621800000, 0x0000000621c00000, 0x0000000621c00000|100%| O|  |TAMS 0x0000000621800000, 0x0000000621800000| Untracked 
|  79|0x0000000621c00000, 0x0000000622000000, 0x0000000622000000|100%| O|  |TAMS 0x0000000621c00000, 0x0000000621c00000| Untracked 
|  80|0x0000000622000000, 0x0000000622400000, 0x0000000622400000|100%| O|  |TAMS 0x0000000622000000, 0x0000000622000000| Untracked 
|  81|0x0000000622400000, 0x0000000622800000, 0x0000000622800000|100%| O|  |TAMS 0x0000000622400000, 0x0000000622400000| Untracked 
|  82|0x0000000622800000, 0x0000000622c00000, 0x0000000622c00000|100%| O|  |TAMS 0x0000000622800000, 0x0000000622800000| Untracked 
|  83|0x0000000622c00000, 0x0000000623000000, 0x0000000623000000|100%| O|  |TAMS 0x0000000622c00000, 0x0000000622c00000| Untracked 
|  84|0x0000000623000000, 0x0000000623400000, 0x0000000623400000|100%| O|  |TAMS 0x0000000623000000, 0x0000000623000000| Untracked 
|  85|0x0000000623400000, 0x0000000623800000, 0x0000000623800000|100%| O|  |TAMS 0x0000000623400000, 0x0000000623400000| Untracked 
|  86|0x0000000623800000, 0x0000000623c00000, 0x0000000623c00000|100%| O|  |TAMS 0x0000000623800000, 0x0000000623800000| Untracked 
|  87|0x0000000623c00000, 0x0000000624000000, 0x0000000624000000|100%| O|  |TAMS 0x0000000623c00000, 0x0000000623c00000| Untracked 
|  88|0x0000000624000000, 0x0000000624400000, 0x0000000624400000|100%| O|  |TAMS 0x0000000624000000, 0x0000000624000000| Untracked 
|  89|0x0000000624400000, 0x0000000624800000, 0x0000000624800000|100%| O|  |TAMS 0x0000000624400000, 0x0000000624400000| Untracked 
|  90|0x0000000624800000, 0x0000000624c00000, 0x0000000624c00000|100%| O|  |TAMS 0x0000000624800000, 0x0000000624800000| Untracked 
|  91|0x0000000624c00000, 0x0000000625000000, 0x0000000625000000|100%| O|  |TAMS 0x0000000624c00000, 0x0000000624c00000| Untracked 
|  92|0x0000000625000000, 0x0000000625400000, 0x0000000625400000|100%| O|  |TAMS 0x0000000625000000, 0x0000000625000000| Untracked 
|  93|0x0000000625400000, 0x0000000625800000, 0x0000000625800000|100%| O|  |TAMS 0x0000000625400000, 0x0000000625400000| Untracked 
|  94|0x0000000625800000, 0x0000000625c00000, 0x0000000625c00000|100%| O|  |TAMS 0x0000000625800000, 0x0000000625800000| Untracked 
|  95|0x0000000625c00000, 0x0000000626000000, 0x0000000626000000|100%| O|  |TAMS 0x0000000625c00000, 0x0000000625c00000| Untracked 
|  96|0x0000000626000000, 0x0000000626400000, 0x0000000626400000|100%| O|  |TAMS 0x0000000626000000, 0x0000000626000000| Untracked 
|  97|0x0000000626400000, 0x0000000626800000, 0x0000000626800000|100%| O|  |TAMS 0x0000000626400000, 0x0000000626400000| Untracked 
|  98|0x0000000626800000, 0x0000000626c00000, 0x0000000626c00000|100%| O|  |TAMS 0x0000000626800000, 0x0000000626800000| Untracked 
|  99|0x0000000626c00000, 0x0000000627000000, 0x0000000627000000|100%| O|  |TAMS 0x0000000626c00000, 0x0000000626c00000| Untracked 
| 100|0x0000000627000000, 0x0000000627400000, 0x0000000627400000|100%| O|  |TAMS 0x0000000627000000, 0x0000000627000000| Untracked 
| 101|0x0000000627400000, 0x0000000627800000, 0x0000000627800000|100%| O|  |TAMS 0x0000000627400000, 0x0000000627400000| Untracked 
| 102|0x0000000627800000, 0x0000000627c00000, 0x0000000627c00000|100%| O|  |TAMS 0x0000000627800000, 0x0000000627800000| Untracked 
| 103|0x0000000627c00000, 0x0000000628000000, 0x0000000628000000|100%| O|  |TAMS 0x0000000627c00000, 0x0000000627c00000| Untracked 
| 104|0x0000000628000000, 0x0000000628400000, 0x0000000628400000|100%| O|  |TAMS 0x0000000628000000, 0x0000000628000000| Untracked 
| 105|0x0000000628400000, 0x0000000628800000, 0x0000000628800000|100%| O|  |TAMS 0x0000000628400000, 0x0000000628400000| Untracked 
| 106|0x0000000628800000, 0x0000000628c00000, 0x0000000628c00000|100%| O|  |TAMS 0x0000000628800000, 0x0000000628800000| Untracked 
| 107|0x0000000628c00000, 0x0000000629000000, 0x0000000629000000|100%| O|  |TAMS 0x0000000628c00000, 0x0000000628c00000| Untracked 
| 108|0x0000000629000000, 0x0000000629400000, 0x0000000629400000|100%| O|  |TAMS 0x0000000629000000, 0x0000000629000000| Untracked 
| 109|0x0000000629400000, 0x0000000629800000, 0x0000000629800000|100%| O|  |TAMS 0x0000000629400000, 0x0000000629400000| Untracked 
| 110|0x0000000629800000, 0x0000000629c00000, 0x0000000629c00000|100%| O|  |TAMS 0x0000000629800000, 0x0000000629800000| Untracked 
| 111|0x0000000629c00000, 0x000000062a000000, 0x000000062a000000|100%| O|  |TAMS 0x0000000629c00000, 0x0000000629c00000| Untracked 
| 112|0x000000062a000000, 0x000000062a400000, 0x000000062a400000|100%| O|  |TAMS 0x000000062a000000, 0x000000062a000000| Untracked 
| 113|0x000000062a400000, 0x000000062a800000, 0x000000062a800000|100%| O|  |TAMS 0x000000062a400000, 0x000000062a400000| Untracked 
| 114|0x000000062a800000, 0x000000062ac00000, 0x000000062ac00000|100%| O|  |TAMS 0x000000062a800000, 0x000000062a800000| Untracked 
| 115|0x000000062ac00000, 0x000000062b000000, 0x000000062b000000|100%| O|  |TAMS 0x000000062ac00000, 0x000000062ac00000| Untracked 
| 116|0x000000062b000000, 0x000000062b400000, 0x000000062b400000|100%| O|  |TAMS 0x000000062b000000, 0x000000062b000000| Untracked 
| 117|0x000000062b400000, 0x000000062b800000, 0x000000062b800000|100%| O|  |TAMS 0x000000062b400000, 0x000000062b400000| Untracked 
| 118|0x000000062b800000, 0x000000062bc00000, 0x000000062bc00000|100%| O|  |TAMS 0x000000062b800000, 0x000000062b800000| Untracked 
| 119|0x000000062bc00000, 0x000000062c000000, 0x000000062c000000|100%| O|  |TAMS 0x000000062bc00000, 0x000000062bc00000| Untracked 
| 120|0x000000062c000000, 0x000000062c400000, 0x000000062c400000|100%| O|  |TAMS 0x000000062c000000, 0x000000062c000000| Untracked 
| 121|0x000000062c400000, 0x000000062c800000, 0x000000062c800000|100%| O|  |TAMS 0x000000062c400000, 0x000000062c400000| Untracked 
| 122|0x000000062c800000, 0x000000062cc00000, 0x000000062cc00000|100%| O|  |TAMS 0x000000062c800000, 0x000000062c800000| Untracked 
| 123|0x000000062cc00000, 0x000000062d000000, 0x000000062d000000|100%| O|  |TAMS 0x000000062cc00000, 0x000000062cc00000| Untracked 
| 124|0x000000062d000000, 0x000000062d400000, 0x000000062d400000|100%| O|  |TAMS 0x000000062d000000, 0x000000062d000000| Untracked 
| 125|0x000000062d400000, 0x000000062d800000, 0x000000062d800000|100%| O|  |TAMS 0x000000062d400000, 0x000000062d400000| Untracked 
| 126|0x000000062d800000, 0x000000062dc00000, 0x000000062dc00000|100%| O|  |TAMS 0x000000062d800000, 0x000000062d800000| Untracked 
| 127|0x000000062dc00000, 0x000000062e000000, 0x000000062e000000|100%| O|  |TAMS 0x000000062dc00000, 0x000000062dc00000| Untracked 
| 128|0x000000062e000000, 0x000000062e400000, 0x000000062e400000|100%| O|  |TAMS 0x000000062e000000, 0x000000062e000000| Untracked 
| 129|0x000000062e400000, 0x000000062e800000, 0x000000062e800000|100%| O|  |TAMS 0x000000062e400000, 0x000000062e400000| Untracked 
| 130|0x000000062e800000, 0x000000062ec00000, 0x000000062ec00000|100%| O|  |TAMS 0x000000062e800000, 0x000000062e800000| Untracked 
| 131|0x000000062ec00000, 0x000000062f000000, 0x000000062f000000|100%| O|  |TAMS 0x000000062ec00000, 0x000000062ec00000| Untracked 
| 132|0x000000062f000000, 0x000000062f400000, 0x000000062f400000|100%| O|  |TAMS 0x000000062f000000, 0x000000062f000000| Untracked 
| 133|0x000000062f400000, 0x000000062f56ae00, 0x000000062f800000| 35%| O|  |TAMS 0x000000062f400000, 0x000000062f400000| Untracked 
| 134|0x000000062f800000, 0x000000062f800000, 0x000000062fc00000|  0%| F|  |TAMS 0x000000062f800000, 0x000000062f800000| Untracked 
| 135|0x000000062fc00000, 0x000000062fc00000, 0x0000000630000000|  0%| F|  |TAMS 0x000000062fc00000, 0x000000062fc00000| Untracked 
| 136|0x0000000630000000, 0x0000000630000000, 0x0000000630400000|  0%| F|  |TAMS 0x0000000630000000, 0x0000000630000000| Untracked 
| 137|0x0000000630400000, 0x0000000630400000, 0x0000000630800000|  0%| F|  |TAMS 0x0000000630400000, 0x0000000630400000| Untracked 
| 138|0x0000000630800000, 0x0000000630800000, 0x0000000630c00000|  0%| F|  |TAMS 0x0000000630800000, 0x0000000630800000| Untracked 
| 139|0x0000000630c00000, 0x0000000630c00000, 0x0000000631000000|  0%| F|  |TAMS 0x0000000630c00000, 0x0000000630c00000| Untracked 
| 140|0x0000000631000000, 0x0000000631000000, 0x0000000631400000|  0%| F|  |TAMS 0x0000000631000000, 0x0000000631000000| Untracked 
| 141|0x0000000631400000, 0x0000000631400000, 0x0000000631800000|  0%| F|  |TAMS 0x0000000631400000, 0x0000000631400000| Untracked 
| 142|0x0000000631800000, 0x0000000631800000, 0x0000000631c00000|  0%| F|  |TAMS 0x0000000631800000, 0x0000000631800000| Untracked 
| 143|0x0000000631c00000, 0x0000000631c00000, 0x0000000632000000|  0%| F|  |TAMS 0x0000000631c00000, 0x0000000631c00000| Untracked 
| 144|0x0000000632000000, 0x0000000632000000, 0x0000000632400000|  0%| F|  |TAMS 0x0000000632000000, 0x0000000632000000| Untracked 
| 145|0x0000000632400000, 0x0000000632400000, 0x0000000632800000|  0%| F|  |TAMS 0x0000000632400000, 0x0000000632400000| Untracked 
| 146|0x0000000632800000, 0x0000000632800000, 0x0000000632c00000|  0%| F|  |TAMS 0x0000000632800000, 0x0000000632800000| Untracked 
| 147|0x0000000632c00000, 0x0000000632c00000, 0x0000000633000000|  0%| F|  |TAMS 0x0000000632c00000, 0x0000000632c00000| Untracked 
| 148|0x0000000633000000, 0x0000000633000000, 0x0000000633400000|  0%| F|  |TAMS 0x0000000633000000, 0x0000000633000000| Untracked 
| 149|0x0000000633400000, 0x0000000633400000, 0x0000000633800000|  0%| F|  |TAMS 0x0000000633400000, 0x0000000633400000| Untracked 
| 150|0x0000000633800000, 0x0000000633800000, 0x0000000633c00000|  0%| F|  |TAMS 0x0000000633800000, 0x0000000633800000| Untracked 
| 151|0x0000000633c00000, 0x0000000633c00000, 0x0000000634000000|  0%| F|  |TAMS 0x0000000633c00000, 0x0000000633c00000| Untracked 
| 152|0x0000000634000000, 0x0000000634000000, 0x0000000634400000|  0%| F|  |TAMS 0x0000000634000000, 0x0000000634000000| Untracked 
| 153|0x0000000634400000, 0x0000000634400000, 0x0000000634800000|  0%| F|  |TAMS 0x0000000634400000, 0x0000000634400000| Untracked 
| 154|0x0000000634800000, 0x0000000634800000, 0x0000000634c00000|  0%| F|  |TAMS 0x0000000634800000, 0x0000000634800000| Untracked 
| 155|0x0000000634c00000, 0x0000000634c00000, 0x0000000635000000|  0%| F|  |TAMS 0x0000000634c00000, 0x0000000634c00000| Untracked 
| 156|0x0000000635000000, 0x0000000635000000, 0x0000000635400000|  0%| F|  |TAMS 0x0000000635000000, 0x0000000635000000| Untracked 
| 157|0x0000000635400000, 0x0000000635400000, 0x0000000635800000|  0%| F|  |TAMS 0x0000000635400000, 0x0000000635400000| Untracked 
| 158|0x0000000635800000, 0x0000000635800000, 0x0000000635c00000|  0%| F|  |TAMS 0x0000000635800000, 0x0000000635800000| Untracked 
| 159|0x0000000635c00000, 0x0000000635c00000, 0x0000000636000000|  0%| F|  |TAMS 0x0000000635c00000, 0x0000000635c00000| Untracked 
| 160|0x0000000636000000, 0x0000000636000000, 0x0000000636400000|  0%| F|  |TAMS 0x0000000636000000, 0x0000000636000000| Untracked 
| 161|0x0000000636400000, 0x0000000636400000, 0x0000000636800000|  0%| F|  |TAMS 0x0000000636400000, 0x0000000636400000| Untracked 
| 162|0x0000000636800000, 0x0000000636800000, 0x0000000636c00000|  0%| F|  |TAMS 0x0000000636800000, 0x0000000636800000| Untracked 
| 163|0x0000000636c00000, 0x0000000636c00000, 0x0000000637000000|  0%| F|  |TAMS 0x0000000636c00000, 0x0000000636c00000| Untracked 
| 164|0x0000000637000000, 0x0000000637000000, 0x0000000637400000|  0%| F|  |TAMS 0x0000000637000000, 0x0000000637000000| Untracked 
| 165|0x0000000637400000, 0x0000000637400000, 0x0000000637800000|  0%| F|  |TAMS 0x0000000637400000, 0x0000000637400000| Untracked 
| 166|0x0000000637800000, 0x0000000637800000, 0x0000000637c00000|  0%| F|  |TAMS 0x0000000637800000, 0x0000000637800000| Untracked 
| 167|0x0000000637c00000, 0x0000000637c00000, 0x0000000638000000|  0%| F|  |TAMS 0x0000000637c00000, 0x0000000637c00000| Untracked 
| 168|0x0000000638000000, 0x0000000638000000, 0x0000000638400000|  0%| F|  |TAMS 0x0000000638000000, 0x0000000638000000| Untracked 
| 169|0x0000000638400000, 0x0000000638400000, 0x0000000638800000|  0%| F|  |TAMS 0x0000000638400000, 0x0000000638400000| Untracked 
| 170|0x0000000638800000, 0x0000000638800000, 0x0000000638c00000|  0%| F|  |TAMS 0x0000000638800000, 0x0000000638800000| Untracked 
| 171|0x0000000638c00000, 0x0000000638c00000, 0x0000000639000000|  0%| F|  |TAMS 0x0000000638c00000, 0x0000000638c00000| Untracked 
| 172|0x0000000639000000, 0x0000000639400000, 0x0000000639400000|100%| S|CS|TAMS 0x0000000639000000, 0x0000000639000000| Complete 
| 173|0x0000000639400000, 0x0000000639800000, 0x0000000639800000|100%| S|CS|TAMS 0x0000000639400000, 0x0000000639400000| Complete 
| 174|0x0000000639800000, 0x0000000639c00000, 0x0000000639c00000|100%| S|CS|TAMS 0x0000000639800000, 0x0000000639800000| Complete 
| 175|0x0000000639c00000, 0x0000000639c00000, 0x000000063a000000|  0%| F|  |TAMS 0x0000000639c00000, 0x0000000639c00000| Untracked 
| 176|0x000000063a000000, 0x000000063a000000, 0x000000063a400000|  0%| F|  |TAMS 0x000000063a000000, 0x000000063a000000| Untracked 
| 177|0x000000063a400000, 0x000000063a400000, 0x000000063a800000|  0%| F|  |TAMS 0x000000063a400000, 0x000000063a400000| Untracked 
| 178|0x000000063a800000, 0x000000063a800000, 0x000000063ac00000|  0%| F|  |TAMS 0x000000063a800000, 0x000000063a800000| Untracked 
| 179|0x000000063ac00000, 0x000000063b000000, 0x000000063b000000|100%| S|CS|TAMS 0x000000063ac00000, 0x000000063ac00000| Complete 
| 180|0x000000063b000000, 0x000000063b400000, 0x000000063b400000|100%| S|CS|TAMS 0x000000063b000000, 0x000000063b000000| Complete 
| 181|0x000000063b400000, 0x000000063b800000, 0x000000063b800000|100%| S|CS|TAMS 0x000000063b400000, 0x000000063b400000| Complete 
| 182|0x000000063b800000, 0x000000063bc00000, 0x000000063bc00000|100%| S|CS|TAMS 0x000000063b800000, 0x000000063b800000| Complete 
| 183|0x000000063bc00000, 0x000000063c000000, 0x000000063c000000|100%| S|CS|TAMS 0x000000063bc00000, 0x000000063bc00000| Complete 
| 184|0x000000063c000000, 0x000000063c400000, 0x000000063c400000|100%| S|CS|TAMS 0x000000063c000000, 0x000000063c000000| Complete 
| 185|0x000000063c400000, 0x000000063c800000, 0x000000063c800000|100%| S|CS|TAMS 0x000000063c400000, 0x000000063c400000| Complete 
| 186|0x000000063c800000, 0x000000063c800000, 0x000000063cc00000|  0%| F|  |TAMS 0x000000063c800000, 0x000000063c800000| Untracked 
| 187|0x000000063cc00000, 0x000000063cc00000, 0x000000063d000000|  0%| F|  |TAMS 0x000000063cc00000, 0x000000063cc00000| Untracked 
| 188|0x000000063d000000, 0x000000063d000000, 0x000000063d400000|  0%| F|  |TAMS 0x000000063d000000, 0x000000063d000000| Untracked 
| 189|0x000000063d400000, 0x000000063d400000, 0x000000063d800000|  0%| F|  |TAMS 0x000000063d400000, 0x000000063d400000| Untracked 
| 190|0x000000063d800000, 0x000000063d800000, 0x000000063dc00000|  0%| F|  |TAMS 0x000000063d800000, 0x000000063d800000| Untracked 
| 191|0x000000063dc00000, 0x000000063dc00000, 0x000000063e000000|  0%| F|  |TAMS 0x000000063dc00000, 0x000000063dc00000| Untracked 
| 192|0x000000063e000000, 0x000000063e000000, 0x000000063e400000|  0%| F|  |TAMS 0x000000063e000000, 0x000000063e000000| Untracked 
| 193|0x000000063e400000, 0x000000063e400000, 0x000000063e800000|  0%| F|  |TAMS 0x000000063e400000, 0x000000063e400000| Untracked 
| 194|0x000000063e800000, 0x000000063e800000, 0x000000063ec00000|  0%| F|  |TAMS 0x000000063e800000, 0x000000063e800000| Untracked 
| 195|0x000000063ec00000, 0x000000063ec00000, 0x000000063f000000|  0%| F|  |TAMS 0x000000063ec00000, 0x000000063ec00000| Untracked 
| 196|0x000000063f000000, 0x000000063f000000, 0x000000063f400000|  0%| F|  |TAMS 0x000000063f000000, 0x000000063f000000| Untracked 
| 197|0x000000063f400000, 0x000000063f400000, 0x000000063f800000|  0%| F|  |TAMS 0x000000063f400000, 0x000000063f400000| Untracked 
| 198|0x000000063f800000, 0x000000063f800000, 0x000000063fc00000|  0%| F|  |TAMS 0x000000063f800000, 0x000000063f800000| Untracked 
| 199|0x000000063fc00000, 0x000000063fc00000, 0x0000000640000000|  0%| F|  |TAMS 0x000000063fc00000, 0x000000063fc00000| Untracked 
| 200|0x0000000640000000, 0x0000000640000000, 0x0000000640400000|  0%| F|  |TAMS 0x0000000640000000, 0x0000000640000000| Untracked 
| 201|0x0000000640400000, 0x0000000640400000, 0x0000000640800000|  0%| F|  |TAMS 0x0000000640400000, 0x0000000640400000| Untracked 
| 202|0x0000000640800000, 0x0000000640800000, 0x0000000640c00000|  0%| F|  |TAMS 0x0000000640800000, 0x0000000640800000| Untracked 
| 203|0x0000000640c00000, 0x0000000640c00000, 0x0000000641000000|  0%| F|  |TAMS 0x0000000640c00000, 0x0000000640c00000| Untracked 
| 204|0x0000000641000000, 0x0000000641000000, 0x0000000641400000|  0%| F|  |TAMS 0x0000000641000000, 0x0000000641000000| Untracked 
| 205|0x0000000641400000, 0x0000000641400000, 0x0000000641800000|  0%| F|  |TAMS 0x0000000641400000, 0x0000000641400000| Untracked 
| 206|0x0000000641800000, 0x0000000641800000, 0x0000000641c00000|  0%| F|  |TAMS 0x0000000641800000, 0x0000000641800000| Untracked 
| 207|0x0000000641c00000, 0x0000000641c00000, 0x0000000642000000|  0%| F|  |TAMS 0x0000000641c00000, 0x0000000641c00000| Untracked 
| 208|0x0000000642000000, 0x0000000642000000, 0x0000000642400000|  0%| F|  |TAMS 0x0000000642000000, 0x0000000642000000| Untracked 
| 209|0x0000000642400000, 0x0000000642400000, 0x0000000642800000|  0%| F|  |TAMS 0x0000000642400000, 0x0000000642400000| Untracked 
| 210|0x0000000642800000, 0x0000000642800000, 0x0000000642c00000|  0%| F|  |TAMS 0x0000000642800000, 0x0000000642800000| Untracked 
| 211|0x0000000642c00000, 0x0000000642c00000, 0x0000000643000000|  0%| F|  |TAMS 0x0000000642c00000, 0x0000000642c00000| Untracked 
| 212|0x0000000643000000, 0x0000000643000000, 0x0000000643400000|  0%| F|  |TAMS 0x0000000643000000, 0x0000000643000000| Untracked 
| 213|0x0000000643400000, 0x0000000643400000, 0x0000000643800000|  0%| F|  |TAMS 0x0000000643400000, 0x0000000643400000| Untracked 
| 214|0x0000000643800000, 0x0000000643800000, 0x0000000643c00000|  0%| F|  |TAMS 0x0000000643800000, 0x0000000643800000| Untracked 
| 215|0x0000000643c00000, 0x0000000643c00000, 0x0000000644000000|  0%| F|  |TAMS 0x0000000643c00000, 0x0000000643c00000| Untracked 
| 216|0x0000000644000000, 0x0000000644000000, 0x0000000644400000|  0%| F|  |TAMS 0x0000000644000000, 0x0000000644000000| Untracked 
| 217|0x0000000644400000, 0x0000000644400000, 0x0000000644800000|  0%| F|  |TAMS 0x0000000644400000, 0x0000000644400000| Untracked 
| 218|0x0000000644800000, 0x0000000644800000, 0x0000000644c00000|  0%| F|  |TAMS 0x0000000644800000, 0x0000000644800000| Untracked 
| 219|0x0000000644c00000, 0x0000000644c00000, 0x0000000645000000|  0%| F|  |TAMS 0x0000000644c00000, 0x0000000644c00000| Untracked 
| 220|0x0000000645000000, 0x0000000645000000, 0x0000000645400000|  0%| F|  |TAMS 0x0000000645000000, 0x0000000645000000| Untracked 
| 221|0x0000000645400000, 0x0000000645400000, 0x0000000645800000|  0%| F|  |TAMS 0x0000000645400000, 0x0000000645400000| Untracked 
| 222|0x0000000645800000, 0x0000000645800000, 0x0000000645c00000|  0%| F|  |TAMS 0x0000000645800000, 0x0000000645800000| Untracked 
| 223|0x0000000645c00000, 0x0000000645c00000, 0x0000000646000000|  0%| F|  |TAMS 0x0000000645c00000, 0x0000000645c00000| Untracked 
| 224|0x0000000646000000, 0x0000000646000000, 0x0000000646400000|  0%| F|  |TAMS 0x0000000646000000, 0x0000000646000000| Untracked 
| 225|0x0000000646400000, 0x0000000646400000, 0x0000000646800000|  0%| F|  |TAMS 0x0000000646400000, 0x0000000646400000| Untracked 
| 226|0x0000000646800000, 0x0000000646800000, 0x0000000646c00000|  0%| F|  |TAMS 0x0000000646800000, 0x0000000646800000| Untracked 
| 227|0x0000000646c00000, 0x0000000646c00000, 0x0000000647000000|  0%| F|  |TAMS 0x0000000646c00000, 0x0000000646c00000| Untracked 
| 228|0x0000000647000000, 0x0000000647000000, 0x0000000647400000|  0%| F|  |TAMS 0x0000000647000000, 0x0000000647000000| Untracked 
| 229|0x0000000647400000, 0x0000000647400000, 0x0000000647800000|  0%| F|  |TAMS 0x0000000647400000, 0x0000000647400000| Untracked 
| 230|0x0000000647800000, 0x0000000647800000, 0x0000000647c00000|  0%| F|  |TAMS 0x0000000647800000, 0x0000000647800000| Untracked 
| 231|0x0000000647c00000, 0x0000000647c00000, 0x0000000648000000|  0%| F|  |TAMS 0x0000000647c00000, 0x0000000647c00000| Untracked 
| 232|0x0000000648000000, 0x0000000648000000, 0x0000000648400000|  0%| F|  |TAMS 0x0000000648000000, 0x0000000648000000| Untracked 
| 233|0x0000000648400000, 0x0000000648400000, 0x0000000648800000|  0%| F|  |TAMS 0x0000000648400000, 0x0000000648400000| Untracked 
| 234|0x0000000648800000, 0x0000000648800000, 0x0000000648c00000|  0%| F|  |TAMS 0x0000000648800000, 0x0000000648800000| Untracked 
| 235|0x0000000648c00000, 0x0000000648c00000, 0x0000000649000000|  0%| F|  |TAMS 0x0000000648c00000, 0x0000000648c00000| Untracked 
| 236|0x0000000649000000, 0x0000000649000000, 0x0000000649400000|  0%| F|  |TAMS 0x0000000649000000, 0x0000000649000000| Untracked 
| 237|0x0000000649400000, 0x0000000649400000, 0x0000000649800000|  0%| F|  |TAMS 0x0000000649400000, 0x0000000649400000| Untracked 
| 238|0x0000000649800000, 0x0000000649800000, 0x0000000649c00000|  0%| F|  |TAMS 0x0000000649800000, 0x0000000649800000| Untracked 
| 239|0x0000000649c00000, 0x0000000649c00000, 0x000000064a000000|  0%| F|  |TAMS 0x0000000649c00000, 0x0000000649c00000| Untracked 
| 240|0x000000064a000000, 0x000000064a000000, 0x000000064a400000|  0%| F|  |TAMS 0x000000064a000000, 0x000000064a000000| Untracked 
| 241|0x000000064a400000, 0x000000064a400000, 0x000000064a800000|  0%| F|  |TAMS 0x000000064a400000, 0x000000064a400000| Untracked 
| 242|0x000000064a800000, 0x000000064a800000, 0x000000064ac00000|  0%| F|  |TAMS 0x000000064a800000, 0x000000064a800000| Untracked 
| 243|0x000000064ac00000, 0x000000064ac00000, 0x000000064b000000|  0%| F|  |TAMS 0x000000064ac00000, 0x000000064ac00000| Untracked 
| 244|0x000000064b000000, 0x000000064b000000, 0x000000064b400000|  0%| F|  |TAMS 0x000000064b000000, 0x000000064b000000| Untracked 
| 245|0x000000064b400000, 0x000000064b400000, 0x000000064b800000|  0%| F|  |TAMS 0x000000064b400000, 0x000000064b400000| Untracked 
| 246|0x000000064b800000, 0x000000064b800000, 0x000000064bc00000|  0%| F|  |TAMS 0x000000064b800000, 0x000000064b800000| Untracked 
| 247|0x000000064bc00000, 0x000000064bc00000, 0x000000064c000000|  0%| F|  |TAMS 0x000000064bc00000, 0x000000064bc00000| Untracked 
| 248|0x000000064c000000, 0x000000064c000000, 0x000000064c400000|  0%| F|  |TAMS 0x000000064c000000, 0x000000064c000000| Untracked 
| 249|0x000000064c400000, 0x000000064c400000, 0x000000064c800000|  0%| F|  |TAMS 0x000000064c400000, 0x000000064c400000| Untracked 
| 250|0x000000064c800000, 0x000000064c800000, 0x000000064cc00000|  0%| F|  |TAMS 0x000000064c800000, 0x000000064c800000| Untracked 
| 251|0x000000064cc00000, 0x000000064cc00000, 0x000000064d000000|  0%| F|  |TAMS 0x000000064cc00000, 0x000000064cc00000| Untracked 
| 252|0x000000064d000000, 0x000000064d000000, 0x000000064d400000|  0%| F|  |TAMS 0x000000064d000000, 0x000000064d000000| Untracked 
| 253|0x000000064d400000, 0x000000064d400000, 0x000000064d800000|  0%| F|  |TAMS 0x000000064d400000, 0x000000064d400000| Untracked 

Card table byte_map: [0x000002a22a7d0000,0x000002a22b760000] _byte_map_base: 0x000002a227760000

Marking Bits (Prev, Next): (CMBitMap*) 0x000002a2124efb50, (CMBitMap*) 0x000002a2124efb10
 Prev Bits: [0x000002a234370000, 0x000002a23bff0000)
 Next Bits: [0x000002a22c6f0000, 0x000002a234370000)

Polling page: 0x000002a211b90000

Metaspace:

Usage:
  Non-class:     68.23 MB used.
      Class:      8.59 MB used.
       Both:     76.81 MB used.

Virtual space:
  Non-class space:      128.00 MB reserved,      68.50 MB ( 54%) committed,  2 nodes.
      Class space:        1.00 GB reserved,       8.88 MB ( <1%) committed,  1 nodes.
             Both:        1.12 GB reserved,      77.38 MB (  7%) committed. 

Chunk freelists:
   Non-Class:  11.47 MB
       Class:  7.12 MB
        Both:  18.59 MB

MaxMetaspaceSize: unlimited
CompressedClassSpaceSize: 1.00 GB
Initial GC threshold: 21.00 MB
Current GC threshold: 128.69 MB
CDS: on
MetaspaceReclaimPolicy: balanced
 - commit_granule_bytes: 65536.
 - commit_granule_words: 8192.
 - virtual_space_node_default_size: 8388608.
 - enlarge_chunks_in_place: 1.
 - new_chunks_are_fully_committed: 0.
 - uncommit_free_chunks: 1.
 - use_allocation_guard: 0.
 - handle_deallocations: 1.


Internal statistics:

num_allocs_failed_limit: 6.
num_arena_births: 990.
num_arena_deaths: 0.
num_vsnodes_births: 3.
num_vsnodes_deaths: 0.
num_space_committed: 1236.
num_space_uncommitted: 0.
num_chunks_returned_to_freelist: 6.
num_chunks_taken_from_freelist: 3998.
num_chunk_merges: 6.
num_chunk_splits: 2902.
num_chunks_enlarged: 2229.
num_inconsistent_stats: 0.

CodeHeap 'non-profiled nmethods': size=119168Kb used=12699Kb max_used=13081Kb free=106468Kb
 bounds [0x000002a221b60000, 0x000002a222830000, 0x000002a228fc0000]
CodeHeap 'profiled nmethods': size=119104Kb used=40379Kb max_used=41853Kb free=78724Kb
 bounds [0x000002a219fc0000, 0x000002a21c8b0000, 0x000002a221410000]
CodeHeap 'non-nmethods': size=7488Kb used=3095Kb max_used=3197Kb free=4392Kb
 bounds [0x000002a221410000, 0x000002a221740000, 0x000002a221b60000]
 total_blobs=15048 nmethods=14324 adapters=631
 compilation: enabled
              stopped_count=0, restarted_count=0
 full_count=0

Compilation events (20 events):
Event: 12.615 Thread 0x000002a2801ece70 17426       3       org.jetbrains.exposed.sql.ColumnType::notNullValueToDB (9 bytes)
Event: 12.615 Thread 0x000002a280091780 nmethod 17420 0x000002a21b0c7890 code [0x000002a21b0c7d40, 0x000002a21b0c9d38]
Event: 12.616 Thread 0x000002a285ae03b0 nmethod 17423 0x000002a21aee8d90 code [0x000002a21aee9200, 0x000002a21aeeb708]
Event: 12.616 Thread 0x000002a280091780 17427       3       org.jetbrains.exposed.sql.ColumnType::nonNullValueToString (9 bytes)
Event: 12.616 Thread 0x000002a2801c3b20 nmethod 17425 0x000002a21b2f1510 code [0x000002a21b2f1800, 0x000002a21b2f27f8]
Event: 12.616 Thread 0x000002a2801ece70 nmethod 17426 0x000002a21c899f90 code [0x000002a21c89a1a0, 0x000002a21c89a818]
Event: 12.616 Thread 0x000002a2801c3b20 17428       3       org.jetbrains.exposed.sql.QueryBuilder::<init> (35 bytes)
Event: 12.616 Thread 0x000002a280091780 nmethod 17427 0x000002a21a942590 code [0x000002a21a9427c0, 0x000002a21a942fd8]
Event: 12.617 Thread 0x000002a2801c3b20 nmethod 17428 0x000002a21c266290 code [0x000002a21c266480, 0x000002a21c266a08]
Event: 12.624 Thread 0x000002a28dbaf9d0 nmethod 17407 0x000002a222589110 code [0x000002a2225892e0, 0x000002a2225898e8]
Event: 12.625 Thread 0x000002a28dbaf9d0 17408       4       kotlin.collections.MapsKt___MapsKt::toList (182 bytes)
Event: 12.626 Thread 0x000002a285ae03b0 17436 %     3       org.jetbrains.exposed.sql.statements.InsertStatement::arguments @ 218 (302 bytes)
Event: 12.628 Thread 0x000002a285ae03b0 nmethod 17436% 0x000002a21c3fa710 code [0x000002a21c3fac00, 0x000002a21c3fdb98]
Event: 12.628 Thread 0x000002a285619c70 nmethod 17250 0x000002a222600c10 code [0x000002a2226013a0, 0x000002a222608e48]
Event: 12.629 Thread 0x000002a285ae03b0 17437       3       org.jetbrains.exposed.sql.statements.InsertStatement::arguments (302 bytes)
Event: 12.629 Thread 0x000002a28fa05d30 nmethod 17359 0x000002a22226e790 code [0x000002a22226e9c0, 0x000002a22226fb58]
Event: 12.631 Thread 0x000002a285ae03b0 nmethod 17437 0x000002a21a376d90 code [0x000002a21a377260, 0x000002a21a379fb8]
Event: 12.631 Thread 0x000002a28fa05d30 17433       4       org.jetbrains.exposed.sql.QueryBuilder::appendTo (152 bytes)
Event: 12.635 Thread 0x000002a285619c70 17434       4       org.jetbrains.exposed.sql.QueryBuilder::registerArguments (162 bytes)
Event: 12.635 Thread 0x000002a280094700 nmethod 17297 0x000002a222549e90 code [0x000002a22254a1c0, 0x000002a22254e420]

GC Heap History (20 events):
Event: 9.038 GC heap after
{Heap after GC invocations=47 (full 0):
 garbage-first heap   total 425984K, used 203617K [0x000000060e000000, 0x0000000800000000)
  region size 4096K, 4 young (16384K), 4 survivors (16384K)
 Metaspace       used 78333K, committed 78912K, reserved 1179648K
  class space    used 8779K, committed 9088K, reserved 1048576K
}
Event: 9.237 GC heap before
{Heap before GC invocations=47 (full 0):
 garbage-first heap   total 425984K, used 322401K [0x000000060e000000, 0x0000000800000000)
  region size 4096K, 34 young (139264K), 4 survivors (16384K)
 Metaspace       used 78418K, committed 79040K, reserved 1179648K
  class space    used 8784K, committed 9088K, reserved 1048576K
}
Event: 9.242 GC heap after
{Heap after GC invocations=48 (full 0):
 garbage-first heap   total 425984K, used 219963K [0x000000060e000000, 0x0000000800000000)
  region size 4096K, 4 young (16384K), 4 survivors (16384K)
 Metaspace       used 78418K, committed 79040K, reserved 1179648K
  class space    used 8784K, committed 9088K, reserved 1048576K
}
Event: 9.345 GC heap before
{Heap before GC invocations=48 (full 0):
 garbage-first heap   total 425984K, used 334651K [0x000000060e000000, 0x0000000800000000)
  region size 4096K, 32 young (131072K), 4 survivors (16384K)
 Metaspace       used 78446K, committed 79040K, reserved 1179648K
  class space    used 8784K, committed 9088K, reserved 1048576K
}
Event: 9.350 GC heap after
{Heap after GC invocations=49 (full 0):
 garbage-first heap   total 425984K, used 236165K [0x000000060e000000, 0x0000000800000000)
  region size 4096K, 4 young (16384K), 4 survivors (16384K)
 Metaspace       used 78446K, committed 79040K, reserved 1179648K
  class space    used 8784K, committed 9088K, reserved 1048576K
}
Event: 9.507 GC heap before
{Heap before GC invocations=50 (full 0):
 garbage-first heap   total 520192K, used 342661K [0x000000060e000000, 0x0000000800000000)
  region size 4096K, 30 young (122880K), 4 survivors (16384K)
 Metaspace       used 78450K, committed 79040K, reserved 1179648K
  class space    used 8784K, committed 9088K, reserved 1048576K
}
Event: 9.513 GC heap after
{Heap after GC invocations=51 (full 0):
 garbage-first heap   total 520192K, used 254182K [0x000000060e000000, 0x0000000800000000)
  region size 4096K, 4 young (16384K), 4 survivors (16384K)
 Metaspace       used 78450K, committed 79040K, reserved 1179648K
  class space    used 8784K, committed 9088K, reserved 1048576K
}
Event: 9.791 GC heap before
{Heap before GC invocations=51 (full 0):
 garbage-first heap   total 520192K, used 405734K [0x000000060e000000, 0x0000000800000000)
  region size 4096K, 41 young (167936K), 4 survivors (16384K)
 Metaspace       used 78469K, committed 79104K, reserved 1179648K
  class space    used 8784K, committed 9088K, reserved 1048576K
}
Event: 9.801 GC heap after
{Heap after GC invocations=52 (full 0):
 garbage-first heap   total 1040384K, used 284147K [0x000000060e000000, 0x0000000800000000)
  region size 4096K, 6 young (24576K), 6 survivors (24576K)
 Metaspace       used 78469K, committed 79104K, reserved 1179648K
  class space    used 8784K, committed 9088K, reserved 1048576K
}
Event: 11.167 GC heap before
{Heap before GC invocations=53 (full 0):
 garbage-first heap   total 1024000K, used 759283K [0x000000060e000000, 0x0000000800000000)
  region size 4096K, 122 young (499712K), 6 survivors (24576K)
 Metaspace       used 78573K, committed 79168K, reserved 1179648K
  class space    used 8791K, committed 9088K, reserved 1048576K
}
Event: 11.190 GC heap after
{Heap after GC invocations=54 (full 0):
 garbage-first heap   total 1024000K, used 376276K [0x000000060e000000, 0x0000000800000000)
  region size 4096K, 16 young (65536K), 16 survivors (65536K)
 Metaspace       used 78573K, committed 79168K, reserved 1179648K
  class space    used 8791K, committed 9088K, reserved 1048576K
}
Event: 11.195 GC heap before
{Heap before GC invocations=54 (full 0):
 garbage-first heap   total 1024000K, used 380372K [0x000000060e000000, 0x0000000800000000)
  region size 4096K, 17 young (69632K), 16 survivors (65536K)
 Metaspace       used 78573K, committed 79168K, reserved 1179648K
  class space    used 8791K, committed 9088K, reserved 1048576K
}
Event: 11.206 GC heap after
{Heap after GC invocations=55 (full 0):
 garbage-first heap   total 1024000K, used 386952K [0x000000060e000000, 0x0000000800000000)
  region size 4096K, 2 young (8192K), 2 survivors (8192K)
 Metaspace       used 78573K, committed 79168K, reserved 1179648K
  class space    used 8791K, committed 9088K, reserved 1048576K
}
Event: 11.428 GC heap before
{Heap before GC invocations=55 (full 0):
 garbage-first heap   total 1024000K, used 710536K [0x000000060e000000, 0x0000000800000000)
  region size 4096K, 81 young (331776K), 2 survivors (8192K)
 Metaspace       used 78587K, committed 79168K, reserved 1179648K
  class space    used 8793K, committed 9088K, reserved 1048576K
}
Event: 11.440 GC heap after
{Heap after GC invocations=56 (full 0):
 garbage-first heap   total 1024000K, used 435094K [0x000000060e000000, 0x0000000800000000)
  region size 4096K, 11 young (45056K), 11 survivors (45056K)
 Metaspace       used 78587K, committed 79168K, reserved 1179648K
  class space    used 8793K, committed 9088K, reserved 1048576K
}
Event: 11.741 GC heap before
{Heap before GC invocations=56 (full 0):
 garbage-first heap   total 1024000K, used 742294K [0x000000060e000000, 0x0000000800000000)
  region size 4096K, 86 young (352256K), 11 survivors (45056K)
 Metaspace       used 78593K, committed 79168K, reserved 1179648K
  class space    used 8793K, committed 9088K, reserved 1048576K
}
Event: 11.758 GC heap after
{Heap after GC invocations=57 (full 0):
 garbage-first heap   total 1024000K, used 485777K [0x000000060e000000, 0x0000000800000000)
  region size 4096K, 11 young (45056K), 11 survivors (45056K)
 Metaspace       used 78593K, committed 79168K, reserved 1179648K
  class space    used 8793K, committed 9088K, reserved 1048576K
}
Event: 12.024 GC heap before
{Heap before GC invocations=57 (full 0):
 garbage-first heap   total 1024000K, used 776593K [0x000000060e000000, 0x0000000800000000)
  region size 4096K, 82 young (335872K), 11 survivors (45056K)
 Metaspace       used 78596K, committed 79168K, reserved 1179648K
  class space    used 8793K, committed 9088K, reserved 1048576K
}
Event: 12.040 GC heap after
{Heap after GC invocations=58 (full 0):
 garbage-first heap   total 1024000K, used 540145K [0x000000060e000000, 0x0000000800000000)
  region size 4096K, 11 young (45056K), 11 survivors (45056K)
 Metaspace       used 78596K, committed 79168K, reserved 1179648K
  class space    used 8793K, committed 9088K, reserved 1048576K
}
Event: 12.645 GC heap before
{Heap before GC invocations=58 (full 0):
 garbage-first heap   total 1024000K, used 802289K [0x000000060e000000, 0x0000000800000000)
  region size 4096K, 75 young (307200K), 11 survivors (45056K)
 Metaspace       used 78657K, committed 79232K, reserved 1179648K
  class space    used 8793K, committed 9088K, reserved 1048576K
}

Dll operation events (8 events):
Event: 0.009 Loaded shared library C:\Program Files\Eclipse Adoptium\jdk-17.0.15.6-hotspot\bin\java.dll
Event: 0.021 Loaded shared library C:\Program Files\Eclipse Adoptium\jdk-17.0.15.6-hotspot\bin\jsvml.dll
Event: 0.060 Loaded shared library C:\Program Files\Eclipse Adoptium\jdk-17.0.15.6-hotspot\bin\net.dll
Event: 0.062 Loaded shared library C:\Program Files\Eclipse Adoptium\jdk-17.0.15.6-hotspot\bin\nio.dll
Event: 0.065 Loaded shared library C:\Program Files\Eclipse Adoptium\jdk-17.0.15.6-hotspot\bin\zip.dll
Event: 0.117 Loaded shared library C:\Program Files\Eclipse Adoptium\jdk-17.0.15.6-hotspot\bin\jimage.dll
Event: 0.729 Loaded shared library C:\Program Files\Eclipse Adoptium\jdk-17.0.15.6-hotspot\bin\verify.dll
Event: 1.427 Loaded shared library C:\Users\CHSey\AppData\Local\Temp\sqlite-3.41.2.1-9cf0e9c3-6bfc-4fab-934b-39c68c9e4379-sqlitejdbc.dll

Deoptimization events (20 events):
Event: 12.351 Thread 0x000002a29a32b560 DEOPT PACKING pc=0x000002a22261bc50 sp=0x000000e42effc7d0
Event: 12.351 Thread 0x000002a29a32b560 DEOPT UNPACKING pc=0x000002a22146a1a3 sp=0x000000e42effc788 mode 2
Event: 12.426 Thread 0x000002a29a32b560 Uncommon trap: trap_request=0xffffffbe fr.pc=0x000002a22261b4d4 relative=0x00000000000001b4
Event: 12.426 Thread 0x000002a29a32b560 Uncommon trap: reason=profile_predicate action=maybe_recompile pc=0x000002a22261b4d4 method=java.util.LinkedHashMap.valuesToArray([Ljava/lang/Object;)[Ljava/lang/Object; @ 12 c2
Event: 12.426 Thread 0x000002a29a32b560 DEOPT PACKING pc=0x000002a22261b4d4 sp=0x000000e42effc7d0
Event: 12.426 Thread 0x000002a29a32b560 DEOPT UNPACKING pc=0x000002a22146a1a3 sp=0x000000e42effc788 mode 2
Event: 12.426 Thread 0x000002a29a32b560 Uncommon trap: trap_request=0xffffffbe fr.pc=0x000002a22261b4d4 relative=0x00000000000001b4
Event: 12.426 Thread 0x000002a29a32b560 Uncommon trap: reason=profile_predicate action=maybe_recompile pc=0x000002a22261b4d4 method=java.util.LinkedHashMap.valuesToArray([Ljava/lang/Object;)[Ljava/lang/Object; @ 12 c2
Event: 12.426 Thread 0x000002a29a32b560 DEOPT PACKING pc=0x000002a22261b4d4 sp=0x000000e42effd330
Event: 12.426 Thread 0x000002a29a32b560 DEOPT UNPACKING pc=0x000002a22146a1a3 sp=0x000000e42effd2e8 mode 2
Event: 12.426 Thread 0x000002a29a32b560 Uncommon trap: trap_request=0xffffffbe fr.pc=0x000002a22261b4d4 relative=0x00000000000001b4
Event: 12.426 Thread 0x000002a29a32b560 Uncommon trap: reason=profile_predicate action=maybe_recompile pc=0x000002a22261b4d4 method=java.util.LinkedHashMap.valuesToArray([Ljava/lang/Object;)[Ljava/lang/Object; @ 12 c2
Event: 12.426 Thread 0x000002a29a32b560 DEOPT PACKING pc=0x000002a22261b4d4 sp=0x000000e42effde90
Event: 12.426 Thread 0x000002a29a32b560 DEOPT UNPACKING pc=0x000002a22146a1a3 sp=0x000000e42effde48 mode 2
Event: 12.427 Thread 0x000002a29a32b560 Uncommon trap: trap_request=0xffffffbe fr.pc=0x000002a22261b4d4 relative=0x00000000000001b4
Event: 12.427 Thread 0x000002a29a32b560 Uncommon trap: reason=profile_predicate action=maybe_recompile pc=0x000002a22261b4d4 method=java.util.LinkedHashMap.valuesToArray([Ljava/lang/Object;)[Ljava/lang/Object; @ 12 c2
Event: 12.427 Thread 0x000002a29a32b560 DEOPT PACKING pc=0x000002a22261b4d4 sp=0x000000e42effde90
Event: 12.427 Thread 0x000002a29a32b560 DEOPT UNPACKING pc=0x000002a22146a1a3 sp=0x000000e42effde48 mode 2
Event: 12.487 Thread 0x000002a29a32b560 DEOPT PACKING pc=0x000002a21bef587f sp=0x000000e42effd550
Event: 12.487 Thread 0x000002a29a32b560 DEOPT UNPACKING pc=0x000002a22146ace3 sp=0x000000e42effca10 mode 0

Classes loaded (20 events):
Event: 4.082 Loading class java/util/stream/IntPipeline$1$1
Event: 4.082 Loading class java/util/stream/IntPipeline$1$1 done
Event: 4.144 Loading class java/util/stream/SliceOps
Event: 4.145 Loading class java/util/stream/SliceOps done
Event: 4.145 Loading class java/util/stream/SliceOps$1
Event: 4.145 Loading class java/util/stream/SliceOps$1 done
Event: 4.146 Loading class java/util/stream/SliceOps$1$1
Event: 4.146 Loading class java/util/stream/SliceOps$1$1 done
Event: 4.258 Loading class java/util/RegularEnumSet$EnumSetIterator
Event: 4.258 Loading class java/util/RegularEnumSet$EnumSetIterator done
Event: 5.823 Loading class java/util/function/IntBinaryOperator
Event: 5.824 Loading class java/util/function/IntBinaryOperator done
Event: 5.933 Loading class java/util/concurrent/CompletableFuture$AsyncRun
Event: 5.934 Loading class java/util/concurrent/CompletableFuture$AsyncRun done
Event: 6.060 Loading class java/util/concurrent/ConcurrentLinkedQueue$Itr
Event: 6.060 Loading class java/util/concurrent/ConcurrentLinkedQueue$Itr done
Event: 6.065 Loading class java/util/concurrent/locks/ReentrantReadWriteLock$Sync$HoldCounter
Event: 6.065 Loading class java/util/concurrent/locks/ReentrantReadWriteLock$Sync$HoldCounter done
Event: 8.904 Loading class java/text/ChoiceFormat
Event: 8.904 Loading class java/text/ChoiceFormat done

Classes unloaded (0 events):
No events

Classes redefined (0 events):
No events

Internal exceptions (20 events):
Event: 4.970 Thread 0x000002a285ab8e10 Implicit null exception at 0x000002a221fd0632 to 0x000002a221fd0a9c
Event: 5.004 Thread 0x000002a285ab8e10 Exception <a 'java/lang/NoSuchMethodError'{0x0000000615275420}: 'java.lang.Object java.lang.invoke.DirectMethodHandle$Holder.newInvokeSpecial(java.lang.Object, java.lang.Object, java.lang.Object, java.lang.Object, int, int)'> (0x0000000615275420) 
thrown [s\src\hotspot\share\interpreter\linkResolver.cpp, line 759]
Event: 5.274 Thread 0x000002a285ab8e10 Exception <a 'java/lang/NoSuchMethodError'{0x000000062d069138}: 'java.lang.Object java.lang.invoke.DirectMethodHandle$Holder.newInvokeSpecial(java.lang.Object, java.lang.Object, java.lang.Object, java.lang.Object, java.lang.Object, java.lang.Object, java.lang.Object, java.lang.Object, java.lang.Object)'> (0x000000062d069138) 
thrown [s\src\hotspot\share\interpreter\linkResolver.cpp, line 759]
Event: 5.274 Thread 0x000002a285ab8e10 Exception <a 'java/lang/NoSuchMethodError'{0x000000062d06e3d8}: 'java.lang.Object java.lang.invoke.DirectMethodHandle$Holder.invokeSpecial(java.lang.Object, java.lang.Object, java.lang.Object, java.lang.Object, java.lang.Object, java.lang.Object, java.lang.Object, java.lang.Object, java.lang.Object, java.lang.Object)'> (0x000000062d06e3d8) 
thrown [s\src\hotspot\share\interpreter\linkResolver.cpp, line 759]
Event: 5.275 Thread 0x000002a285ab8e10 Exception <a 'java/lang/NoSuchMethodError'{0x000000062d0729a0}: 'java.lang.Object java.lang.invoke.Invokers$Holder.linkToTargetMethod(java.lang.Object, java.lang.Object, java.lang.Object, java.lang.Object, java.lang.Object, java.lang.Object, java.lang.Object, java.lang.Object, java.lang.Object)'> (0x000000062d0729a0) 
thrown [s\src\hotspot\share\interpreter\linkResolver.cpp, line 759]
Event: 5.402 Thread 0x000002a285ab8e10 Exception <a 'java/lang/NoSuchMethodError'{0x0000000615da8748}: 'java.lang.Object java.lang.invoke.DirectMethodHandle$Holder.newInvokeSpecial(java.lang.Object, int, java.lang.Object, java.lang.Object)'> (0x0000000615da8748) 
thrown [s\src\hotspot\share\interpreter\linkResolver.cpp, line 759]
Event: 5.402 Thread 0x000002a285ab8e10 Exception <a 'java/lang/NoSuchMethodError'{0x0000000615dad840}: 'java.lang.Object java.lang.invoke.DirectMethodHandle$Holder.invokeSpecial(java.lang.Object, java.lang.Object, int, java.lang.Object, java.lang.Object)'> (0x0000000615dad840) 
thrown [s\src\hotspot\share\interpreter\linkResolver.cpp, line 759]
Event: 5.522 Thread 0x000002a285ab8e10 Implicit null exception at 0x000002a222056afc to 0x000002a222057fbc
Event: 5.919 Thread 0x000002a285ab8e10 Exception <a 'java/lang/NoSuchMethodError'{0x00000006142efec8}: 'java.lang.Object java.lang.invoke.DirectMethodHandle$Holder.invokeStatic(java.lang.Object, int, int, java.lang.Object)'> (0x00000006142efec8) 
thrown [s\src\hotspot\share\interpreter\linkResolver.cpp, line 759]
Event: 5.951 Thread 0x000002a285abb180 Implicit null exception at 0x000002a22210c05b to 0x000002a22210d490
Event: 6.003 Thread 0x000002a280b5d320 Exception <a 'java/lang/NoSuchMethodError'{0x000000062d320dc8}: 'java.lang.Object java.lang.invoke.DirectMethodHandle$Holder.newInvokeSpecial(java.lang.Object, java.lang.Object, java.lang.Object, java.lang.Object, long)'> (0x000000062d320dc8) 
thrown [s\src\hotspot\share\interpreter\linkResolver.cpp, line 759]
Event: 6.004 Thread 0x000002a280b5d320 Exception <a 'java/lang/NoSuchMethodError'{0x000000062d325098}: 'java.lang.Object java.lang.invoke.DirectMethodHandle$Holder.invokeSpecial(java.lang.Object, java.lang.Object, java.lang.Object, java.lang.Object, java.lang.Object, long)'> (0x000000062d325098) 
thrown [s\src\hotspot\share\interpreter\linkResolver.cpp, line 759]
Event: 6.004 Thread 0x000002a280b5d320 Exception <a 'java/lang/NoSuchMethodError'{0x000000062d328ad8}: 'java.lang.Object java.lang.invoke.Invokers$Holder.linkToTargetMethod(java.lang.Object, java.lang.Object, java.lang.Object, long, java.lang.Object)'> (0x000000062d328ad8) 
thrown [s\src\hotspot\share\interpreter\linkResolver.cpp, line 759]
Event: 6.758 Thread 0x000002a285abb180 Exception <a 'java/lang/NoSuchMethodError'{0x0000000619682638}: 'java.lang.Object java.lang.invoke.DirectMethodHandle$Holder.newInvokeSpecial(java.lang.Object, java.lang.Object, java.lang.Object, java.lang.Object, java.lang.Object, java.lang.Object, java.lang.Object, java.lang.Object, java.lang.Object, java.lang.Object, java.lang.Object)'> (0x0000000619682638) 
thrown [s\src\hotspot\share\interpreter\linkResolver.cpp, line 759]
Event: 6.758 Thread 0x000002a285abb180 Exception <a 'java/lang/NoSuchMethodError'{0x0000000619687d18}: 'java.lang.Object java.lang.invoke.DirectMethodHandle$Holder.invokeSpecial(java.lang.Object, java.lang.Object, java.lang.Object, java.lang.Object, java.lang.Object, java.lang.Object, java.lang.Object, java.lang.Object, java.lang.Object, java.lang.Object, java.lang.Object, java.lang.Object)'> (0x0000000619687d18) 
thrown [s\src\hotspot\share\interpreter\linkResolver.cpp, line 759]
Event: 6.758 Thread 0x000002a285abb180 Exception <a 'java/lang/NoSuchMethodError'{0x000000061968cbb8}: 'java.lang.Object java.lang.invoke.Invokers$Holder.linkToTargetMethod(java.lang.Object, java.lang.Object, java.lang.Object, java.lang.Object, java.lang.Object, java.lang.Object, java.lang.Object, java.lang.Object, java.lang.Object, java.lang.Object, java.lang.Object)'> (0x000000061968cbb8) 
thrown [s\src\hotspot\share\interpreter\linkResolver.cpp, line 759]
Event: 6.805 Thread 0x000002a285abb180 Exception <a 'java/lang/IncompatibleClassChangeError'{0x00000006192a8100}: Found class java.lang.Object, but interface was expected> (0x00000006192a8100) 
thrown [s\src\hotspot\share\interpreter\linkResolver.cpp, line 826]
Event: 6.806 Thread 0x000002a285abb180 Exception <a 'java/lang/NoSuchMethodError'{0x00000006192abc68}: 'int java.lang.invoke.DirectMethodHandle$Holder.invokeSpecialIFC(java.lang.Object, java.lang.Object, java.lang.Object)'> (0x00000006192abc68) 
thrown [s\src\hotspot\share\interpreter\linkResolver.cpp, line 759]
Event: 8.078 Thread 0x000002a285abb180 Implicit null exception at 0x000002a22212154c to 0x000002a222121700
Event: 9.199 Thread 0x000002a29a32b560 Implicit null exception at 0x000002a221ecaeac to 0x000002a221ecaf3c

VM Operations (20 events):
Event: 10.701 Executing VM operation: HandshakeAllThreads done
Event: 10.769 Executing VM operation: ICBufferFull
Event: 10.770 Executing VM operation: ICBufferFull done
Event: 11.167 Executing VM operation: G1CollectForAllocation
Event: 11.190 Executing VM operation: G1CollectForAllocation done
Event: 11.195 Executing VM operation: G1CollectForAllocation
Event: 11.206 Executing VM operation: G1CollectForAllocation done
Event: 11.264 Executing VM operation: HandshakeAllThreads
Event: 11.264 Executing VM operation: HandshakeAllThreads done
Event: 11.428 Executing VM operation: G1CollectForAllocation
Event: 11.440 Executing VM operation: G1CollectForAllocation done
Event: 11.741 Executing VM operation: G1CollectForAllocation
Event: 11.758 Executing VM operation: G1CollectForAllocation done
Event: 12.023 Executing VM operation: G1CollectForAllocation
Event: 12.041 Executing VM operation: G1CollectForAllocation done
Event: 12.186 Executing VM operation: HandshakeAllThreads
Event: 12.186 Executing VM operation: HandshakeAllThreads done
Event: 12.427 Executing VM operation: HandshakeAllThreads
Event: 12.427 Executing VM operation: HandshakeAllThreads done
Event: 12.632 Executing VM operation: G1CollectForAllocation

Memory protections (0 events):
No events

Nmethod flushes (20 events):
Event: 12.459 Thread 0x000002a23c1edfb0 flushing  nmethod 0x000002a21b59f990
Event: 12.459 Thread 0x000002a23c1edfb0 flushing  nmethod 0x000002a21b5d3090
Event: 12.460 Thread 0x000002a23c1edfb0 flushing  nmethod 0x000002a21b657c90
Event: 12.464 Thread 0x000002a23c1edfb0 flushing  nmethod 0x000002a21b8b9f90
Event: 12.464 Thread 0x000002a23c1edfb0 flushing  nmethod 0x000002a21b8d0890
Event: 12.466 Thread 0x000002a23c1edfb0 flushing  nmethod 0x000002a21b9e9990
Event: 12.474 Thread 0x000002a23c1edfb0 flushing  nmethod 0x000002a21be0f310
Event: 12.475 Thread 0x000002a23c1edfb0 flushing  nmethod 0x000002a21bee2e10
Event: 12.475 Thread 0x000002a23c1edfb0 flushing  nmethod 0x000002a21befe510
Event: 12.475 Thread 0x000002a23c1edfb0 flushing  nmethod 0x000002a21bf10310
Event: 12.475 Thread 0x000002a23c1edfb0 flushing  nmethod 0x000002a21bf1c510
Event: 12.475 Thread 0x000002a23c1edfb0 flushing  nmethod 0x000002a21bf3a210
Event: 12.475 Thread 0x000002a23c1edfb0 flushing  nmethod 0x000002a21bf3d790
Event: 12.479 Thread 0x000002a23c1edfb0 flushing  nmethod 0x000002a21c164310
Event: 12.480 Thread 0x000002a23c1edfb0 flushing  nmethod 0x000002a21c257110
Event: 12.480 Thread 0x000002a23c1edfb0 flushing  nmethod 0x000002a21c287310
Event: 12.482 Thread 0x000002a23c1edfb0 flushing  nmethod 0x000002a21c327b10
Event: 12.483 Thread 0x000002a23c1edfb0 flushing  nmethod 0x000002a21c3fa710
Event: 12.487 Thread 0x000002a23c1edfb0 flushing  nmethod 0x000002a21c6d4190
Event: 12.490 Thread 0x000002a23c1edfb0 flushing  nmethod 0x000002a21c879b10

Events (20 events):
Event: 1.329 Thread 0x000002a212481600 Thread added: 0x000002a28df924b0
Event: 1.329 Thread 0x000002a212481600 Thread exited: 0x000002a212481600
Event: 1.329 Thread 0x000002a212481600 Thread added: 0x000002a212481600
Event: 1.365 Thread 0x000002a28df924b0 Thread added: 0x000002a28e6b9a60
Event: 1.666 Thread 0x000002a28e6b9a60 Thread added: 0x000002a285abac70
Event: 1.724 Thread 0x000002a28dbaf9d0 Thread added: 0x000002a285997ad0
Event: 1.724 Thread 0x000002a28dbaf9d0 Thread added: 0x000002a285999000
Event: 1.724 Thread 0x000002a28dbaf9d0 Thread added: 0x000002a28e9f7d20
Event: 1.802 Thread 0x000002a28e6b9a60 Thread added: 0x000002a285abb180
Event: 1.864 Thread 0x000002a28df924b0 Thread added: 0x000002a285ab8e10
Event: 1.976 Thread 0x000002a28e9f7d20 Thread exited: 0x000002a28e9f7d20
Event: 2.169 Thread 0x000002a2801c3b20 Thread added: 0x000002a280188020
Event: 2.467 Thread 0x000002a280188020 Thread exited: 0x000002a280188020
Event: 2.641 Thread 0x000002a285999000 Thread exited: 0x000002a285999000
Event: 2.758 Thread 0x000002a2806c8040 Thread added: 0x000002a28f3a78d0
Event: 2.759 Thread 0x000002a2801c3b20 Thread added: 0x000002a28fa05d30
Event: 5.937 Thread 0x000002a285ab8e10 Thread added: 0x000002a280b5d320
Event: 8.825 Thread 0x000002a280b5d320 Thread added: 0x000002a29a32b560
Event: 10.233 Thread 0x000002a2806c8040 Thread exited: 0x000002a2806c8040
Event: 12.518 Thread 0x000002a2801c3b20 Thread added: 0x000002a285ae03b0


Dynamic libraries:
0x00007ff7e91a0000 - 0x00007ff7e91ae000 	C:\Program Files\Eclipse Adoptium\jdk-17.0.15.6-hotspot\bin\java.exe
0x00007ffa90240000 - 0x00007ffa904a8000 	C:\WINDOWS\SYSTEM32\ntdll.dll
0x00007ffa8e760000 - 0x00007ffa8e829000 	C:\WINDOWS\System32\KERNEL32.DLL
0x00007ffa8d6e0000 - 0x00007ffa8dacd000 	C:\WINDOWS\System32\KERNELBASE.dll
0x00007ffa8de90000 - 0x00007ffa8dfdb000 	C:\WINDOWS\System32\ucrtbase.dll
0x00007ffa75a80000 - 0x00007ffa75a97000 	C:\Program Files\Eclipse Adoptium\jdk-17.0.15.6-hotspot\bin\jli.dll
0x00007ffa75a60000 - 0x00007ffa75a7e000 	C:\Program Files\Eclipse Adoptium\jdk-17.0.15.6-hotspot\bin\VCRUNTIME140.dll
0x00007ffa8e890000 - 0x00007ffa8ea5c000 	C:\WINDOWS\System32\USER32.dll
0x00007ffa8d600000 - 0x00007ffa8d627000 	C:\WINDOWS\System32\win32u.dll
0x00007ffa8dfe0000 - 0x00007ffa8e00b000 	C:\WINDOWS\System32\GDI32.dll
0x00007ffa8d4c0000 - 0x00007ffa8d5f7000 	C:\WINDOWS\System32\gdi32full.dll
0x00007ffa8d630000 - 0x00007ffa8d6d3000 	C:\WINDOWS\System32\msvcp_win.dll
0x00007ffa76470000 - 0x00007ffa7670a000 	C:\WINDOWS\WinSxS\amd64_microsoft.windows.common-controls_6595b64144ccf1df_6.0.26100.4484_none_3e0e6d4ce32ef3b3\COMCTL32.dll
0x00007ffa8fb70000 - 0x00007ffa8fc19000 	C:\WINDOWS\System32\msvcrt.dll
0x00007ffa90070000 - 0x00007ffa9009f000 	C:\WINDOWS\System32\IMM32.DLL
0x00007ffa89860000 - 0x00007ffa8986c000 	C:\Program Files\Eclipse Adoptium\jdk-17.0.15.6-hotspot\bin\vcruntime140_1.dll
0x00007ffa755a0000 - 0x00007ffa7562d000 	C:\Program Files\Eclipse Adoptium\jdk-17.0.15.6-hotspot\bin\msvcp140.dll
0x00007ff9d9cb0000 - 0x00007ff9da91b000 	C:\Program Files\Eclipse Adoptium\jdk-17.0.15.6-hotspot\bin\server\jvm.dll
0x00007ffa8fc20000 - 0x00007ffa8fcd4000 	C:\WINDOWS\System32\ADVAPI32.dll
0x00007ffa8f2c0000 - 0x00007ffa8f366000 	C:\WINDOWS\System32\sechost.dll
0x00007ffa900b0000 - 0x00007ffa901c8000 	C:\WINDOWS\System32\RPCRT4.dll
0x00007ffa8f370000 - 0x00007ffa8f3e4000 	C:\WINDOWS\System32\WS2_32.dll
0x00007ffa80ab0000 - 0x00007ffa80ae5000 	C:\WINDOWS\SYSTEM32\WINMM.dll
0x00007ffa85940000 - 0x00007ffa8594b000 	C:\WINDOWS\SYSTEM32\VERSION.dll
0x00007ffa8c210000 - 0x00007ffa8c26e000 	C:\WINDOWS\SYSTEM32\POWRPROF.dll
0x00007ffa8c1b0000 - 0x00007ffa8c1c4000 	C:\WINDOWS\SYSTEM32\UMPDC.dll
0x00007ffa8c1f0000 - 0x00007ffa8c20b000 	C:\WINDOWS\SYSTEM32\kernel.appcore.dll
0x00007ffa75a50000 - 0x00007ffa75a5a000 	C:\Program Files\Eclipse Adoptium\jdk-17.0.15.6-hotspot\bin\jimage.dll
0x00007ffa811f0000 - 0x00007ffa81431000 	C:\WINDOWS\SYSTEM32\DBGHELP.DLL
0x00007ffa8fce0000 - 0x00007ffa90066000 	C:\WINDOWS\System32\combase.dll
0x00007ffa8f880000 - 0x00007ffa8f960000 	C:\WINDOWS\System32\OLEAUT32.dll
0x00007ffa70190000 - 0x00007ffa701d3000 	C:\WINDOWS\SYSTEM32\dbgcore.DLL
0x00007ffa8d420000 - 0x00007ffa8d4b9000 	C:\WINDOWS\System32\bcryptPrimitives.dll
0x00007ffa75860000 - 0x00007ffa75885000 	C:\Program Files\Eclipse Adoptium\jdk-17.0.15.6-hotspot\bin\java.dll
0x00007ffa74f00000 - 0x00007ffa74fd7000 	C:\Program Files\Eclipse Adoptium\jdk-17.0.15.6-hotspot\bin\jsvml.dll
0x00007ffa8e010000 - 0x00007ffa8e75a000 	C:\WINDOWS\System32\SHELL32.dll
0x00007ffa8db90000 - 0x00007ffa8dd04000 	C:\WINDOWS\System32\wintypes.dll
0x00007ffa8afc0000 - 0x00007ffa8b81b000 	C:\WINDOWS\SYSTEM32\windows.storage.dll
0x00007ffa8f780000 - 0x00007ffa8f875000 	C:\WINDOWS\System32\SHCORE.dll
0x00007ffa8eef0000 - 0x00007ffa8ef5a000 	C:\WINDOWS\System32\shlwapi.dll
0x00007ffa8d2a0000 - 0x00007ffa8d2cf000 	C:\WINDOWS\SYSTEM32\profapi.dll
0x00007ffa75a30000 - 0x00007ffa75a49000 	C:\Program Files\Eclipse Adoptium\jdk-17.0.15.6-hotspot\bin\net.dll
0x00007ffa85e30000 - 0x00007ffa85f4e000 	C:\WINDOWS\SYSTEM32\WINHTTP.dll
0x00007ffa8c7e0000 - 0x00007ffa8c84a000 	C:\WINDOWS\system32\mswsock.dll
0x00007ffa756f0000 - 0x00007ffa75706000 	C:\Program Files\Eclipse Adoptium\jdk-17.0.15.6-hotspot\bin\nio.dll
0x00007ffa756d0000 - 0x00007ffa756e8000 	C:\Program Files\Eclipse Adoptium\jdk-17.0.15.6-hotspot\bin\zip.dll
0x00007ffa8ca90000 - 0x00007ffa8caab000 	C:\WINDOWS\SYSTEM32\CRYPTSP.dll
0x00007ffa8c110000 - 0x00007ffa8c14a000 	C:\WINDOWS\system32\rsaenh.dll
0x00007ffa8c880000 - 0x00007ffa8c8ab000 	C:\WINDOWS\SYSTEM32\USERENV.dll
0x00007ffa8d270000 - 0x00007ffa8d296000 	C:\WINDOWS\SYSTEM32\bcrypt.dll
0x00007ffa8cab0000 - 0x00007ffa8cabc000 	C:\WINDOWS\SYSTEM32\CRYPTBASE.dll
0x00007ffa8bb10000 - 0x00007ffa8bb43000 	C:\WINDOWS\SYSTEM32\IPHLPAPI.DLL
0x00007ffa901f0000 - 0x00007ffa901fa000 	C:\WINDOWS\System32\NSI.dll
0x00007ffa85e00000 - 0x00007ffa85e1f000 	C:\WINDOWS\SYSTEM32\dhcpcsvc6.DLL
0x00007ffa85dd0000 - 0x00007ffa85df5000 	C:\WINDOWS\SYSTEM32\dhcpcsvc.DLL
0x00007ffa8bba0000 - 0x00007ffa8bcc6000 	C:\WINDOWS\SYSTEM32\DNSAPI.dll
0x00007ffa75680000 - 0x00007ffa75690000 	C:\Program Files\Eclipse Adoptium\jdk-17.0.15.6-hotspot\bin\verify.dll
0x00007ffa66290000 - 0x00007ffa66379000 	C:\Users\CHSey\AppData\Local\Temp\sqlite-3.41.2.1-9cf0e9c3-6bfc-4fab-934b-39c68c9e4379-sqlitejdbc.dll

dbghelp: loaded successfully - version: 4.0.5 - missing functions: none
symbol engine: initialized successfully - sym options: 0x614 - pdb path: .;C:\Program Files\Eclipse Adoptium\jdk-17.0.15.6-hotspot\bin;C:\WINDOWS\SYSTEM32;C:\WINDOWS\WinSxS\amd64_microsoft.windows.common-controls_6595b64144ccf1df_6.0.26100.4484_none_3e0e6d4ce32ef3b3;C:\Program Files\Eclipse Adoptium\jdk-17.0.15.6-hotspot\bin\server;C:\Users\CHSey\AppData\Local\Temp

VM Arguments:
jvm_args: -DkotlinLanguageServer.version=1.3.13 
java_command: org.javacs.kt.MainKt
java_class_path (initial): c:\Users\CHSey\AppData\Roaming\Cursor\User\globalStorage\fwcd.kotlin\langServerInstall\server\lib\server-1.3.13.jar;c:\Users\CHSey\AppData\Roaming\Cursor\User\globalStorage\fwcd.kotlin\langServerInstall\server\lib\shared-1.3.13.jar;c:\Users\CHSey\AppData\Roaming\Cursor\User\globalStorage\fwcd.kotlin\langServerInstall\server\lib\kotlin-scripting-jvm-host-unshaded-2.1.0.jar;c:\Users\CHSey\AppData\Roaming\Cursor\User\globalStorage\fwcd.kotlin\langServerInstall\server\lib\kotlin-scripting-compiler-2.1.0.jar;c:\Users\CHSey\AppData\Roaming\Cursor\User\globalStorage\fwcd.kotlin\langServerInstall\server\lib\ktfmt-b5d31d1.jar;c:\Users\CHSey\AppData\Roaming\Cursor\User\globalStorage\fwcd.kotlin\langServerInstall\server\lib\kotlin-compiler-2.1.0.jar;c:\Users\CHSey\AppData\Roaming\Cursor\User\globalStorage\fwcd.kotlin\langServerInstall\server\lib\exposed-dao-0.37.3.jar;c:\Users\CHSey\AppData\Roaming\Cursor\User\globalStorage\fwcd.kotlin\langServerInstall\server\lib\exposed-jdbc-0.37.3.jar;c:\Users\CHSey\AppData\Roaming\Cursor\User\globalStorage\fwcd.kotlin\langServerInstall\server\lib\exposed-core-0.37.3.jar;c:\Users\CHSey\AppData\Roaming\Cursor\User\globalStorage\fwcd.kotlin\langServerInstall\server\lib\kotlin-scripting-compiler-impl-2.1.0.jar;c:\Users\CHSey\AppData\Roaming\Cursor\User\globalStorage\fwcd.kotlin\langServerInstall\server\lib\kotlin-reflect-2.1.0.jar;c:\Users\CHSey\AppData\Roaming\Cursor\User\globalStorage\fwcd.kotlin\langServerInstall\server\lib\kotlin-scripting-jvm-2.1.0.jar;c:\Users\CHSey\AppData\Roaming\Cursor\User\globalStorage\fwcd.kotlin\langServerInstall\server\lib\kotlin-scripting-common-2.1.0.jar;c:\Users\CHSey\AppData\Roaming\Cursor\User\globalStorage\fwcd.kotlin\langServerInstall\server\lib\kotlinx-coroutines-core-jvm-1.6.4.jar;c:\Users\CHSey\AppData\Roaming\Cursor\User\globalStorage\fwcd.kotlin\langServerInstall\server\lib\kotlin-stdlib-jdk8-2.1.0.jar;c:\Users\CHSey\AppData\Roaming\Cursor\User\globalStorage\fwcd.kotlin\la
Launcher Type: SUN_STANDARD

[Global flags]
     intx CICompilerCount                          = 12                                        {product} {ergonomic}
     uint ConcGCThreads                            = 3                                         {product} {ergonomic}
     uint G1ConcRefinementThreads                  = 13                                        {product} {ergonomic}
   size_t G1HeapRegionSize                         = 4194304                                   {product} {ergonomic}
    uintx GCDrainStackTargetSize                   = 64                                        {product} {ergonomic}
   size_t InitialHeapSize                          = 524288000                                 {product} {ergonomic}
   size_t MarkStackSize                            = 4194304                                   {product} {ergonomic}
   size_t MaxHeapSize                              = 8355053568                                {product} {ergonomic}
   size_t MaxNewSize                               = 5012193280                                {product} {ergonomic}
   size_t MinHeapDeltaBytes                        = 4194304                                   {product} {ergonomic}
   size_t MinHeapSize                              = 8388608                                   {product} {ergonomic}
    uintx NonNMethodCodeHeapSize                   = 7602480                                {pd product} {ergonomic}
    uintx NonProfiledCodeHeapSize                  = 122027880                              {pd product} {ergonomic}
    uintx ProfiledCodeHeapSize                     = 122027880                              {pd product} {ergonomic}
    uintx ReservedCodeCacheSize                    = 251658240                              {pd product} {ergonomic}
     bool SegmentedCodeCache                       = true                                      {product} {ergonomic}
   size_t SoftMaxHeapSize                          = 8355053568                             {manageable} {ergonomic}
     bool UseCompressedClassPointers               = true                           {product lp64_product} {ergonomic}
     bool UseCompressedOops                        = true                           {product lp64_product} {ergonomic}
     bool UseG1GC                                  = true                                      {product} {ergonomic}
     bool UseLargePagesIndividualAllocation        = false                                  {pd product} {ergonomic}

Logging:
Log output configuration:
 #0: stdout all=warning uptime,level,tags
 #1: stderr all=off uptime,level,tags

Environment Variables:
JAVA_HOME=C:\Program Files\Eclipse Adoptium\jdk-17.0.15.6-hotspot
CLASSPATH=c:\Users\CHSey\AppData\Roaming\Cursor\User\globalStorage\fwcd.kotlin\langServerInstall\server\lib\server-1.3.13.jar;c:\Users\CHSey\AppData\Roaming\Cursor\User\globalStorage\fwcd.kotlin\langServerInstall\server\lib\shared-1.3.13.jar;c:\Users\CHSey\AppData\Roaming\Cursor\User\globalStorage\fwcd.kotlin\langServerInstall\server\lib\kotlin-scripting-jvm-host-unshaded-2.1.0.jar;c:\Users\CHSey\AppData\Roaming\Cursor\User\globalStorage\fwcd.kotlin\langServerInstall\server\lib\kotlin-scripting-compiler-2.1.0.jar;c:\Users\CHSey\AppData\Roaming\Cursor\User\globalStorage\fwcd.kotlin\langServerInstall\server\lib\ktfmt-b5d31d1.jar;c:\Users\CHSey\AppData\Roaming\Cursor\User\globalStorage\fwcd.kotlin\langServerInstall\server\lib\kotlin-compiler-2.1.0.jar;c:\Users\CHSey\AppData\Roaming\Cursor\User\globalStorage\fwcd.kotlin\langServerInstall\server\lib\exposed-dao-0.37.3.jar;c:\Users\CHSey\AppData\Roaming\Cursor\User\globalStorage\fwcd.kotlin\langServerInstall\server\lib\exposed-jdbc-0.37.3.jar;c:\Users\CHSey\AppData\Roaming\Cursor\User\globalStorage\fwcd.kotlin\langServerInstall\server\lib\exposed-core-0.37.3.jar;c:\Users\CHSey\AppData\Roaming\Cursor\User\globalStorage\fwcd.kotlin\langServerInstall\server\lib\kotlin-scripting-compiler-impl-2.1.0.jar;c:\Users\CHSey\AppData\Roaming\Cursor\User\globalStorage\fwcd.kotlin\langServerInstall\server\lib\kotlin-reflect-2.1.0.jar;c:\Users\CHSey\AppData\Roaming\Cursor\User\globalStorage\fwcd.kotlin\langServerInstall\server\lib\kotlin-scripting-jvm-2.1.0.jar;c:\Users\CHSey\AppData\Roaming\Cursor\User\globalStorage\fwcd.kotlin\langServerInstall\server\lib\kotlin-scripting-common-2.1.0.jar;c:\Users\CHSey\AppData\Roaming\Cursor\User\globalStorage\fwcd.kotlin\langServerInstall\server\lib\kotlinx-coroutines-core-jvm-1.6.4.jar;c:\Users\CHSey\AppData\Roaming\Cursor\User\globalStorage\fwcd.kotlin\langServerInstall\server\lib\kotlin-stdlib-jdk8-2.1.0.jar;c:\Users\CHSey\AppData\Roaming\Cursor\User\globalStorage\fwcd.kotlin\langServerInstall\server\lib\kotlin-stdlib-jdk7-2.1.0.jar;c:\Users\CHSey\AppData\Roaming\Cursor\User\globalStorage\fwcd.kotlin\langServerInstall\server\lib\kotlin-stdlib-2.1.0.jar;c:\Users\CHSey\AppData\Roaming\Cursor\User\globalStorage\fwcd.kotlin\langServerInstall\server\lib\org.eclipse.lsp4j-0.21.2.jar;c:\Users\CHSey\AppData\Roaming\Cursor\User\globalStorage\fwcd.kotlin\langServerInstall\server\lib\org.eclipse.lsp4j.jsonrpc-0.21.2.jar;c:\Users\CHSey\AppData\Roaming\Cursor\User\globalStorage\fwcd.kotlin\langServerInstall\server\lib\kotlin-sam-with-receiver-compiler-plugin-2.1.0.jar;c:\Users\CHSey\AppData\Roaming\Cursor\User\globalStorage\fwcd.kotlin\langServerInstall\server\lib\fernflower-1.0.jar;c:\Users\CHSey\AppData\Roaming\Cursor\User\globalStorage\fwcd.kotlin\langServerInstall\server\lib\h2-1.4.200.jar;c:\Users\CHSey\AppData\Roaming\Cursor\User\globalStorage\fwcd.kotlin\langServerInstall\server\lib\jcommander-1.78.jar;c:\Users\CHSey\AppData\Roaming\Cursor\User\globalStorage\fwcd.kotlin\langServerInstall\server\lib\sqlite-jdbc-3.41.2.1.jar;c:\Users\CHSey\AppData\Roaming\Cursor\User\globalStorage\fwcd.kotlin\langServerInstall\server\lib\google-java-format-1.8.jar;c:\Users\CHSey\AppData\Roaming\Cursor\User\globalStorage\fwcd.kotlin\langServerInstall\server\lib\guava-33.3.0-jre.jar;c:\Users\CHSey\AppData\Roaming\Cursor\User\globalStorage\fwcd.kotlin\langServerInstall\server\lib\annotations-13.0.jar;c:\Users\CHSey\AppData\Roaming\Cursor\User\globalStorage\fwcd.kotlin\langServerInstall\server\lib\gson-2.10.1.jar;c:\Users\CHSey\AppData\Roaming\Cursor\User\globalStorage\fwcd.kotlin\langServerInstall\server\lib\kotlin-script-runtime-2.1.0.jar;c:\Users\CHSey\AppData\Roaming\Cursor\User\globalStorage\fwcd.kotlin\langServerInstall\server\lib\trove4j-1.0.20200330.jar;c:\Users\CHSey\AppData\Roaming\Cursor\User\globalStorage\fwcd.kotlin\langServerInstall\server\lib\jline-3.24.1.jar;c:\Users\CHSey\AppData\Roaming\Cursor\User\globalStorage\fwcd.kotlin\langServerInstall\server\lib\slf4j-api-1.7.25.jar;c:\Users\CHSey\AppData\Roaming\Cursor\User\globalStorage\fwcd.kotlin\langServerInstall\server\lib\jna-4.2.2.jar;c:\Users\CHSey\AppData\Roaming\Cursor\User\globalStorage\fwcd.kotlin\langServerInstall\server\lib\failureaccess-1.0.2.jar;c:\Users\CHSey\AppData\Roaming\Cursor\User\globalStorage\fwcd.kotlin\langServerInstall\server\lib\listenablefuture-9999.0-empty-to-avoid-conflict-with-guava.jar;c:\Users\CHSey\AppData\Roaming\Cursor\User\globalStorage\fwcd.kotlin\langServerInstall\server\lib\jsr305-3.0.2.jar;c:\Users\CHSey\AppData\Roaming\Cursor\User\globalStorage\fwcd.kotlin\langServerInstall\server\lib\checker-qual-3.43.0.jar;c:\Users\CHSey\AppData\Roaming\Cursor\User\globalStorage\fwcd.kotlin\langServerInstall\server\lib\error_prone_annotations-2.28.0.jar
PATH=C:\Program Files\Eclipse Adoptium\jdk-17.0.15.6-hotspot\bin;C:\Python313\Scripts\;C:\Python313\;C:\WINDOWS\system32;C:\WINDOWS;C:\WINDOWS\System32\Wbem;C:\WINDOWS\System32\WindowsPowerShell\v1.0\;C:\WINDOWS\System32\OpenSSH\;C:\Program Files\NVIDIA Corporation\NVIDIA app\NvDLISR;C:\Program Files (x86)\NVIDIA Corporation\PhysX\Common;C:\Program Files\Git\cmd;C:\ProgramData\chocolatey\bin;C:\Program Files\dotnet\;C:\Program Files\Eclipse Adoptium\jdk-17.0.15.6-hotspot\bin;C:\Users\CHSey\AppData\Local\Android\Sdk\tools;C:\Users\CHSey\AppData\Local\Android\Sdk\platform-tools;C:\flutter\bin;C:\Users\CHSey\AppData\Local\Android\Sdk\platform-tools;;c:\Users\CHSey\AppData\Local\Programs\cursor\resources\app\bin;C:\Users\CHSey\AppData\Local\Microsoft\WindowsApps;C:\flutter\bin;C:\Users\CHSey\AppData\Local\Programs\Microsoft VS Code\bin;C:\Users\CHSey\AppData\Local\Pub\Cache\bin;C:\tools\dart-sdk\bin;C:\Users\CHSey\.dotnet\tools;C:\Users\CHSey\AppData\Local\Android\Sdk\platform-tools;C:\Users\CHSey\AppData\Local\Programs\cursor\resources\app\bin;C:\Users\CHSey\AppData\Local\Programs\Windsurf\bin
USERNAME=CHSey
OS=Windows_NT
PROCESSOR_IDENTIFIER=AMD64 Family 25 Model 97 Stepping 2, AuthenticAMD
TMP=C:\Users\CHSey\AppData\Local\Temp
TEMP=C:\Users\CHSey\AppData\Local\Temp



Periodic native trim disabled


---------------  S Y S T E M  ---------------

OS:
 Windows 11 , 64 bit Build 26100 (10.0.26100.4484)
OS uptime: 0 days 8:08 hours
Hyper-V role detected

CPU: total 16 (initial active 16) (16 cores per cpu, 2 threads per core) family 25 model 97 stepping 2 microcode 0xa601209, cx8, cmov, fxsr, ht, mmx, 3dnowpref, sse, sse2, sse3, ssse3, sse4a, sse4.1, sse4.2, popcnt, lzcnt, tsc, tscinvbit, avx, avx2, aes, erms, clmul, bmi1, bmi2, adx, avx512f, avx512dq, avx512cd, avx512bw, avx512vl, sha, fma, vzeroupper, avx512_vpopcntdq, avx512_vpclmulqdq, avx512_vaes, avx512_vnni, clflush, clflushopt, avx512_vbmi2, avx512_vbmi, hv
Processor Information for all 16 processors :
  Max Mhz: 4201, Current Mhz: 4201, Mhz Limit: 4201

Memory: 4k page, system-wide physical 31861M (12492M free)
TotalPageFile size 31861M (AvailPageFile size 1282M)
current process WorkingSet (physical memory assigned to process): 1424M, peak: 1435M
current process commit charge ("private bytes"): 1418M, peak: 2888M

vm_info: OpenJDK 64-Bit Server VM (17.0.15+6) for windows-amd64 JRE (17.0.15+6), built on Apr 15 2025 21:25:47 by "admin" with MS VC++ 17.7 (VS2022)

END.
