#
# There is insufficient memory for the Java Runtime Environment to continue.
# Native memory allocation (mmap) failed to map 1463812096 bytes. Error detail: G1 virtual space
# Possible reasons:
#   The system is out of physical RAM or swap space
#   This process is running with CompressedOops enabled, and the Java Heap may be blocking the growth of the native heap
# Possible solutions:
#   Reduce memory load on the system
#   Increase physical memory or swap space
#   Check if swap backing store is full
#   Decrease Java heap size (-Xmx/-Xms)
#   Decrease number of Java threads
#   Decrease Java thread stack sizes (-Xss)
#   Set larger code cache with -XX:ReservedCodeCacheSize=
#   JVM is running with Zero Based Compressed Oops mode in which the Java heap is
#     placed in the first 32GB address space. The Java Heap base address is the
#     maximum limit for the native heap growth. Please use -XX:HeapBaseMinAddress
#     to set the Java Heap base and to place the Java Heap above 32GB virtual address.
# This output file may be truncated or incomplete.
#
#  Out of Memory Error (os_windows.cpp:3618), pid=35652, tid=22752
#
# JRE version: OpenJDK Runtime Environment Temurin-17.0.15+6 (17.0.15+6) (build 17.0.15+6)
# Java VM: OpenJDK 64-Bit Server VM Temurin-17.0.15+6 (17.0.15+6, mixed mode, sharing, tiered, compressed oops, compressed class ptrs, g1 gc, windows-amd64)
# No core dump will be written. Minidumps are not enabled by default on client versions of Windows
#

---------------  S U M M A R Y ------------

Command Line: -DkotlinLanguageServer.version=1.3.13 org.javacs.kt.MainKt

Host: AMD Ryzen 7 7800X3D 8-Core Processor           , 16 cores, 31G,  Windows 11 , 64 bit Build 26100 (10.0.26100.4484)
Time: Sun Jul  6 04:03:37 2025  Windows 11 , 64 bit Build 26100 (10.0.26100.4484) elapsed time: 15.448793 seconds (0d 0h 0m 15s)

---------------  T H R E A D  ---------------

Current thread (0x0000022a5e10aac0):  VMThread "VM Thread" [stack: 0x000000a6d9700000,0x000000a6d9800000] [id=22752]

Stack: [0x000000a6d9700000,0x000000a6d9800000]
Native frames: (J=compiled Java code, j=interpreted, Vv=VM code, C=native code)
V  [jvm.dll+0x682fc9]
V  [jvm.dll+0x839878]
V  [jvm.dll+0x83b323]
V  [jvm.dll+0x83b993]
V  [jvm.dll+0x24725f]
V  [jvm.dll+0x67fda9]
V  [jvm.dll+0x674c9a]
V  [jvm.dll+0x304d06]
V  [jvm.dll+0x30c1c6]
V  [jvm.dll+0x35dd4e]
V  [jvm.dll+0x35df8d]
V  [jvm.dll+0x2dc0cc]
V  [jvm.dll+0x2da46f]
V  [jvm.dll+0x2d9bdc]
V  [jvm.dll+0x31d3bb]
V  [jvm.dll+0x8401cd]
V  [jvm.dll+0x840f03]
V  [jvm.dll+0x84142f]
V  [jvm.dll+0x841814]
V  [jvm.dll+0x8418de]
V  [jvm.dll+0x7e94dc]
V  [jvm.dll+0x681ea7]
C  [ucrtbase.dll+0x37b0]
C  [KERNEL32.DLL+0x2e8d7]
C  [ntdll.dll+0x3c34c]

VM_Operation (0x000000a6dc5fdca0): G1CollectForAllocation, mode: safepoint, requested by thread 0x0000022ab4f58e50


---------------  P R O C E S S  ---------------

Threads class SMR info:
_java_thread_list=0x0000022ab3a73df0, length=30, elements={
0x0000022a5e114020, 0x0000022a5e114be0, 0x0000022aa2093f60, 0x0000022aa2096840,
0x0000022aa2097200, 0x0000022aa2097bc0, 0x0000022aa2098960, 0x0000022aa2099620,
0x0000022aa209d770, 0x0000022aa2162060, 0x0000022aa224b420, 0x0000022aa224cb80,
0x0000022aa2306490, 0x0000022aa2581930, 0x0000022aa27950d0, 0x0000022aa27955f0,
0x0000022aa2754150, 0x0000022aa7e22b70, 0x0000022ab0a37f20, 0x0000022ab0a3a290,
0x0000022ab0a38940, 0x0000022ab08992b0, 0x0000022ab08982c0, 0x0000022ab0899800,
0x0000022ab089a7f0, 0x0000022ab0a3a7a0, 0x0000022ab0a38e50, 0x0000022ab0a3b1c0,
0x0000022ab4f58e50, 0x0000022ab4f5d020
}

Java Threads: ( => current thread )
  0x0000022a5e114020 JavaThread "Reference Handler" daemon [_thread_blocked, id=16604, stack(0x000000a6d9800000,0x000000a6d9900000)]
  0x0000022a5e114be0 JavaThread "Finalizer" daemon [_thread_blocked, id=13124, stack(0x000000a6d9900000,0x000000a6d9a00000)]
  0x0000022aa2093f60 JavaThread "Signal Dispatcher" daemon [_thread_blocked, id=7696, stack(0x000000a6d9a00000,0x000000a6d9b00000)]
  0x0000022aa2096840 JavaThread "Attach Listener" daemon [_thread_blocked, id=37756, stack(0x000000a6d9b00000,0x000000a6d9c00000)]
  0x0000022aa2097200 JavaThread "Service Thread" daemon [_thread_blocked, id=14904, stack(0x000000a6d9c00000,0x000000a6d9d00000)]
  0x0000022aa2097bc0 JavaThread "Monitor Deflation Thread" daemon [_thread_blocked, id=36692, stack(0x000000a6d9d00000,0x000000a6d9e00000)]
  0x0000022aa2098960 JavaThread "C2 CompilerThread0" daemon [_thread_blocked, id=39120, stack(0x000000a6d9e00000,0x000000a6d9f00000)]
  0x0000022aa2099620 JavaThread "C1 CompilerThread0" daemon [_thread_blocked, id=25176, stack(0x000000a6d9f00000,0x000000a6da000000)]
  0x0000022aa209d770 JavaThread "Sweeper thread" daemon [_thread_blocked, id=14256, stack(0x000000a6da000000,0x000000a6da100000)]
  0x0000022aa2162060 JavaThread "C1 CompilerThread1" daemon [_thread_blocked, id=4012, stack(0x000000a6da100000,0x000000a6da200000)]
  0x0000022aa224b420 JavaThread "Notification Thread" daemon [_thread_blocked, id=39220, stack(0x000000a6da200000,0x000000a6da300000)]
  0x0000022aa224cb80 JavaThread "Common-Cleaner" daemon [_thread_blocked, id=35032, stack(0x000000a6da400000,0x000000a6da500000)]
  0x0000022aa2306490 JavaThread "C2 CompilerThread1" daemon [_thread_blocked, id=25388, stack(0x000000a6da500000,0x000000a6da600000)]
  0x0000022aa2581930 JavaThread "C1 CompilerThread2" daemon [_thread_blocked, id=26408, stack(0x000000a6da600000,0x000000a6da700000)]
  0x0000022aa27950d0 JavaThread "C2 CompilerThread2" daemon [_thread_blocked, id=33692, stack(0x000000a6da700000,0x000000a6da800000)]
  0x0000022aa27955f0 JavaThread "C2 CompilerThread3" daemon [_thread_blocked, id=17340, stack(0x000000a6da800000,0x000000a6da900000)]
  0x0000022aa2754150 JavaThread "C1 CompilerThread3" daemon [_thread_blocked, id=14432, stack(0x000000a6da900000,0x000000a6daa00000)]
  0x0000022aa7e22b70 JavaThread "client" [_thread_in_native, id=11608, stack(0x000000a6db800000,0x000000a6db900000)]
  0x0000022ab0a37f20 JavaThread "DestroyJavaVM" [_thread_blocked, id=34508, stack(0x000000a6d9100000,0x000000a6d9200000)]
  0x0000022ab0a3a290 JavaThread "async0" [_thread_blocked, id=36336, stack(0x000000a6db900000,0x000000a6dba00000)]
  0x0000022ab0a38940 JavaThread "async1" [_thread_blocked, id=39328, stack(0x000000a6dba00000,0x000000a6dbb00000)]
  0x0000022ab08992b0 JavaThread "C2 CompilerThread4" daemon [_thread_blocked, id=39924, stack(0x000000a6dbb00000,0x000000a6dbc00000)]
  0x0000022ab08982c0 JavaThread "C2 CompilerThread5" daemon [_thread_blocked, id=36544, stack(0x000000a6dbc00000,0x000000a6dbd00000)]
  0x0000022ab0899800 JavaThread "C2 CompilerThread6" daemon [_thread_blocked, id=36720, stack(0x000000a6dbd00000,0x000000a6dbe00000)]
  0x0000022ab089a7f0 JavaThread "C2 CompilerThread7" daemon [_thread_blocked, id=10140, stack(0x000000a6dbe00000,0x000000a6dbf00000)]
  0x0000022ab0a3a7a0 JavaThread "debounce0" [_thread_blocked, id=35944, stack(0x000000a6dbf00000,0x000000a6dc000000)]
  0x0000022ab0a38e50 JavaThread "async2" [_thread_blocked, id=29872, stack(0x000000a6dc000000,0x000000a6dc100000)]
  0x0000022ab0a3b1c0 JavaThread "async3" [_thread_blocked, id=37172, stack(0x000000a6dc300000,0x000000a6dc400000)]
  0x0000022ab4f58e50 JavaThread "ForkJoinPool.commonPool-worker-1" daemon [_thread_blocked, id=5188, stack(0x000000a6dc500000,0x000000a6dc600000)]
  0x0000022ab4f5d020 JavaThread "debounce1" [_thread_blocked, id=34356, stack(0x000000a6dc600000,0x000000a6dc700000)]

Other Threads:
=>0x0000022a5e10aac0 VMThread "VM Thread" [stack: 0x000000a6d9700000,0x000000a6d9800000] [id=22752]
  0x0000022aa224c120 WatcherThread [stack: 0x000000a6da300000,0x000000a6da400000] [id=34252]
  0x0000022a5df5fd00 GCTaskThread "GC Thread#0" [stack: 0x000000a6d9200000,0x000000a6d9300000] [id=36232]
  0x0000022aa7055860 GCTaskThread "GC Thread#1" [stack: 0x000000a6daa00000,0x000000a6dab00000] [id=8400]
  0x0000022aa7a81aa0 GCTaskThread "GC Thread#2" [stack: 0x000000a6dab00000,0x000000a6dac00000] [id=28848]
  0x0000022aa74b0110 GCTaskThread "GC Thread#3" [stack: 0x000000a6dac00000,0x000000a6dad00000] [id=36532]
  0x0000022aa713c610 GCTaskThread "GC Thread#4" [stack: 0x000000a6dad00000,0x000000a6dae00000] [id=26716]
  0x0000022aa713c8d0 GCTaskThread "GC Thread#5" [stack: 0x000000a6dae00000,0x000000a6daf00000] [id=8336]
  0x0000022aa713cb90 GCTaskThread "GC Thread#6" [stack: 0x000000a6daf00000,0x000000a6db000000] [id=37308]
  0x0000022aa713d250 GCTaskThread "GC Thread#7" [stack: 0x000000a6db000000,0x000000a6db100000] [id=33664]
  0x0000022aa7a83f80 GCTaskThread "GC Thread#8" [stack: 0x000000a6db100000,0x000000a6db200000] [id=36172]
  0x0000022aa7326b50 GCTaskThread "GC Thread#9" [stack: 0x000000a6db200000,0x000000a6db300000] [id=15980]
  0x0000022aa7326890 GCTaskThread "GC Thread#10" [stack: 0x000000a6db300000,0x000000a6db400000] [id=28280]
  0x0000022aa7325ad0 GCTaskThread "GC Thread#11" [stack: 0x000000a6db400000,0x000000a6db500000] [id=36620]
  0x0000022aa7dc62b0 GCTaskThread "GC Thread#12" [stack: 0x000000a6db700000,0x000000a6db800000] [id=38224]
  0x0000022a34428c30 ConcurrentGCThread "G1 Main Marker" [stack: 0x000000a6d9300000,0x000000a6d9400000] [id=24188]
  0x0000022a3442ae00 ConcurrentGCThread "G1 Conc#0" [stack: 0x000000a6d9400000,0x000000a6d9500000] [id=25744]
  0x0000022aa7325290 ConcurrentGCThread "G1 Conc#1" [stack: 0x000000a6db500000,0x000000a6db600000] [id=34008]
  0x0000022aa7325550 ConcurrentGCThread "G1 Conc#2" [stack: 0x000000a6db600000,0x000000a6db700000] [id=33044]
  0x0000022a3444de50 ConcurrentGCThread "G1 Refine#0" [stack: 0x000000a6d9500000,0x000000a6d9600000] [id=39680]
  0x0000022aafb44ca0 ConcurrentGCThread "G1 Refine#1" [stack: 0x000000a6dc100000,0x000000a6dc200000] [id=34392]
  0x0000022aafb440e0 ConcurrentGCThread "G1 Refine#2" [stack: 0x000000a6dc200000,0x000000a6dc300000] [id=36592]
  0x0000022ab261da00 ConcurrentGCThread "G1 Refine#3" [stack: 0x000000a6dc400000,0x000000a6dc500000] [id=31980]
  0x0000022ab261cb50 ConcurrentGCThread "G1 Refine#4" [stack: 0x000000a6dc700000,0x000000a6dc800000] [id=23392]
  0x0000022ab261d130 ConcurrentGCThread "G1 Refine#5" [stack: 0x000000a6dc800000,0x000000a6dc900000] [id=37224]
  0x0000022ab28299e0 ConcurrentGCThread "G1 Refine#6" [stack: 0x000000a6dc900000,0x000000a6dca00000] [id=25512]
  0x0000022ab2828260 ConcurrentGCThread "G1 Refine#7" [stack: 0x000000a6dca00000,0x000000a6dcb00000] [id=20936]
  0x0000022aafb43230 ConcurrentGCThread "G1 Refine#8" [stack: 0x000000a6dcb00000,0x000000a6dcc00000] [id=38120]
  0x0000022aafb443d0 ConcurrentGCThread "G1 Refine#9" [stack: 0x000000a6dcc00000,0x000000a6dcd00000] [id=34396]
  0x0000022ab3b47a90 ConcurrentGCThread "G1 Refine#10" [stack: 0x000000a6dcd00000,0x000000a6dce00000] [id=38276]
  0x0000022a3444e530 ConcurrentGCThread "G1 Service" [stack: 0x000000a6d9600000,0x000000a6d9700000] [id=35872]

Threads with active compile tasks:
C2 CompilerThread0    15468 17420       4       org.jetbrains.org.objectweb.asm.ClassReader::readElementValue (1237 bytes)
C2 CompilerThread1    15468 17429       4       org.jetbrains.kotlin.serialization.deserialization.MemberDeserializer::getAnnotations (46 bytes)
C2 CompilerThread2    15468 17427       4       org.jetbrains.kotlin.serialization.deserialization.MemberDeserializer::valueParameters (475 bytes)
C2 CompilerThread3    15468 17430       4       org.jetbrains.kotlin.serialization.deserialization.descriptors.DeserializedSimpleFunctionDescriptor::<init> (36 bytes)
C2 CompilerThread4    15468 17426       4       org.jetbrains.kotlin.metadata.ProtoBuf$Property::getSerializedSize (496 bytes)
C2 CompilerThread5    15468 17431       4       org.jetbrains.kotlin.metadata.deserialization.ProtoTypeTableUtilKt::contextReceiverTypes (168 bytes)
C2 CompilerThread6    15468 17433       4       org.jetbrains.kotlin.resolve.MemberComparator$NameAndTypeMemberComparator::getDeclarationPriority (87 bytes)
C2 CompilerThread7    15468 17402       4       com.intellij.psi.impl.JavaPsiFacadeImpl::getSubPackages (146 bytes)

VM state: at safepoint (normal execution)

VM Mutex/Monitor currently owned by a thread:  ([mutex/lock_event])
[0x0000022a343a4dc0] Threads_lock - owner thread: 0x0000022a5e10aac0
[0x0000022a343a55a0] Heap_lock - owner thread: 0x0000022ab4f58e50

Heap address: 0x000000060e000000, size: 7968 MB, Compressed Oops mode: Zero based, Oop shift amount: 3

CDS archive(s) mapped at: [0x0000022a61000000-0x0000022a61bb0000-0x0000022a61bb0000), size 12255232, SharedBaseAddress: 0x0000022a61000000, ArchiveRelocationMode: 1.
Compressed class space mapped at: 0x0000022a62000000-0x0000022aa2000000, reserved size: 1073741824
Narrow klass base: 0x0000022a61000000, Narrow klass shift: 0, Narrow klass range: 0x100000000

GC Precious Log:
 CPUs: 16 total, 16 available
 Memory: 31861M
 Large Page Support: Disabled
 NUMA Support: Disabled
 Compressed Oops: Enabled (Zero based)
 Heap Region Size: 4M
 Heap Min Capacity: 8M
 Heap Initial Capacity: 500M
 Heap Max Capacity: 7968M
 Pre-touch: Disabled
 Parallel Workers: 13
 Concurrent Workers: 3
 Concurrent Refinement Workers: 13
 Periodic GC: Disabled

Heap:
 garbage-first heap   total 1064960K, used 550119K [0x000000060e000000, 0x0000000800000000)
  region size 4096K, 11 young (45056K), 11 survivors (45056K)
 Metaspace       used 78689K, committed 79232K, reserved 1179648K
  class space    used 8794K, committed 9088K, reserved 1048576K

Heap Regions: E=young(eden), S=young(survivor), O=old, HS=humongous(starts), HC=humongous(continues), CS=collection set, F=free, OA=open archive, CA=closed archive, TAMS=top-at-mark-start (previous, next)
|   0|0x000000060e000000, 0x000000060e400000, 0x000000060e400000|100%|HS|  |TAMS 0x000000060e400000, 0x000000060e000000| Complete 
|   1|0x000000060e400000, 0x000000060e800000, 0x000000060e800000|100%| O|  |TAMS 0x000000060e800000, 0x000000060e400000| Untracked 
|   2|0x000000060e800000, 0x000000060ec00000, 0x000000060ec00000|100%| O|  |TAMS 0x000000060ec00000, 0x000000060e800000| Untracked 
|   3|0x000000060ec00000, 0x000000060f000000, 0x000000060f000000|100%| O|  |TAMS 0x000000060f000000, 0x000000060ec00000| Untracked 
|   4|0x000000060f000000, 0x000000060f400000, 0x000000060f400000|100%| O|  |TAMS 0x000000060f400000, 0x000000060f000000| Untracked 
|   5|0x000000060f400000, 0x000000060f800000, 0x000000060f800000|100%| O|  |TAMS 0x000000060f800000, 0x000000060f400000| Untracked 
|   6|0x000000060f800000, 0x000000060fc00000, 0x000000060fc00000|100%| O|  |TAMS 0x000000060fc00000, 0x000000060f800000| Untracked 
|   7|0x000000060fc00000, 0x0000000610000000, 0x0000000610000000|100%| O|  |TAMS 0x0000000610000000, 0x000000060fc00000| Untracked 
|   8|0x0000000610000000, 0x0000000610400000, 0x0000000610400000|100%| O|  |TAMS 0x0000000610400000, 0x0000000610000000| Untracked 
|   9|0x0000000610400000, 0x0000000610800000, 0x0000000610800000|100%| O|  |TAMS 0x0000000610800000, 0x0000000610400000| Untracked 
|  10|0x0000000610800000, 0x0000000610c00000, 0x0000000610c00000|100%| O|  |TAMS 0x0000000610c00000, 0x0000000610800000| Untracked 
|  11|0x0000000610c00000, 0x0000000611000000, 0x0000000611000000|100%| O|  |TAMS 0x0000000611000000, 0x0000000610c00000| Untracked 
|  12|0x0000000611000000, 0x0000000611400000, 0x0000000611400000|100%| O|  |TAMS 0x0000000611400000, 0x0000000611000000| Untracked 
|  13|0x0000000611400000, 0x0000000611800000, 0x0000000611800000|100%| O|  |TAMS 0x0000000611800000, 0x0000000611400000| Untracked 
|  14|0x0000000611800000, 0x0000000611c00000, 0x0000000611c00000|100%| O|  |TAMS 0x0000000611c00000, 0x0000000611800000| Untracked 
|  15|0x0000000611c00000, 0x0000000612000000, 0x0000000612000000|100%| O|  |TAMS 0x0000000612000000, 0x0000000611c00000| Untracked 
|  16|0x0000000612000000, 0x0000000612400000, 0x0000000612400000|100%| O|  |TAMS 0x0000000612400000, 0x0000000612000000| Untracked 
|  17|0x0000000612400000, 0x0000000612800000, 0x0000000612800000|100%| O|  |TAMS 0x0000000612800000, 0x0000000612400000| Untracked 
|  18|0x0000000612800000, 0x0000000612c00000, 0x0000000612c00000|100%| O|  |TAMS 0x0000000612c00000, 0x0000000612800000| Untracked 
|  19|0x0000000612c00000, 0x0000000613000000, 0x0000000613000000|100%| O|  |TAMS 0x0000000613000000, 0x0000000612c00000| Untracked 
|  20|0x0000000613000000, 0x0000000613400000, 0x0000000613400000|100%| O|  |TAMS 0x0000000613400000, 0x0000000613000000| Untracked 
|  21|0x0000000613400000, 0x0000000613800000, 0x0000000613800000|100%| O|  |TAMS 0x0000000613800000, 0x0000000613400000| Untracked 
|  22|0x0000000613800000, 0x0000000613c00000, 0x0000000613c00000|100%| O|  |TAMS 0x0000000613c00000, 0x0000000613800000| Untracked 
|  23|0x0000000613c00000, 0x0000000614000000, 0x0000000614000000|100%| O|  |TAMS 0x0000000614000000, 0x0000000613c00000| Untracked 
|  24|0x0000000614000000, 0x0000000614400000, 0x0000000614400000|100%| O|  |TAMS 0x0000000614400000, 0x0000000614000000| Untracked 
|  25|0x0000000614400000, 0x0000000614800000, 0x0000000614800000|100%| O|  |TAMS 0x0000000614800000, 0x0000000614400000| Untracked 
|  26|0x0000000614800000, 0x0000000614c00000, 0x0000000614c00000|100%| O|  |TAMS 0x0000000614c00000, 0x0000000614800000| Untracked 
|  27|0x0000000614c00000, 0x0000000615000000, 0x0000000615000000|100%| O|  |TAMS 0x0000000615000000, 0x0000000614c00000| Untracked 
|  28|0x0000000615000000, 0x0000000615400000, 0x0000000615400000|100%| O|  |TAMS 0x0000000615400000, 0x0000000615000000| Untracked 
|  29|0x0000000615400000, 0x0000000615800000, 0x0000000615800000|100%| O|  |TAMS 0x0000000615800000, 0x0000000615400000| Untracked 
|  30|0x0000000615800000, 0x0000000615c00000, 0x0000000615c00000|100%| O|  |TAMS 0x0000000615c00000, 0x0000000615800000| Untracked 
|  31|0x0000000615c00000, 0x0000000616000000, 0x0000000616000000|100%| O|  |TAMS 0x0000000616000000, 0x0000000615c00000| Untracked 
|  32|0x0000000616000000, 0x0000000616400000, 0x0000000616400000|100%| O|  |TAMS 0x0000000616400000, 0x0000000616000000| Untracked 
|  33|0x0000000616400000, 0x0000000616800000, 0x0000000616800000|100%| O|  |TAMS 0x0000000616800000, 0x0000000616400000| Untracked 
|  34|0x0000000616800000, 0x0000000616c00000, 0x0000000616c00000|100%| O|  |TAMS 0x0000000616c00000, 0x0000000616800000| Untracked 
|  35|0x0000000616c00000, 0x0000000617000000, 0x0000000617000000|100%| O|  |TAMS 0x0000000617000000, 0x0000000616c00000| Untracked 
|  36|0x0000000617000000, 0x0000000617400000, 0x0000000617400000|100%| O|  |TAMS 0x0000000617400000, 0x0000000617000000| Untracked 
|  37|0x0000000617400000, 0x0000000617800000, 0x0000000617800000|100%| O|  |TAMS 0x0000000617800000, 0x0000000617400000| Untracked 
|  38|0x0000000617800000, 0x0000000617c00000, 0x0000000617c00000|100%| O|  |TAMS 0x0000000617c00000, 0x0000000617800000| Untracked 
|  39|0x0000000617c00000, 0x0000000618000000, 0x0000000618000000|100%| O|  |TAMS 0x0000000618000000, 0x0000000617c00000| Untracked 
|  40|0x0000000618000000, 0x0000000618400000, 0x0000000618400000|100%| O|  |TAMS 0x0000000618400000, 0x0000000618000000| Untracked 
|  41|0x0000000618400000, 0x0000000618800000, 0x0000000618800000|100%| O|  |TAMS 0x0000000618800000, 0x0000000618400000| Untracked 
|  42|0x0000000618800000, 0x0000000618c00000, 0x0000000618c00000|100%| O|  |TAMS 0x0000000618c00000, 0x0000000618800000| Untracked 
|  43|0x0000000618c00000, 0x0000000619000000, 0x0000000619000000|100%| O|  |TAMS 0x0000000619000000, 0x0000000618c00000| Untracked 
|  44|0x0000000619000000, 0x0000000619400000, 0x0000000619400000|100%| O|  |TAMS 0x0000000619400000, 0x0000000619000000| Untracked 
|  45|0x0000000619400000, 0x0000000619800000, 0x0000000619800000|100%| O|  |TAMS 0x0000000619800000, 0x0000000619400000| Untracked 
|  46|0x0000000619800000, 0x0000000619c00000, 0x0000000619c00000|100%| O|  |TAMS 0x0000000619c00000, 0x0000000619800000| Untracked 
|  47|0x0000000619c00000, 0x000000061a000000, 0x000000061a000000|100%| O|  |TAMS 0x000000061a000000, 0x0000000619c00000| Untracked 
|  48|0x000000061a000000, 0x000000061a400000, 0x000000061a400000|100%| O|  |TAMS 0x000000061a400000, 0x000000061a000000| Untracked 
|  49|0x000000061a400000, 0x000000061a800000, 0x000000061a800000|100%| O|  |TAMS 0x000000061a800000, 0x000000061a400000| Untracked 
|  50|0x000000061a800000, 0x000000061ac00000, 0x000000061ac00000|100%| O|  |TAMS 0x000000061ac00000, 0x000000061a800000| Untracked 
|  51|0x000000061ac00000, 0x000000061b000000, 0x000000061b000000|100%| O|  |TAMS 0x000000061b000000, 0x000000061ac00000| Untracked 
|  52|0x000000061b000000, 0x000000061b400000, 0x000000061b400000|100%| O|  |TAMS 0x000000061b000000, 0x000000061b000000| Untracked 
|  53|0x000000061b400000, 0x000000061b800000, 0x000000061b800000|100%| O|  |TAMS 0x000000061b800000, 0x000000061b400000| Untracked 
|  54|0x000000061b800000, 0x000000061bc00000, 0x000000061bc00000|100%| O|  |TAMS 0x000000061bc00000, 0x000000061b800000| Untracked 
|  55|0x000000061bc00000, 0x000000061c000000, 0x000000061c000000|100%| O|  |TAMS 0x000000061c000000, 0x000000061bc00000| Untracked 
|  56|0x000000061c000000, 0x000000061c400000, 0x000000061c400000|100%| O|  |TAMS 0x000000061c400000, 0x000000061c000000| Untracked 
|  57|0x000000061c400000, 0x000000061c800000, 0x000000061c800000|100%| O|  |TAMS 0x000000061c800000, 0x000000061c400000| Untracked 
|  58|0x000000061c800000, 0x000000061cc00000, 0x000000061cc00000|100%| O|  |TAMS 0x000000061cc00000, 0x000000061c800000| Untracked 
|  59|0x000000061cc00000, 0x000000061d000000, 0x000000061d000000|100%| O|  |TAMS 0x000000061d000000, 0x000000061cc00000| Untracked 
|  60|0x000000061d000000, 0x000000061d400000, 0x000000061d400000|100%| O|  |TAMS 0x000000061d400000, 0x000000061d000000| Untracked 
|  61|0x000000061d400000, 0x000000061d800000, 0x000000061d800000|100%| O|  |TAMS 0x000000061d72d000, 0x000000061d400000| Untracked 
|  62|0x000000061d800000, 0x000000061dc00000, 0x000000061dc00000|100%| O|  |TAMS 0x000000061d800000, 0x000000061d800000| Untracked 
|  63|0x000000061dc00000, 0x000000061e000000, 0x000000061e000000|100%| O|  |TAMS 0x000000061dc00000, 0x000000061dc00000| Untracked 
|  64|0x000000061e000000, 0x000000061e400000, 0x000000061e400000|100%| O|  |TAMS 0x000000061e000000, 0x000000061e000000| Untracked 
|  65|0x000000061e400000, 0x000000061e800000, 0x000000061e800000|100%| O|  |TAMS 0x000000061e400000, 0x000000061e400000| Untracked 
|  66|0x000000061e800000, 0x000000061ec00000, 0x000000061ec00000|100%| O|  |TAMS 0x000000061e800000, 0x000000061e800000| Untracked 
|  67|0x000000061ec00000, 0x000000061f000000, 0x000000061f000000|100%| O|  |TAMS 0x000000061ec00000, 0x000000061ec00000| Untracked 
|  68|0x000000061f000000, 0x000000061f400000, 0x000000061f400000|100%| O|  |TAMS 0x000000061f000000, 0x000000061f000000| Untracked 
|  69|0x000000061f400000, 0x000000061f800000, 0x000000061f800000|100%| O|  |TAMS 0x000000061f400000, 0x000000061f400000| Untracked 
|  70|0x000000061f800000, 0x000000061fc00000, 0x000000061fc00000|100%| O|  |TAMS 0x000000061f800000, 0x000000061f800000| Untracked 
|  71|0x000000061fc00000, 0x0000000620000000, 0x0000000620000000|100%| O|  |TAMS 0x000000061fc00000, 0x000000061fc00000| Untracked 
|  72|0x0000000620000000, 0x0000000620400000, 0x0000000620400000|100%| O|  |TAMS 0x0000000620000000, 0x0000000620000000| Untracked 
|  73|0x0000000620400000, 0x0000000620800000, 0x0000000620800000|100%| O|  |TAMS 0x0000000620400000, 0x0000000620400000| Untracked 
|  74|0x0000000620800000, 0x0000000620c00000, 0x0000000620c00000|100%| O|  |TAMS 0x0000000620800000, 0x0000000620800000| Untracked 
|  75|0x0000000620c00000, 0x0000000621000000, 0x0000000621000000|100%| O|  |TAMS 0x0000000620c00000, 0x0000000620c00000| Untracked 
|  76|0x0000000621000000, 0x0000000621400000, 0x0000000621400000|100%| O|  |TAMS 0x0000000621000000, 0x0000000621000000| Untracked 
|  77|0x0000000621400000, 0x0000000621800000, 0x0000000621800000|100%| O|  |TAMS 0x0000000621400000, 0x0000000621400000| Untracked 
|  78|0x0000000621800000, 0x0000000621c00000, 0x0000000621c00000|100%| O|  |TAMS 0x0000000621800000, 0x0000000621800000| Untracked 
|  79|0x0000000621c00000, 0x0000000622000000, 0x0000000622000000|100%| O|  |TAMS 0x0000000621c00000, 0x0000000621c00000| Untracked 
|  80|0x0000000622000000, 0x0000000622400000, 0x0000000622400000|100%| O|  |TAMS 0x0000000622000000, 0x0000000622000000| Untracked 
|  81|0x0000000622400000, 0x0000000622800000, 0x0000000622800000|100%| O|  |TAMS 0x0000000622400000, 0x0000000622400000| Untracked 
|  82|0x0000000622800000, 0x0000000622c00000, 0x0000000622c00000|100%| O|  |TAMS 0x0000000622800000, 0x0000000622800000| Untracked 
|  83|0x0000000622c00000, 0x0000000623000000, 0x0000000623000000|100%| O|  |TAMS 0x0000000622c00000, 0x0000000622c00000| Untracked 
|  84|0x0000000623000000, 0x0000000623400000, 0x0000000623400000|100%| O|  |TAMS 0x0000000623000000, 0x0000000623000000| Untracked 
|  85|0x0000000623400000, 0x0000000623800000, 0x0000000623800000|100%| O|  |TAMS 0x0000000623400000, 0x0000000623400000| Untracked 
|  86|0x0000000623800000, 0x0000000623c00000, 0x0000000623c00000|100%| O|  |TAMS 0x0000000623800000, 0x0000000623800000| Untracked 
|  87|0x0000000623c00000, 0x0000000624000000, 0x0000000624000000|100%| O|  |TAMS 0x0000000623c00000, 0x0000000623c00000| Untracked 
|  88|0x0000000624000000, 0x0000000624400000, 0x0000000624400000|100%| O|  |TAMS 0x0000000624000000, 0x0000000624000000| Untracked 
|  89|0x0000000624400000, 0x0000000624800000, 0x0000000624800000|100%| O|  |TAMS 0x0000000624400000, 0x0000000624400000| Untracked 
|  90|0x0000000624800000, 0x0000000624c00000, 0x0000000624c00000|100%| O|  |TAMS 0x0000000624800000, 0x0000000624800000| Untracked 
|  91|0x0000000624c00000, 0x0000000625000000, 0x0000000625000000|100%| O|  |TAMS 0x0000000624c00000, 0x0000000624c00000| Untracked 
|  92|0x0000000625000000, 0x0000000625400000, 0x0000000625400000|100%| O|  |TAMS 0x0000000625000000, 0x0000000625000000| Untracked 
|  93|0x0000000625400000, 0x0000000625800000, 0x0000000625800000|100%| O|  |TAMS 0x0000000625400000, 0x0000000625400000| Untracked 
|  94|0x0000000625800000, 0x0000000625c00000, 0x0000000625c00000|100%| O|  |TAMS 0x0000000625800000, 0x0000000625800000| Untracked 
|  95|0x0000000625c00000, 0x0000000626000000, 0x0000000626000000|100%| O|  |TAMS 0x0000000625c00000, 0x0000000625c00000| Untracked 
|  96|0x0000000626000000, 0x0000000626400000, 0x0000000626400000|100%| O|  |TAMS 0x0000000626000000, 0x0000000626000000| Untracked 
|  97|0x0000000626400000, 0x0000000626800000, 0x0000000626800000|100%| O|  |TAMS 0x0000000626400000, 0x0000000626400000| Untracked 
|  98|0x0000000626800000, 0x0000000626c00000, 0x0000000626c00000|100%| O|  |TAMS 0x0000000626800000, 0x0000000626800000| Untracked 
|  99|0x0000000626c00000, 0x0000000627000000, 0x0000000627000000|100%| O|  |TAMS 0x0000000626c00000, 0x0000000626c00000| Untracked 
| 100|0x0000000627000000, 0x0000000627400000, 0x0000000627400000|100%| O|  |TAMS 0x0000000627000000, 0x0000000627000000| Untracked 
| 101|0x0000000627400000, 0x0000000627800000, 0x0000000627800000|100%| O|  |TAMS 0x0000000627400000, 0x0000000627400000| Untracked 
| 102|0x0000000627800000, 0x0000000627c00000, 0x0000000627c00000|100%| O|  |TAMS 0x0000000627800000, 0x0000000627800000| Untracked 
| 103|0x0000000627c00000, 0x0000000628000000, 0x0000000628000000|100%| O|  |TAMS 0x0000000627c00000, 0x0000000627c00000| Untracked 
| 104|0x0000000628000000, 0x0000000628400000, 0x0000000628400000|100%| O|  |TAMS 0x0000000628000000, 0x0000000628000000| Untracked 
| 105|0x0000000628400000, 0x0000000628800000, 0x0000000628800000|100%| O|  |TAMS 0x0000000628400000, 0x0000000628400000| Untracked 
| 106|0x0000000628800000, 0x0000000628c00000, 0x0000000628c00000|100%| O|  |TAMS 0x0000000628800000, 0x0000000628800000| Untracked 
| 107|0x0000000628c00000, 0x0000000629000000, 0x0000000629000000|100%| O|  |TAMS 0x0000000628c00000, 0x0000000628c00000| Untracked 
| 108|0x0000000629000000, 0x0000000629400000, 0x0000000629400000|100%| O|  |TAMS 0x0000000629000000, 0x0000000629000000| Untracked 
| 109|0x0000000629400000, 0x0000000629800000, 0x0000000629800000|100%| O|  |TAMS 0x0000000629400000, 0x0000000629400000| Untracked 
| 110|0x0000000629800000, 0x0000000629c00000, 0x0000000629c00000|100%| O|  |TAMS 0x0000000629800000, 0x0000000629800000| Untracked 
| 111|0x0000000629c00000, 0x000000062a000000, 0x000000062a000000|100%| O|  |TAMS 0x0000000629c00000, 0x0000000629c00000| Untracked 
| 112|0x000000062a000000, 0x000000062a400000, 0x000000062a400000|100%| O|  |TAMS 0x000000062a000000, 0x000000062a000000| Untracked 
| 113|0x000000062a400000, 0x000000062a800000, 0x000000062a800000|100%| O|  |TAMS 0x000000062a400000, 0x000000062a400000| Untracked 
| 114|0x000000062a800000, 0x000000062ac00000, 0x000000062ac00000|100%| O|  |TAMS 0x000000062a800000, 0x000000062a800000| Untracked 
| 115|0x000000062ac00000, 0x000000062b000000, 0x000000062b000000|100%| O|  |TAMS 0x000000062ac00000, 0x000000062ac00000| Untracked 
| 116|0x000000062b000000, 0x000000062b400000, 0x000000062b400000|100%| O|  |TAMS 0x000000062b000000, 0x000000062b000000| Untracked 
| 117|0x000000062b400000, 0x000000062b800000, 0x000000062b800000|100%| O|  |TAMS 0x000000062b400000, 0x000000062b400000| Untracked 
| 118|0x000000062b800000, 0x000000062bc00000, 0x000000062bc00000|100%| O|  |TAMS 0x000000062b800000, 0x000000062b800000| Untracked 
| 119|0x000000062bc00000, 0x000000062c000000, 0x000000062c000000|100%| O|  |TAMS 0x000000062bc00000, 0x000000062bc00000| Untracked 
| 120|0x000000062c000000, 0x000000062c400000, 0x000000062c400000|100%| O|  |TAMS 0x000000062c000000, 0x000000062c000000| Untracked 
| 121|0x000000062c400000, 0x000000062c800000, 0x000000062c800000|100%| O|  |TAMS 0x000000062c400000, 0x000000062c400000| Untracked 
| 122|0x000000062c800000, 0x000000062cc00000, 0x000000062cc00000|100%| O|  |TAMS 0x000000062c800000, 0x000000062c800000| Untracked 
| 123|0x000000062cc00000, 0x000000062cd39c00, 0x000000062d000000| 30%| O|  |TAMS 0x000000062cc00000, 0x000000062cc00000| Untracked 
| 124|0x000000062d000000, 0x000000062d000000, 0x000000062d400000|  0%| F|  |TAMS 0x000000062d000000, 0x000000062d000000| Untracked 
| 125|0x000000062d400000, 0x000000062d400000, 0x000000062d800000|  0%| F|  |TAMS 0x000000062d400000, 0x000000062d400000| Untracked 
| 126|0x000000062d800000, 0x000000062d800000, 0x000000062dc00000|  0%| F|  |TAMS 0x000000062d800000, 0x000000062d800000| Untracked 
| 127|0x000000062dc00000, 0x000000062dc00000, 0x000000062e000000|  0%| F|  |TAMS 0x000000062dc00000, 0x000000062dc00000| Untracked 
| 128|0x000000062e000000, 0x000000062e000000, 0x000000062e400000|  0%| F|  |TAMS 0x000000062e000000, 0x000000062e000000| Untracked 
| 129|0x000000062e400000, 0x000000062e400000, 0x000000062e800000|  0%| F|  |TAMS 0x000000062e400000, 0x000000062e400000| Untracked 
| 130|0x000000062e800000, 0x000000062e800000, 0x000000062ec00000|  0%| F|  |TAMS 0x000000062e800000, 0x000000062e800000| Untracked 
| 131|0x000000062ec00000, 0x000000062ec00000, 0x000000062f000000|  0%| F|  |TAMS 0x000000062ec00000, 0x000000062ec00000| Untracked 
| 132|0x000000062f000000, 0x000000062f000000, 0x000000062f400000|  0%| F|  |TAMS 0x000000062f000000, 0x000000062f000000| Untracked 
| 133|0x000000062f400000, 0x000000062f400000, 0x000000062f800000|  0%| F|  |TAMS 0x000000062f400000, 0x000000062f400000| Untracked 
| 134|0x000000062f800000, 0x000000062f800000, 0x000000062fc00000|  0%| F|  |TAMS 0x000000062f800000, 0x000000062f800000| Untracked 
| 135|0x000000062fc00000, 0x000000062fc00000, 0x0000000630000000|  0%| F|  |TAMS 0x000000062fc00000, 0x000000062fc00000| Untracked 
| 136|0x0000000630000000, 0x0000000630000000, 0x0000000630400000|  0%| F|  |TAMS 0x0000000630000000, 0x0000000630000000| Untracked 
| 137|0x0000000630400000, 0x0000000630400000, 0x0000000630800000|  0%| F|  |TAMS 0x0000000630400000, 0x0000000630400000| Untracked 
| 138|0x0000000630800000, 0x0000000630800000, 0x0000000630c00000|  0%| F|  |TAMS 0x0000000630800000, 0x0000000630800000| Untracked 
| 139|0x0000000630c00000, 0x0000000630c00000, 0x0000000631000000|  0%| F|  |TAMS 0x0000000630c00000, 0x0000000630c00000| Untracked 
| 140|0x0000000631000000, 0x0000000631000000, 0x0000000631400000|  0%| F|  |TAMS 0x0000000631000000, 0x0000000631000000| Untracked 
| 141|0x0000000631400000, 0x0000000631400000, 0x0000000631800000|  0%| F|  |TAMS 0x0000000631400000, 0x0000000631400000| Untracked 
| 142|0x0000000631800000, 0x0000000631800000, 0x0000000631c00000|  0%| F|  |TAMS 0x0000000631800000, 0x0000000631800000| Untracked 
| 143|0x0000000631c00000, 0x0000000631c00000, 0x0000000632000000|  0%| F|  |TAMS 0x0000000631c00000, 0x0000000631c00000| Untracked 
| 144|0x0000000632000000, 0x0000000632000000, 0x0000000632400000|  0%| F|  |TAMS 0x0000000632000000, 0x0000000632000000| Untracked 
| 145|0x0000000632400000, 0x0000000632400000, 0x0000000632800000|  0%| F|  |TAMS 0x0000000632400000, 0x0000000632400000| Untracked 
| 146|0x0000000632800000, 0x0000000632800000, 0x0000000632c00000|  0%| F|  |TAMS 0x0000000632800000, 0x0000000632800000| Untracked 
| 147|0x0000000632c00000, 0x0000000632c00000, 0x0000000633000000|  0%| F|  |TAMS 0x0000000632c00000, 0x0000000632c00000| Untracked 
| 148|0x0000000633000000, 0x0000000633000000, 0x0000000633400000|  0%| F|  |TAMS 0x0000000633000000, 0x0000000633000000| Untracked 
| 149|0x0000000633400000, 0x0000000633400000, 0x0000000633800000|  0%| F|  |TAMS 0x0000000633400000, 0x0000000633400000| Untracked 
| 150|0x0000000633800000, 0x0000000633800000, 0x0000000633c00000|  0%| F|  |TAMS 0x0000000633800000, 0x0000000633800000| Untracked 
| 151|0x0000000633c00000, 0x0000000633c00000, 0x0000000634000000|  0%| F|  |TAMS 0x0000000633c00000, 0x0000000633c00000| Untracked 
| 152|0x0000000634000000, 0x0000000634000000, 0x0000000634400000|  0%| F|  |TAMS 0x0000000634000000, 0x0000000634000000| Untracked 
| 153|0x0000000634400000, 0x0000000634400000, 0x0000000634800000|  0%| F|  |TAMS 0x0000000634400000, 0x0000000634400000| Untracked 
| 154|0x0000000634800000, 0x0000000634800000, 0x0000000634c00000|  0%| F|  |TAMS 0x0000000634800000, 0x0000000634800000| Untracked 
| 155|0x0000000634c00000, 0x0000000634c00000, 0x0000000635000000|  0%| F|  |TAMS 0x0000000634c00000, 0x0000000634c00000| Untracked 
| 156|0x0000000635000000, 0x0000000635000000, 0x0000000635400000|  0%| F|  |TAMS 0x0000000635000000, 0x0000000635000000| Untracked 
| 157|0x0000000635400000, 0x0000000635400000, 0x0000000635800000|  0%| F|  |TAMS 0x0000000635400000, 0x0000000635400000| Untracked 
| 158|0x0000000635800000, 0x0000000635800000, 0x0000000635c00000|  0%| F|  |TAMS 0x0000000635800000, 0x0000000635800000| Untracked 
| 159|0x0000000635c00000, 0x0000000635c00000, 0x0000000636000000|  0%| F|  |TAMS 0x0000000635c00000, 0x0000000635c00000| Untracked 
| 160|0x0000000636000000, 0x0000000636000000, 0x0000000636400000|  0%| F|  |TAMS 0x0000000636000000, 0x0000000636000000| Untracked 
| 161|0x0000000636400000, 0x0000000636400000, 0x0000000636800000|  0%| F|  |TAMS 0x0000000636400000, 0x0000000636400000| Untracked 
| 162|0x0000000636800000, 0x0000000636800000, 0x0000000636c00000|  0%| F|  |TAMS 0x0000000636800000, 0x0000000636800000| Untracked 
| 163|0x0000000636c00000, 0x0000000636c00000, 0x0000000637000000|  0%| F|  |TAMS 0x0000000636c00000, 0x0000000636c00000| Untracked 
| 164|0x0000000637000000, 0x0000000637000000, 0x0000000637400000|  0%| F|  |TAMS 0x0000000637000000, 0x0000000637000000| Untracked 
| 165|0x0000000637400000, 0x0000000637400000, 0x0000000637800000|  0%| F|  |TAMS 0x0000000637400000, 0x0000000637400000| Untracked 
| 166|0x0000000637800000, 0x0000000637800000, 0x0000000637c00000|  0%| F|  |TAMS 0x0000000637800000, 0x0000000637800000| Untracked 
| 167|0x0000000637c00000, 0x0000000637c00000, 0x0000000638000000|  0%| F|  |TAMS 0x0000000637c00000, 0x0000000637c00000| Untracked 
| 168|0x0000000638000000, 0x0000000638000000, 0x0000000638400000|  0%| F|  |TAMS 0x0000000638000000, 0x0000000638000000| Untracked 
| 169|0x0000000638400000, 0x0000000638400000, 0x0000000638800000|  0%| F|  |TAMS 0x0000000638400000, 0x0000000638400000| Untracked 
| 170|0x0000000638800000, 0x0000000638800000, 0x0000000638c00000|  0%| F|  |TAMS 0x0000000638800000, 0x0000000638800000| Untracked 
| 171|0x0000000638c00000, 0x0000000639000000, 0x0000000639000000|100%| S|CS|TAMS 0x0000000638c00000, 0x0000000638c00000| Complete 
| 172|0x0000000639000000, 0x0000000639400000, 0x0000000639400000|100%| S|CS|TAMS 0x0000000639000000, 0x0000000639000000| Complete 
| 173|0x0000000639400000, 0x0000000639800000, 0x0000000639800000|100%| S|CS|TAMS 0x0000000639400000, 0x0000000639400000| Complete 
| 174|0x0000000639800000, 0x0000000639c00000, 0x0000000639c00000|100%| S|CS|TAMS 0x0000000639800000, 0x0000000639800000| Complete 
| 175|0x0000000639c00000, 0x000000063a000000, 0x000000063a000000|100%| S|CS|TAMS 0x0000000639c00000, 0x0000000639c00000| Complete 
| 176|0x000000063a000000, 0x000000063a400000, 0x000000063a400000|100%| S|CS|TAMS 0x000000063a000000, 0x000000063a000000| Complete 
| 177|0x000000063a400000, 0x000000063a400000, 0x000000063a800000|  0%| F|  |TAMS 0x000000063a400000, 0x000000063a400000| Untracked 
| 178|0x000000063a800000, 0x000000063a800000, 0x000000063ac00000|  0%| F|  |TAMS 0x000000063a800000, 0x000000063a800000| Untracked 
| 179|0x000000063ac00000, 0x000000063ac00000, 0x000000063b000000|  0%| F|  |TAMS 0x000000063ac00000, 0x000000063ac00000| Untracked 
| 180|0x000000063b000000, 0x000000063b000000, 0x000000063b400000|  0%| F|  |TAMS 0x000000063b000000, 0x000000063b000000| Untracked 
| 181|0x000000063b400000, 0x000000063b800000, 0x000000063b800000|100%| S|CS|TAMS 0x000000063b400000, 0x000000063b400000| Complete 
| 182|0x000000063b800000, 0x000000063bc00000, 0x000000063bc00000|100%| S|CS|TAMS 0x000000063b800000, 0x000000063b800000| Complete 
| 183|0x000000063bc00000, 0x000000063c000000, 0x000000063c000000|100%| S|CS|TAMS 0x000000063bc00000, 0x000000063bc00000| Complete 
| 184|0x000000063c000000, 0x000000063c400000, 0x000000063c400000|100%| S|CS|TAMS 0x000000063c000000, 0x000000063c000000| Complete 
| 185|0x000000063c400000, 0x000000063c800000, 0x000000063c800000|100%| S|CS|TAMS 0x000000063c400000, 0x000000063c400000| Complete 
| 186|0x000000063c800000, 0x000000063c800000, 0x000000063cc00000|  0%| F|  |TAMS 0x000000063c800000, 0x000000063c800000| Untracked 
| 187|0x000000063cc00000, 0x000000063cc00000, 0x000000063d000000|  0%| F|  |TAMS 0x000000063cc00000, 0x000000063cc00000| Untracked 
| 188|0x000000063d000000, 0x000000063d000000, 0x000000063d400000|  0%| F|  |TAMS 0x000000063d000000, 0x000000063d000000| Untracked 
| 189|0x000000063d400000, 0x000000063d400000, 0x000000063d800000|  0%| F|  |TAMS 0x000000063d400000, 0x000000063d400000| Untracked 
| 190|0x000000063d800000, 0x000000063d800000, 0x000000063dc00000|  0%| F|  |TAMS 0x000000063d800000, 0x000000063d800000| Untracked 
| 191|0x000000063dc00000, 0x000000063dc00000, 0x000000063e000000|  0%| F|  |TAMS 0x000000063dc00000, 0x000000063dc00000| Untracked 
| 192|0x000000063e000000, 0x000000063e000000, 0x000000063e400000|  0%| F|  |TAMS 0x000000063e000000, 0x000000063e000000| Untracked 
| 193|0x000000063e400000, 0x000000063e400000, 0x000000063e800000|  0%| F|  |TAMS 0x000000063e400000, 0x000000063e400000| Untracked 
| 194|0x000000063e800000, 0x000000063e800000, 0x000000063ec00000|  0%| F|  |TAMS 0x000000063e800000, 0x000000063e800000| Untracked 
| 195|0x000000063ec00000, 0x000000063ec00000, 0x000000063f000000|  0%| F|  |TAMS 0x000000063ec00000, 0x000000063ec00000| Untracked 
| 196|0x000000063f000000, 0x000000063f000000, 0x000000063f400000|  0%| F|  |TAMS 0x000000063f000000, 0x000000063f000000| Untracked 
| 197|0x000000063f400000, 0x000000063f400000, 0x000000063f800000|  0%| F|  |TAMS 0x000000063f400000, 0x000000063f400000| Untracked 
| 198|0x000000063f800000, 0x000000063f800000, 0x000000063fc00000|  0%| F|  |TAMS 0x000000063f800000, 0x000000063f800000| Untracked 
| 199|0x000000063fc00000, 0x000000063fc00000, 0x0000000640000000|  0%| F|  |TAMS 0x000000063fc00000, 0x000000063fc00000| Untracked 
| 200|0x0000000640000000, 0x0000000640000000, 0x0000000640400000|  0%| F|  |TAMS 0x0000000640000000, 0x0000000640000000| Untracked 
| 201|0x0000000640400000, 0x0000000640400000, 0x0000000640800000|  0%| F|  |TAMS 0x0000000640400000, 0x0000000640400000| Untracked 
| 202|0x0000000640800000, 0x0000000640800000, 0x0000000640c00000|  0%| F|  |TAMS 0x0000000640800000, 0x0000000640800000| Untracked 
| 203|0x0000000640c00000, 0x0000000640c00000, 0x0000000641000000|  0%| F|  |TAMS 0x0000000640c00000, 0x0000000640c00000| Untracked 
| 204|0x0000000641000000, 0x0000000641000000, 0x0000000641400000|  0%| F|  |TAMS 0x0000000641000000, 0x0000000641000000| Untracked 
| 205|0x0000000641400000, 0x0000000641400000, 0x0000000641800000|  0%| F|  |TAMS 0x0000000641400000, 0x0000000641400000| Untracked 
| 206|0x0000000641800000, 0x0000000641800000, 0x0000000641c00000|  0%| F|  |TAMS 0x0000000641800000, 0x0000000641800000| Untracked 
| 207|0x0000000641c00000, 0x0000000641c00000, 0x0000000642000000|  0%| F|  |TAMS 0x0000000641c00000, 0x0000000641c00000| Untracked 
| 208|0x0000000642000000, 0x0000000642000000, 0x0000000642400000|  0%| F|  |TAMS 0x0000000642000000, 0x0000000642000000| Untracked 
| 209|0x0000000642400000, 0x0000000642400000, 0x0000000642800000|  0%| F|  |TAMS 0x0000000642400000, 0x0000000642400000| Untracked 
| 210|0x0000000642800000, 0x0000000642800000, 0x0000000642c00000|  0%| F|  |TAMS 0x0000000642800000, 0x0000000642800000| Untracked 
| 211|0x0000000642c00000, 0x0000000642c00000, 0x0000000643000000|  0%| F|  |TAMS 0x0000000642c00000, 0x0000000642c00000| Untracked 
| 212|0x0000000643000000, 0x0000000643000000, 0x0000000643400000|  0%| F|  |TAMS 0x0000000643000000, 0x0000000643000000| Untracked 
| 213|0x0000000643400000, 0x0000000643400000, 0x0000000643800000|  0%| F|  |TAMS 0x0000000643400000, 0x0000000643400000| Untracked 
| 214|0x0000000643800000, 0x0000000643800000, 0x0000000643c00000|  0%| F|  |TAMS 0x0000000643800000, 0x0000000643800000| Untracked 
| 215|0x0000000643c00000, 0x0000000643c00000, 0x0000000644000000|  0%| F|  |TAMS 0x0000000643c00000, 0x0000000643c00000| Untracked 
| 216|0x0000000644000000, 0x0000000644000000, 0x0000000644400000|  0%| F|  |TAMS 0x0000000644000000, 0x0000000644000000| Untracked 
| 217|0x0000000644400000, 0x0000000644400000, 0x0000000644800000|  0%| F|  |TAMS 0x0000000644400000, 0x0000000644400000| Untracked 
| 218|0x0000000644800000, 0x0000000644800000, 0x0000000644c00000|  0%| F|  |TAMS 0x0000000644800000, 0x0000000644800000| Untracked 
| 219|0x0000000644c00000, 0x0000000644c00000, 0x0000000645000000|  0%| F|  |TAMS 0x0000000644c00000, 0x0000000644c00000| Untracked 
| 220|0x0000000645000000, 0x0000000645000000, 0x0000000645400000|  0%| F|  |TAMS 0x0000000645000000, 0x0000000645000000| Untracked 
| 221|0x0000000645400000, 0x0000000645400000, 0x0000000645800000|  0%| F|  |TAMS 0x0000000645400000, 0x0000000645400000| Untracked 
| 222|0x0000000645800000, 0x0000000645800000, 0x0000000645c00000|  0%| F|  |TAMS 0x0000000645800000, 0x0000000645800000| Untracked 
| 223|0x0000000645c00000, 0x0000000645c00000, 0x0000000646000000|  0%| F|  |TAMS 0x0000000645c00000, 0x0000000645c00000| Untracked 
| 224|0x0000000646000000, 0x0000000646000000, 0x0000000646400000|  0%| F|  |TAMS 0x0000000646000000, 0x0000000646000000| Untracked 
| 225|0x0000000646400000, 0x0000000646400000, 0x0000000646800000|  0%| F|  |TAMS 0x0000000646400000, 0x0000000646400000| Untracked 
| 226|0x0000000646800000, 0x0000000646800000, 0x0000000646c00000|  0%| F|  |TAMS 0x0000000646800000, 0x0000000646800000| Untracked 
| 227|0x0000000646c00000, 0x0000000646c00000, 0x0000000647000000|  0%| F|  |TAMS 0x0000000646c00000, 0x0000000646c00000| Untracked 
| 228|0x0000000647000000, 0x0000000647000000, 0x0000000647400000|  0%| F|  |TAMS 0x0000000647000000, 0x0000000647000000| Untracked 
| 229|0x0000000647400000, 0x0000000647400000, 0x0000000647800000|  0%| F|  |TAMS 0x0000000647400000, 0x0000000647400000| Untracked 
| 230|0x0000000647800000, 0x0000000647800000, 0x0000000647c00000|  0%| F|  |TAMS 0x0000000647800000, 0x0000000647800000| Untracked 
| 231|0x0000000647c00000, 0x0000000647c00000, 0x0000000648000000|  0%| F|  |TAMS 0x0000000647c00000, 0x0000000647c00000| Untracked 
| 232|0x0000000648000000, 0x0000000648000000, 0x0000000648400000|  0%| F|  |TAMS 0x0000000648000000, 0x0000000648000000| Untracked 
| 233|0x0000000648400000, 0x0000000648400000, 0x0000000648800000|  0%| F|  |TAMS 0x0000000648400000, 0x0000000648400000| Untracked 
| 234|0x0000000648800000, 0x0000000648800000, 0x0000000648c00000|  0%| F|  |TAMS 0x0000000648800000, 0x0000000648800000| Untracked 
| 235|0x0000000648c00000, 0x0000000648c00000, 0x0000000649000000|  0%| F|  |TAMS 0x0000000648c00000, 0x0000000648c00000| Untracked 
| 236|0x0000000649000000, 0x0000000649000000, 0x0000000649400000|  0%| F|  |TAMS 0x0000000649000000, 0x0000000649000000| Untracked 
| 237|0x0000000649400000, 0x0000000649400000, 0x0000000649800000|  0%| F|  |TAMS 0x0000000649400000, 0x0000000649400000| Untracked 
| 238|0x0000000649800000, 0x0000000649800000, 0x0000000649c00000|  0%| F|  |TAMS 0x0000000649800000, 0x0000000649800000| Untracked 
| 239|0x0000000649c00000, 0x0000000649c00000, 0x000000064a000000|  0%| F|  |TAMS 0x0000000649c00000, 0x0000000649c00000| Untracked 
| 240|0x000000064a000000, 0x000000064a000000, 0x000000064a400000|  0%| F|  |TAMS 0x000000064a000000, 0x000000064a000000| Untracked 
| 241|0x000000064a400000, 0x000000064a400000, 0x000000064a800000|  0%| F|  |TAMS 0x000000064a400000, 0x000000064a400000| Untracked 
| 242|0x000000064a800000, 0x000000064a800000, 0x000000064ac00000|  0%| F|  |TAMS 0x000000064a800000, 0x000000064a800000| Untracked 
| 243|0x000000064ac00000, 0x000000064ac00000, 0x000000064b000000|  0%| F|  |TAMS 0x000000064ac00000, 0x000000064ac00000| Untracked 
| 244|0x000000064b000000, 0x000000064b000000, 0x000000064b400000|  0%| F|  |TAMS 0x000000064b000000, 0x000000064b000000| Untracked 
| 245|0x000000064b400000, 0x000000064b400000, 0x000000064b800000|  0%| F|  |TAMS 0x000000064b400000, 0x000000064b400000| Untracked 
| 246|0x000000064b800000, 0x000000064b800000, 0x000000064bc00000|  0%| F|  |TAMS 0x000000064b800000, 0x000000064b800000| Untracked 
| 247|0x000000064bc00000, 0x000000064bc00000, 0x000000064c000000|  0%| F|  |TAMS 0x000000064bc00000, 0x000000064bc00000| Untracked 
| 248|0x000000064c000000, 0x000000064c000000, 0x000000064c400000|  0%| F|  |TAMS 0x000000064c000000, 0x000000064c000000| Untracked 
| 249|0x000000064c400000, 0x000000064c400000, 0x000000064c800000|  0%| F|  |TAMS 0x000000064c400000, 0x000000064c400000| Untracked 
| 250|0x000000064c800000, 0x000000064c800000, 0x000000064cc00000|  0%| F|  |TAMS 0x000000064c800000, 0x000000064c800000| Untracked 
| 251|0x000000064cc00000, 0x000000064cc00000, 0x000000064d000000|  0%| F|  |TAMS 0x000000064cc00000, 0x000000064cc00000| Untracked 
| 252|0x000000064d000000, 0x000000064d000000, 0x000000064d400000|  0%| F|  |TAMS 0x000000064d000000, 0x000000064d000000| Untracked 
| 253|0x000000064d400000, 0x000000064d400000, 0x000000064d800000|  0%| F|  |TAMS 0x000000064d400000, 0x000000064d400000| Untracked 
| 254|0x000000064d800000, 0x000000064d800000, 0x000000064dc00000|  0%| F|  |TAMS 0x000000064d800000, 0x000000064d800000| Untracked 
| 255|0x000000064dc00000, 0x000000064dc00000, 0x000000064e000000|  0%| F|  |TAMS 0x000000064dc00000, 0x000000064dc00000| Untracked 
| 256|0x000000064e000000, 0x000000064e000000, 0x000000064e400000|  0%| F|  |TAMS 0x000000064e000000, 0x000000064e000000| Untracked 
| 257|0x000000064e400000, 0x000000064e400000, 0x000000064e800000|  0%| F|  |TAMS 0x000000064e400000, 0x000000064e400000| Untracked 
| 258|0x000000064e800000, 0x000000064e800000, 0x000000064ec00000|  0%| F|  |TAMS 0x000000064e800000, 0x000000064e800000| Untracked 
| 259|0x000000064ec00000, 0x000000064ec00000, 0x000000064f000000|  0%| F|  |TAMS 0x000000064ec00000, 0x000000064ec00000| Untracked 

Card table byte_map: [0x0000022a4c700000,0x0000022a4d690000] _byte_map_base: 0x0000022a49690000

Marking Bits (Prev, Next): (CMBitMap*) 0x0000022a34417d70, (CMBitMap*) 0x0000022a34417d30
 Prev Bits: [0x0000022a562a0000, 0x0000022a5df20000)
 Next Bits: [0x0000022a4e620000, 0x0000022a562a0000)

Polling page: 0x0000022a32270000

Metaspace:

Usage:
  Non-class:     68.26 MB used.
      Class:      8.59 MB used.
       Both:     76.85 MB used.

Virtual space:
  Non-class space:      128.00 MB reserved,      68.50 MB ( 54%) committed,  2 nodes.
      Class space:        1.00 GB reserved,       8.88 MB ( <1%) committed,  1 nodes.
             Both:        1.12 GB reserved,      77.38 MB (  7%) committed. 

Chunk freelists:
   Non-Class:  11.45 MB
       Class:  7.12 MB
        Both:  18.58 MB

MaxMetaspaceSize: unlimited
CompressedClassSpaceSize: 1.00 GB
Initial GC threshold: 21.00 MB
Current GC threshold: 128.69 MB
CDS: on
MetaspaceReclaimPolicy: balanced
 - commit_granule_bytes: 65536.
 - commit_granule_words: 8192.
 - virtual_space_node_default_size: 8388608.
 - enlarge_chunks_in_place: 1.
 - new_chunks_are_fully_committed: 0.
 - uncommit_free_chunks: 1.
 - use_allocation_guard: 0.
 - handle_deallocations: 1.


Internal statistics:

num_allocs_failed_limit: 6.
num_arena_births: 988.
num_arena_deaths: 0.
num_vsnodes_births: 3.
num_vsnodes_deaths: 0.
num_space_committed: 1236.
num_space_uncommitted: 0.
num_chunks_returned_to_freelist: 6.
num_chunks_taken_from_freelist: 4013.
num_chunk_merges: 6.
num_chunk_splits: 2925.
num_chunks_enlarged: 2223.
num_inconsistent_stats: 0.

CodeHeap 'non-profiled nmethods': size=119168Kb used=13395Kb max_used=13395Kb free=105773Kb
 bounds [0x0000022a43a90000, 0x0000022a447b0000, 0x0000022a4aef0000]
CodeHeap 'profiled nmethods': size=119104Kb used=40234Kb max_used=42113Kb free=78869Kb
 bounds [0x0000022a3bef0000, 0x0000022a3e840000, 0x0000022a43340000]
CodeHeap 'non-nmethods': size=7488Kb used=3095Kb max_used=3203Kb free=4392Kb
 bounds [0x0000022a43340000, 0x0000022a43680000, 0x0000022a43a90000]
 total_blobs=14999 nmethods=14275 adapters=631
 compilation: enabled
              stopped_count=0, restarted_count=0
 full_count=0

Compilation events (20 events):
Event: 14.070 Thread 0x0000022aa2306490 17422       4       com.intellij.psi.impl.compiled.FirstPassData$1FirstPassVisitor::visitSource (25 bytes)
Event: 14.071 Thread 0x0000022aa27955f0 17423       4       org.jetbrains.kotlin.metadata.ProtoBuf$ValueParameter::isInitialized (101 bytes)
Event: 14.073 Thread 0x0000022aa2306490 nmethod 17422 0x0000022a44799b90 code [0x0000022a44799d20, 0x0000022a44799fd8]
Event: 14.077 Thread 0x0000022ab08982c0 nmethod 17412 0x0000022a4479a310 code [0x0000022a4479a5a0, 0x0000022a4479c070]
Event: 14.078 Thread 0x0000022ab0899800 17424       4       org.jetbrains.kotlin.load.kotlin.header.ReadKotlinClassHeaderAnnotationVisitor$KotlinMetadataArgumentVisitor::visitArray (43 bytes)
Event: 14.083 Thread 0x0000022ab0899800 nmethod 17424 0x0000022a4479d310 code [0x0000022a4479d4c0, 0x0000022a4479da78]
Event: 14.085 Thread 0x0000022aa27950d0 nmethod 17411 0x0000022a4479dc90 code [0x0000022a4479df40, 0x0000022a4479fc10]
Event: 14.088 Thread 0x0000022aa27950d0 17425       4       org.jetbrains.kotlin.metadata.jvm.JvmProtoBuf$JvmPropertySignature::isInitialized (25 bytes)
Event: 14.089 Thread 0x0000022aa27950d0 nmethod 17425 0x0000022a447a1190 code [0x0000022a447a1300, 0x0000022a447a13b8]
Event: 14.091 Thread 0x0000022ab08992b0 17426       4       org.jetbrains.kotlin.metadata.ProtoBuf$Property::getSerializedSize (496 bytes)
Event: 14.091 Thread 0x0000022aa27955f0 nmethod 17423 0x0000022a447a1490 code [0x0000022a447a1880, 0x0000022a447a2f58]
Event: 14.091 Thread 0x0000022aa27950d0 17427       4       org.jetbrains.kotlin.serialization.deserialization.MemberDeserializer::valueParameters (475 bytes)
Event: 14.092 Thread 0x0000022ab0899800 17428       4       org.jetbrains.kotlin.metadata.deserialization.VersionSpecificBehaviorKt::isKotlin1Dot4OrLater (36 bytes)
Event: 14.092 Thread 0x0000022aa2306490 17429       4       org.jetbrains.kotlin.serialization.deserialization.MemberDeserializer::getAnnotations (46 bytes)
Event: 14.092 Thread 0x0000022aa27955f0 17430       4       org.jetbrains.kotlin.serialization.deserialization.descriptors.DeserializedSimpleFunctionDescriptor::<init> (36 bytes)
Event: 14.092 Thread 0x0000022ab0899800 nmethod 17428 0x0000022a447a4590 code [0x0000022a447a4700, 0x0000022a447a47b8]
Event: 14.092 Thread 0x0000022ab08982c0 17431       4       org.jetbrains.kotlin.metadata.deserialization.ProtoTypeTableUtilKt::contextReceiverTypes (168 bytes)
Event: 14.092 Thread 0x0000022ab0899800 17432       4       org.jetbrains.kotlin.serialization.deserialization.MemberDeserializer::initializeWithCoroutinesExperimentalityStatus (22 bytes)
Event: 14.093 Thread 0x0000022ab0899800 nmethod 17432 0x0000022a447a4890 code [0x0000022a447a4a20, 0x0000022a447a4b28]
Event: 14.093 Thread 0x0000022ab0899800 17433       4       org.jetbrains.kotlin.resolve.MemberComparator$NameAndTypeMemberComparator::getDeclarationPriority (87 bytes)

GC Heap History (20 events):
Event: 10.309 GC heap after
{Heap after GC invocations=49 (full 0):
 garbage-first heap   total 376832K, used 205833K [0x000000060e000000, 0x0000000800000000)
  region size 4096K, 4 young (16384K), 4 survivors (16384K)
 Metaspace       used 78393K, committed 78976K, reserved 1179648K
  class space    used 8775K, committed 9088K, reserved 1048576K
}
Event: 10.473 GC heap before
{Heap before GC invocations=49 (full 0):
 garbage-first heap   total 376832K, used 295945K [0x000000060e000000, 0x0000000800000000)
  region size 4096K, 26 young (106496K), 4 survivors (16384K)
 Metaspace       used 78444K, committed 79040K, reserved 1179648K
  class space    used 8779K, committed 9088K, reserved 1048576K
}
Event: 10.478 GC heap after
{Heap after GC invocations=50 (full 0):
 garbage-first heap   total 376832K, used 216973K [0x000000060e000000, 0x0000000800000000)
  region size 4096K, 3 young (12288K), 3 survivors (12288K)
 Metaspace       used 78444K, committed 79040K, reserved 1179648K
  class space    used 8779K, committed 9088K, reserved 1048576K
}
Event: 10.659 GC heap before
{Heap before GC invocations=51 (full 0):
 garbage-first heap   total 466944K, used 298893K [0x000000060e000000, 0x0000000800000000)
  region size 4096K, 23 young (94208K), 3 survivors (12288K)
 Metaspace       used 78471K, committed 79104K, reserved 1179648K
  class space    used 8779K, committed 9088K, reserved 1048576K
}
Event: 10.663 GC heap after
{Heap after GC invocations=52 (full 0):
 garbage-first heap   total 466944K, used 227531K [0x000000060e000000, 0x0000000800000000)
  region size 4096K, 3 young (12288K), 3 survivors (12288K)
 Metaspace       used 78471K, committed 79104K, reserved 1179648K
  class space    used 8779K, committed 9088K, reserved 1048576K
}
Event: 10.854 GC heap before
{Heap before GC invocations=52 (full 0):
 garbage-first heap   total 466944K, used 370891K [0x000000060e000000, 0x0000000800000000)
  region size 4096K, 38 young (155648K), 3 survivors (12288K)
 Metaspace       used 78476K, committed 79104K, reserved 1179648K
  class space    used 8779K, committed 9088K, reserved 1048576K
}
Event: 10.861 GC heap after
{Heap after GC invocations=53 (full 0):
 garbage-first heap   total 466944K, used 250681K [0x000000060e000000, 0x0000000800000000)
  region size 4096K, 5 young (20480K), 5 survivors (20480K)
 Metaspace       used 78476K, committed 79104K, reserved 1179648K
  class space    used 8779K, committed 9088K, reserved 1048576K
}
Event: 11.056 GC heap before
{Heap before GC invocations=54 (full 0):
 garbage-first heap   total 532480K, used 369465K [0x000000060e000000, 0x0000000800000000)
  region size 4096K, 34 young (139264K), 5 survivors (20480K)
 Metaspace       used 78484K, committed 79104K, reserved 1179648K
  class space    used 8779K, committed 9088K, reserved 1048576K
}
Event: 11.065 GC heap after
{Heap after GC invocations=55 (full 0):
 garbage-first heap   total 532480K, used 273588K [0x000000060e000000, 0x0000000800000000)
  region size 4096K, 5 young (20480K), 5 survivors (20480K)
 Metaspace       used 78484K, committed 79104K, reserved 1179648K
  class space    used 8779K, committed 9088K, reserved 1048576K
}
Event: 11.576 GC heap before
{Heap before GC invocations=55 (full 0):
 garbage-first heap   total 532480K, used 412852K [0x000000060e000000, 0x0000000800000000)
  region size 4096K, 39 young (159744K), 5 survivors (20480K)
 Metaspace       used 78490K, committed 79104K, reserved 1179648K
  class space    used 8779K, committed 9088K, reserved 1048576K
}
Event: 11.587 GC heap after
{Heap after GC invocations=56 (full 0):
 garbage-first heap   total 1064960K, used 302842K [0x000000060e000000, 0x0000000800000000)
  region size 4096K, 5 young (20480K), 5 survivors (20480K)
 Metaspace       used 78490K, committed 79104K, reserved 1179648K
  class space    used 8779K, committed 9088K, reserved 1048576K
}
Event: 12.655 GC heap before
{Heap before GC invocations=57 (full 0):
 garbage-first heap   total 1064960K, used 728826K [0x000000060e000000, 0x0000000800000000)
  region size 4096K, 109 young (446464K), 5 survivors (20480K)
 Metaspace       used 78653K, committed 79232K, reserved 1179648K
  class space    used 8791K, committed 9088K, reserved 1048576K
}
Event: 12.676 GC heap after
{Heap after GC invocations=58 (full 0):
 garbage-first heap   total 1064960K, used 382089K [0x000000060e000000, 0x0000000800000000)
  region size 4096K, 14 young (57344K), 14 survivors (57344K)
 Metaspace       used 78653K, committed 79232K, reserved 1179648K
  class space    used 8791K, committed 9088K, reserved 1048576K
}
Event: 12.682 GC heap before
{Heap before GC invocations=58 (full 0):
 garbage-first heap   total 1064960K, used 386185K [0x000000060e000000, 0x0000000800000000)
  region size 4096K, 15 young (61440K), 14 survivors (57344K)
 Metaspace       used 78653K, committed 79232K, reserved 1179648K
  class space    used 8791K, committed 9088K, reserved 1048576K
}
Event: 12.692 GC heap after
{Heap after GC invocations=59 (full 0):
 garbage-first heap   total 1064960K, used 392444K [0x000000060e000000, 0x0000000800000000)
  region size 4096K, 2 young (8192K), 2 survivors (8192K)
 Metaspace       used 78653K, committed 79232K, reserved 1179648K
  class space    used 8791K, committed 9088K, reserved 1048576K
}
Event: 13.040 GC heap before
{Heap before GC invocations=59 (full 0):
 garbage-first heap   total 1064960K, used 724220K [0x000000060e000000, 0x0000000800000000)
  region size 4096K, 83 young (339968K), 2 survivors (8192K)
 Metaspace       used 78672K, committed 79232K, reserved 1179648K
  class space    used 8793K, committed 9088K, reserved 1048576K
}
Event: 13.053 GC heap after
{Heap after GC invocations=60 (full 0):
 garbage-first heap   total 1064960K, used 439103K [0x000000060e000000, 0x0000000800000000)
  region size 4096K, 11 young (45056K), 11 survivors (45056K)
 Metaspace       used 78672K, committed 79232K, reserved 1179648K
  class space    used 8793K, committed 9088K, reserved 1048576K
}
Event: 13.551 GC heap before
{Heap before GC invocations=60 (full 0):
 garbage-first heap   total 1064960K, used 762687K [0x000000060e000000, 0x0000000800000000)
  region size 4096K, 90 young (368640K), 11 survivors (45056K)
 Metaspace       used 78675K, committed 79232K, reserved 1179648K
  class space    used 8793K, committed 9088K, reserved 1048576K
}
Event: 13.570 GC heap after
{Heap after GC invocations=61 (full 0):
 garbage-first heap   total 1064960K, used 494557K [0x000000060e000000, 0x0000000800000000)
  region size 4096K, 12 young (49152K), 12 survivors (49152K)
 Metaspace       used 78675K, committed 79232K, reserved 1179648K
  class space    used 8793K, committed 9088K, reserved 1048576K
}
Event: 14.094 GC heap before
{Heap before GC invocations=61 (full 0):
 garbage-first heap   total 1064960K, used 797661K [0x000000060e000000, 0x0000000800000000)
  region size 4096K, 86 young (352256K), 12 survivors (49152K)
 Metaspace       used 78689K, committed 79232K, reserved 1179648K
  class space    used 8794K, committed 9088K, reserved 1048576K
}

Dll operation events (8 events):
Event: 0.006 Loaded shared library C:\Program Files\Eclipse Adoptium\jdk-17.0.15.6-hotspot\bin\java.dll
Event: 0.013 Loaded shared library C:\Program Files\Eclipse Adoptium\jdk-17.0.15.6-hotspot\bin\jsvml.dll
Event: 0.045 Loaded shared library C:\Program Files\Eclipse Adoptium\jdk-17.0.15.6-hotspot\bin\net.dll
Event: 0.046 Loaded shared library C:\Program Files\Eclipse Adoptium\jdk-17.0.15.6-hotspot\bin\nio.dll
Event: 0.048 Loaded shared library C:\Program Files\Eclipse Adoptium\jdk-17.0.15.6-hotspot\bin\zip.dll
Event: 0.081 Loaded shared library C:\Program Files\Eclipse Adoptium\jdk-17.0.15.6-hotspot\bin\jimage.dll
Event: 0.638 Loaded shared library C:\Program Files\Eclipse Adoptium\jdk-17.0.15.6-hotspot\bin\verify.dll
Event: 1.374 Loaded shared library C:\Users\CHSey\AppData\Local\Temp\sqlite-3.41.2.1-b23477e7-ac5c-4432-84cf-0308b7d1bd32-sqlitejdbc.dll

Deoptimization events (20 events):
Event: 13.871 Thread 0x0000022ab4f58e50 Uncommon trap: trap_request=0xffffffd6 fr.pc=0x0000022a4473b4b0 relative=0x0000000000000390
Event: 13.871 Thread 0x0000022ab4f58e50 Uncommon trap: reason=array_check action=maybe_recompile pc=0x0000022a4473b4b0 method=java.util.LinkedHashMap.valuesToArray([Ljava/lang/Object;)[Ljava/lang/Object; @ 25 c2
Event: 13.871 Thread 0x0000022ab4f58e50 DEOPT PACKING pc=0x0000022a4473b4b0 sp=0x000000a6dc5fe140
Event: 13.871 Thread 0x0000022ab4f58e50 DEOPT UNPACKING pc=0x0000022a4339a1a3 sp=0x000000a6dc5fe0e8 mode 2
Event: 13.871 Thread 0x0000022ab4f58e50 Uncommon trap: trap_request=0xffffffd6 fr.pc=0x0000022a4473b4b0 relative=0x0000000000000390
Event: 13.871 Thread 0x0000022ab4f58e50 Uncommon trap: reason=array_check action=maybe_recompile pc=0x0000022a4473b4b0 method=java.util.LinkedHashMap.valuesToArray([Ljava/lang/Object;)[Ljava/lang/Object; @ 25 c2
Event: 13.871 Thread 0x0000022ab4f58e50 DEOPT PACKING pc=0x0000022a4473b4b0 sp=0x000000a6dc5fe140
Event: 13.871 Thread 0x0000022ab4f58e50 DEOPT UNPACKING pc=0x0000022a4339a1a3 sp=0x000000a6dc5fe0e8 mode 2
Event: 13.981 Thread 0x0000022ab4f58e50 Uncommon trap: trap_request=0xffffff45 fr.pc=0x0000022a44372328 relative=0x00000000000036e8
Event: 13.981 Thread 0x0000022ab4f58e50 Uncommon trap: reason=unstable_if action=reinterpret pc=0x0000022a44372328 method=org.jetbrains.org.objectweb.asm.ClassReader.readElementValue(Lorg/jetbrains/org/objectweb/asm/AnnotationVisitor;ILjava/lang/String;[C)I @ 18 c2
Event: 13.981 Thread 0x0000022ab4f58e50 DEOPT PACKING pc=0x0000022a44372328 sp=0x000000a6dc5fe140
Event: 13.981 Thread 0x0000022ab4f58e50 DEOPT UNPACKING pc=0x0000022a4339a1a3 sp=0x000000a6dc5fe0d0 mode 2
Event: 14.047 Thread 0x0000022ab4f58e50 Uncommon trap: trap_request=0xffffffbe fr.pc=0x0000022a4478a500 relative=0x00000000000082e0
Event: 14.047 Thread 0x0000022ab4f58e50 Uncommon trap: reason=profile_predicate action=maybe_recompile pc=0x0000022a4478a500 method=org.jetbrains.kotlin.serialization.deserialization.descriptors.DeserializedMemberScope.computeDescriptors(Lorg/jetbrains/kotlin/resolve/scopes/DescriptorKindFilter
Event: 14.048 Thread 0x0000022ab4f58e50 DEOPT PACKING pc=0x0000022a4478a500 sp=0x000000a6dc5fe890
Event: 14.048 Thread 0x0000022ab4f58e50 DEOPT UNPACKING pc=0x0000022a4339a1a3 sp=0x000000a6dc5fe700 mode 2
Event: 14.090 Thread 0x0000022ab4f58e50 Uncommon trap: trap_request=0xffffffbe fr.pc=0x0000022a4478a500 relative=0x00000000000082e0
Event: 14.090 Thread 0x0000022ab4f58e50 Uncommon trap: reason=profile_predicate action=maybe_recompile pc=0x0000022a4478a500 method=org.jetbrains.kotlin.serialization.deserialization.descriptors.DeserializedMemberScope.computeDescriptors(Lorg/jetbrains/kotlin/resolve/scopes/DescriptorKindFilter
Event: 14.090 Thread 0x0000022ab4f58e50 DEOPT PACKING pc=0x0000022a4478a500 sp=0x000000a6dc5fe890
Event: 14.090 Thread 0x0000022ab4f58e50 DEOPT UNPACKING pc=0x0000022a4339a1a3 sp=0x000000a6dc5fe700 mode 2

Classes loaded (20 events):
Event: 4.043 Loading class java/util/stream/IntPipeline$1
Event: 4.043 Loading class java/util/stream/IntPipeline$1 done
Event: 4.045 Loading class java/util/stream/IntPipeline$1$1
Event: 4.045 Loading class java/util/stream/IntPipeline$1$1 done
Event: 4.117 Loading class java/util/stream/SliceOps
Event: 4.117 Loading class java/util/stream/SliceOps done
Event: 4.117 Loading class java/util/stream/SliceOps$1
Event: 4.117 Loading class java/util/stream/SliceOps$1 done
Event: 4.119 Loading class java/util/stream/SliceOps$1$1
Event: 4.119 Loading class java/util/stream/SliceOps$1$1 done
Event: 4.247 Loading class java/util/RegularEnumSet$EnumSetIterator
Event: 4.247 Loading class java/util/RegularEnumSet$EnumSetIterator done
Event: 6.012 Loading class java/util/function/IntBinaryOperator
Event: 6.013 Loading class java/util/function/IntBinaryOperator done
Event: 6.129 Loading class java/util/concurrent/CompletableFuture$AsyncRun
Event: 6.129 Loading class java/util/concurrent/CompletableFuture$AsyncRun done
Event: 6.223 Loading class java/util/concurrent/ConcurrentLinkedQueue$Itr
Event: 6.223 Loading class java/util/concurrent/ConcurrentLinkedQueue$Itr done
Event: 10.063 Loading class java/text/ChoiceFormat
Event: 10.063 Loading class java/text/ChoiceFormat done

Classes unloaded (0 events):
No events

Classes redefined (0 events):
No events

Internal exceptions (20 events):
Event: 5.111 Thread 0x0000022ab0a38e50 Exception <a 'java/lang/NoSuchMethodError'{0x00000006151b5878}: 'java.lang.Object java.lang.invoke.DirectMethodHandle$Holder.newInvokeSpecial(java.lang.Object, java.lang.Object, java.lang.Object, java.lang.Object, int, int)'> (0x00000006151b5878) 
thrown [s\src\hotspot\share\interpreter\linkResolver.cpp, line 759]
Event: 5.436 Thread 0x0000022ab0a38e50 Exception <a 'java/lang/NoSuchMethodError'{0x000000062d07f440}: 'java.lang.Object java.lang.invoke.DirectMethodHandle$Holder.newInvokeSpecial(java.lang.Object, java.lang.Object, java.lang.Object, java.lang.Object, java.lang.Object, java.lang.Object, java.lang.Object, java.lang.Object, java.lang.Object)'> (0x000000062d07f440) 
thrown [s\src\hotspot\share\interpreter\linkResolver.cpp, line 759]
Event: 5.436 Thread 0x0000022ab0a38e50 Exception <a 'java/lang/NoSuchMethodError'{0x000000062d0846e0}: 'java.lang.Object java.lang.invoke.DirectMethodHandle$Holder.invokeSpecial(java.lang.Object, java.lang.Object, java.lang.Object, java.lang.Object, java.lang.Object, java.lang.Object, java.lang.Object, java.lang.Object, java.lang.Object, java.lang.Object)'> (0x000000062d0846e0) 
thrown [s\src\hotspot\share\interpreter\linkResolver.cpp, line 759]
Event: 5.436 Thread 0x0000022ab0a38e50 Exception <a 'java/lang/NoSuchMethodError'{0x000000062d088ca8}: 'java.lang.Object java.lang.invoke.Invokers$Holder.linkToTargetMethod(java.lang.Object, java.lang.Object, java.lang.Object, java.lang.Object, java.lang.Object, java.lang.Object, java.lang.Object, java.lang.Object, java.lang.Object)'> (0x000000062d088ca8) 
thrown [s\src\hotspot\share\interpreter\linkResolver.cpp, line 759]
Event: 5.557 Thread 0x0000022ab0a38e50 Exception <a 'java/lang/NoSuchMethodError'{0x0000000615ddfbc8}: 'java.lang.Object java.lang.invoke.DirectMethodHandle$Holder.newInvokeSpecial(java.lang.Object, int, java.lang.Object, java.lang.Object)'> (0x0000000615ddfbc8) 
thrown [s\src\hotspot\share\interpreter\linkResolver.cpp, line 759]
Event: 5.557 Thread 0x0000022ab0a38e50 Exception <a 'java/lang/NoSuchMethodError'{0x0000000615de4cc0}: 'java.lang.Object java.lang.invoke.DirectMethodHandle$Holder.invokeSpecial(java.lang.Object, java.lang.Object, int, java.lang.Object, java.lang.Object)'> (0x0000000615de4cc0) 
thrown [s\src\hotspot\share\interpreter\linkResolver.cpp, line 759]
Event: 5.691 Thread 0x0000022ab0a38e50 Implicit null exception at 0x0000022a43d727fc to 0x0000022a43d73cbc
Event: 6.113 Thread 0x0000022ab0a38e50 Exception <a 'java/lang/NoSuchMethodError'{0x000000062d06ab28}: 'java.lang.Object java.lang.invoke.DirectMethodHandle$Holder.invokeStatic(java.lang.Object, int, int, java.lang.Object)'> (0x000000062d06ab28) 
thrown [s\src\hotspot\share\interpreter\linkResolver.cpp, line 759]
Event: 6.147 Thread 0x0000022ab0a3b1c0 Exception <a 'java/lang/NoSuchMethodError'{0x000000061652c688}: 'java.lang.Object java.lang.invoke.DirectMethodHandle$Holder.newInvokeSpecial(java.lang.Object, java.lang.Object, java.lang.Object, java.lang.Object, long)'> (0x000000061652c688) 
thrown [s\src\hotspot\share\interpreter\linkResolver.cpp, line 759]
Event: 6.148 Thread 0x0000022ab0a3b1c0 Exception <a 'java/lang/NoSuchMethodError'{0x0000000616530718}: 'java.lang.Object java.lang.invoke.DirectMethodHandle$Holder.invokeSpecial(java.lang.Object, java.lang.Object, java.lang.Object, java.lang.Object, java.lang.Object, long)'> (0x0000000616530718) 
thrown [s\src\hotspot\share\interpreter\linkResolver.cpp, line 759]
Event: 6.148 Thread 0x0000022ab0a3b1c0 Exception <a 'java/lang/NoSuchMethodError'{0x0000000616534158}: 'java.lang.Object java.lang.invoke.Invokers$Holder.linkToTargetMethod(java.lang.Object, java.lang.Object, java.lang.Object, long, java.lang.Object)'> (0x0000000616534158) 
thrown [s\src\hotspot\share\interpreter\linkResolver.cpp, line 759]
Event: 6.150 Thread 0x0000022ab0a3a7a0 Implicit null exception at 0x0000022a44035e57 to 0x0000022a44037350
Event: 6.151 Thread 0x0000022ab0a3a7a0 Implicit null exception at 0x0000022a43f6b5f7 to 0x0000022a43f6b700
Event: 7.075 Thread 0x0000022ab0a3a7a0 Exception <a 'java/lang/NoSuchMethodError'{0x0000000618e87280}: 'java.lang.Object java.lang.invoke.DirectMethodHandle$Holder.newInvokeSpecial(java.lang.Object, java.lang.Object, java.lang.Object, java.lang.Object, java.lang.Object, java.lang.Object, java.lang.Object, java.lang.Object, java.lang.Object, java.lang.Object, java.lang.Object)'> (0x0000000618e87280) 
thrown [s\src\hotspot\share\interpreter\linkResolver.cpp, line 759]
Event: 7.075 Thread 0x0000022ab0a3a7a0 Exception <a 'java/lang/NoSuchMethodError'{0x0000000618e8c960}: 'java.lang.Object java.lang.invoke.DirectMethodHandle$Holder.invokeSpecial(java.lang.Object, java.lang.Object, java.lang.Object, java.lang.Object, java.lang.Object, java.lang.Object, java.lang.Object, java.lang.Object, java.lang.Object, java.lang.Object, java.lang.Object, java.lang.Object)'> (0x0000000618e8c960) 
thrown [s\src\hotspot\share\interpreter\linkResolver.cpp, line 759]
Event: 7.076 Thread 0x0000022ab0a3a7a0 Exception <a 'java/lang/NoSuchMethodError'{0x0000000618e91800}: 'java.lang.Object java.lang.invoke.Invokers$Holder.linkToTargetMethod(java.lang.Object, java.lang.Object, java.lang.Object, java.lang.Object, java.lang.Object, java.lang.Object, java.lang.Object, java.lang.Object, java.lang.Object, java.lang.Object, java.lang.Object)'> (0x0000000618e91800) 
thrown [s\src\hotspot\share\interpreter\linkResolver.cpp, line 759]
Event: 7.131 Thread 0x0000022ab0a3a7a0 Exception <a 'java/lang/IncompatibleClassChangeError'{0x0000000618aabac8}: Found class java.lang.Object, but interface was expected> (0x0000000618aabac8) 
thrown [s\src\hotspot\share\interpreter\linkResolver.cpp, line 826]
Event: 7.132 Thread 0x0000022ab0a3a7a0 Exception <a 'java/lang/NoSuchMethodError'{0x0000000618aaf630}: 'int java.lang.invoke.DirectMethodHandle$Holder.invokeSpecialIFC(java.lang.Object, java.lang.Object, java.lang.Object)'> (0x0000000618aaf630) 
thrown [s\src\hotspot\share\interpreter\linkResolver.cpp, line 759]
Event: 8.716 Thread 0x0000022ab0a3a7a0 Implicit null exception at 0x0000022a44056e2c to 0x0000022a44056ef4
Event: 12.586 Thread 0x0000022ab4f58e50 Implicit null exception at 0x0000022a4466cc47 to 0x0000022a4466e720

VM Operations (20 events):
Event: 11.758 Executing VM operation: G1PauseCleanup done
Event: 11.871 Executing VM operation: HandshakeAllThreads
Event: 11.871 Executing VM operation: HandshakeAllThreads done
Event: 12.488 Executing VM operation: HandshakeAllThreads
Event: 12.488 Executing VM operation: HandshakeAllThreads done
Event: 12.532 Executing VM operation: ICBufferFull
Event: 12.532 Executing VM operation: ICBufferFull done
Event: 12.569 Executing VM operation: HandshakeAllThreads
Event: 12.569 Executing VM operation: HandshakeAllThreads done
Event: 12.655 Executing VM operation: G1CollectForAllocation
Event: 12.676 Executing VM operation: G1CollectForAllocation done
Event: 12.682 Executing VM operation: G1CollectForAllocation
Event: 12.692 Executing VM operation: G1CollectForAllocation done
Event: 12.891 Executing VM operation: HandshakeAllThreads
Event: 12.891 Executing VM operation: HandshakeAllThreads done
Event: 13.030 Executing VM operation: G1CollectForAllocation
Event: 13.053 Executing VM operation: G1CollectForAllocation done
Event: 13.551 Executing VM operation: G1CollectForAllocation
Event: 13.570 Executing VM operation: G1CollectForAllocation done
Event: 14.094 Executing VM operation: G1CollectForAllocation

Memory protections (0 events):
No events

Nmethod flushes (20 events):
Event: 12.931 Thread 0x0000022aa209d770 flushing  nmethod 0x0000022a3d522910
Event: 12.932 Thread 0x0000022aa209d770 flushing  nmethod 0x0000022a3d577c10
Event: 12.933 Thread 0x0000022aa209d770 flushing  nmethod 0x0000022a3d5f0a10
Event: 12.947 Thread 0x0000022aa209d770 flushing  nmethod 0x0000022a3de52e10
Event: 12.947 Thread 0x0000022aa209d770 flushing  nmethod 0x0000022a3de53790
Event: 12.948 Thread 0x0000022aa209d770 flushing  nmethod 0x0000022a3de66790
Event: 12.952 Thread 0x0000022aa209d770 flushing  nmethod 0x0000022a3dfb9b10
Event: 12.952 Thread 0x0000022aa209d770 flushing  nmethod 0x0000022a3e019810
Event: 12.952 Thread 0x0000022aa209d770 flushing  nmethod 0x0000022a3e01ac90
Event: 12.952 Thread 0x0000022aa209d770 flushing  nmethod 0x0000022a3e01d890
Event: 12.952 Thread 0x0000022aa209d770 flushing  nmethod 0x0000022a3e022010
Event: 12.955 Thread 0x0000022aa209d770 flushing  nmethod 0x0000022a3e1d0b10
Event: 12.955 Thread 0x0000022aa209d770 flushing  nmethod 0x0000022a3e201990
Event: 12.955 Thread 0x0000022aa209d770 flushing  nmethod 0x0000022a3e202c90
Event: 12.955 Thread 0x0000022aa209d770 flushing  nmethod 0x0000022a3e205b10
Event: 12.957 Thread 0x0000022aa209d770 flushing  nmethod 0x0000022a3e320a10
Event: 12.963 Thread 0x0000022aa209d770 flushing  nmethod 0x0000022a3e70ef90
Event: 12.964 Thread 0x0000022aa209d770 flushing  nmethod 0x0000022a3e792510
Event: 12.964 Thread 0x0000022aa209d770 flushing  nmethod 0x0000022a3e796410
Event: 12.964 Thread 0x0000022aa209d770 flushing  nmethod 0x0000022a3e79d310

Events (20 events):
Event: 0.113 Thread 0x0000022aa2162060 Thread added: 0x0000022aa2581930
Event: 0.149 Thread 0x0000022aa2306490 Thread added: 0x0000022aa27950d0
Event: 0.151 Thread 0x0000022aa27950d0 Thread added: 0x0000022aa27955f0
Event: 0.255 Thread 0x0000022aa2099620 Thread added: 0x0000022aa2754150
Event: 1.095 Thread 0x0000022a3203e990 Thread added: 0x0000022ab02bc010
Event: 1.096 Thread 0x0000022ab02bc010 Thread exited: 0x0000022ab02bc010
Event: 1.266 Thread 0x0000022a3203e990 Thread added: 0x0000022aa7e22b70
Event: 1.266 Thread 0x0000022a3203e990 Thread exited: 0x0000022a3203e990
Event: 1.266 Thread 0x0000022ab0a37f20 Thread added: 0x0000022ab0a37f20
Event: 1.304 Thread 0x0000022aa7e22b70 Thread added: 0x0000022ab0a3a290
Event: 1.617 Thread 0x0000022ab0a3a290 Thread added: 0x0000022ab0a38940
Event: 1.673 Thread 0x0000022aa2306490 Thread added: 0x0000022ab08992b0
Event: 1.673 Thread 0x0000022aa2306490 Thread added: 0x0000022ab08982c0
Event: 1.673 Thread 0x0000022aa2306490 Thread added: 0x0000022ab0899800
Event: 1.673 Thread 0x0000022aa2306490 Thread added: 0x0000022ab089a7f0
Event: 1.733 Thread 0x0000022ab0a3a290 Thread added: 0x0000022ab0a3a7a0
Event: 1.808 Thread 0x0000022aa7e22b70 Thread added: 0x0000022ab0a38e50
Event: 6.129 Thread 0x0000022ab0a38e50 Thread added: 0x0000022ab0a3b1c0
Event: 9.956 Thread 0x0000022ab0a3b1c0 Thread added: 0x0000022ab4f58e50
Event: 11.706 Thread 0x0000022aa7e22b70 Thread added: 0x0000022ab4f5d020


Dynamic libraries:
0x00007ff7e91a0000 - 0x00007ff7e91ae000 	C:\Program Files\Eclipse Adoptium\jdk-17.0.15.6-hotspot\bin\java.exe
0x00007ffa90240000 - 0x00007ffa904a8000 	C:\WINDOWS\SYSTEM32\ntdll.dll
0x00007ffa8e760000 - 0x00007ffa8e829000 	C:\WINDOWS\System32\KERNEL32.DLL
0x00007ffa8d6e0000 - 0x00007ffa8dacd000 	C:\WINDOWS\System32\KERNELBASE.dll
0x00007ffa8de90000 - 0x00007ffa8dfdb000 	C:\WINDOWS\System32\ucrtbase.dll
0x00007ffa75870000 - 0x00007ffa75887000 	C:\Program Files\Eclipse Adoptium\jdk-17.0.15.6-hotspot\bin\jli.dll
0x00007ffa756b0000 - 0x00007ffa756ce000 	C:\Program Files\Eclipse Adoptium\jdk-17.0.15.6-hotspot\bin\VCRUNTIME140.dll
0x00007ffa8e890000 - 0x00007ffa8ea5c000 	C:\WINDOWS\System32\USER32.dll
0x00007ffa8d600000 - 0x00007ffa8d627000 	C:\WINDOWS\System32\win32u.dll
0x00007ffa8dfe0000 - 0x00007ffa8e00b000 	C:\WINDOWS\System32\GDI32.dll
0x00007ffa76470000 - 0x00007ffa7670a000 	C:\WINDOWS\WinSxS\amd64_microsoft.windows.common-controls_6595b64144ccf1df_6.0.26100.4484_none_3e0e6d4ce32ef3b3\COMCTL32.dll
0x00007ffa8d4c0000 - 0x00007ffa8d5f7000 	C:\WINDOWS\System32\gdi32full.dll
0x00007ffa8d630000 - 0x00007ffa8d6d3000 	C:\WINDOWS\System32\msvcp_win.dll
0x00007ffa8fb70000 - 0x00007ffa8fc19000 	C:\WINDOWS\System32\msvcrt.dll
0x00007ffa90070000 - 0x00007ffa9009f000 	C:\WINDOWS\System32\IMM32.DLL
0x00007ffa89860000 - 0x00007ffa8986c000 	C:\Program Files\Eclipse Adoptium\jdk-17.0.15.6-hotspot\bin\vcruntime140_1.dll
0x00007ffa755a0000 - 0x00007ffa7562d000 	C:\Program Files\Eclipse Adoptium\jdk-17.0.15.6-hotspot\bin\msvcp140.dll
0x00007ff9d5fa0000 - 0x00007ff9d6c0b000 	C:\Program Files\Eclipse Adoptium\jdk-17.0.15.6-hotspot\bin\server\jvm.dll
0x00007ffa8fc20000 - 0x00007ffa8fcd4000 	C:\WINDOWS\System32\ADVAPI32.dll
0x00007ffa8f2c0000 - 0x00007ffa8f366000 	C:\WINDOWS\System32\sechost.dll
0x00007ffa900b0000 - 0x00007ffa901c8000 	C:\WINDOWS\System32\RPCRT4.dll
0x00007ffa8f370000 - 0x00007ffa8f3e4000 	C:\WINDOWS\System32\WS2_32.dll
0x00007ffa8c210000 - 0x00007ffa8c26e000 	C:\WINDOWS\SYSTEM32\POWRPROF.dll
0x00007ffa80ab0000 - 0x00007ffa80ae5000 	C:\WINDOWS\SYSTEM32\WINMM.dll
0x00007ffa85940000 - 0x00007ffa8594b000 	C:\WINDOWS\SYSTEM32\VERSION.dll
0x00007ffa8c1b0000 - 0x00007ffa8c1c4000 	C:\WINDOWS\SYSTEM32\UMPDC.dll
0x00007ffa8c1f0000 - 0x00007ffa8c20b000 	C:\WINDOWS\SYSTEM32\kernel.appcore.dll
0x00007ffa75a30000 - 0x00007ffa75a3a000 	C:\Program Files\Eclipse Adoptium\jdk-17.0.15.6-hotspot\bin\jimage.dll
0x00007ffa811f0000 - 0x00007ffa81431000 	C:\WINDOWS\SYSTEM32\DBGHELP.DLL
0x00007ffa8fce0000 - 0x00007ffa90066000 	C:\WINDOWS\System32\combase.dll
0x00007ffa8f880000 - 0x00007ffa8f960000 	C:\WINDOWS\System32\OLEAUT32.dll
0x00007ffa70190000 - 0x00007ffa701d3000 	C:\WINDOWS\SYSTEM32\dbgcore.DLL
0x00007ffa8d420000 - 0x00007ffa8d4b9000 	C:\WINDOWS\System32\bcryptPrimitives.dll
0x00007ffa75570000 - 0x00007ffa75595000 	C:\Program Files\Eclipse Adoptium\jdk-17.0.15.6-hotspot\bin\java.dll
0x00007ffa74f00000 - 0x00007ffa74fd7000 	C:\Program Files\Eclipse Adoptium\jdk-17.0.15.6-hotspot\bin\jsvml.dll
0x00007ffa8e010000 - 0x00007ffa8e75a000 	C:\WINDOWS\System32\SHELL32.dll
0x00007ffa8db90000 - 0x00007ffa8dd04000 	C:\WINDOWS\System32\wintypes.dll
0x00007ffa8afc0000 - 0x00007ffa8b81b000 	C:\WINDOWS\SYSTEM32\windows.storage.dll
0x00007ffa8f780000 - 0x00007ffa8f875000 	C:\WINDOWS\System32\SHCORE.dll
0x00007ffa8eef0000 - 0x00007ffa8ef5a000 	C:\WINDOWS\System32\shlwapi.dll
0x00007ffa8d2a0000 - 0x00007ffa8d2cf000 	C:\WINDOWS\SYSTEM32\profapi.dll
0x00007ffa75550000 - 0x00007ffa75569000 	C:\Program Files\Eclipse Adoptium\jdk-17.0.15.6-hotspot\bin\net.dll
0x00007ffa85e30000 - 0x00007ffa85f4e000 	C:\WINDOWS\SYSTEM32\WINHTTP.dll
0x00007ffa8c7e0000 - 0x00007ffa8c84a000 	C:\WINDOWS\system32\mswsock.dll
0x00007ffa74ee0000 - 0x00007ffa74ef6000 	C:\Program Files\Eclipse Adoptium\jdk-17.0.15.6-hotspot\bin\nio.dll
0x00007ffa74ec0000 - 0x00007ffa74ed8000 	C:\Program Files\Eclipse Adoptium\jdk-17.0.15.6-hotspot\bin\zip.dll
0x00007ffa8ca90000 - 0x00007ffa8caab000 	C:\WINDOWS\SYSTEM32\CRYPTSP.dll
0x00007ffa8c110000 - 0x00007ffa8c14a000 	C:\WINDOWS\system32\rsaenh.dll
0x00007ffa8c880000 - 0x00007ffa8c8ab000 	C:\WINDOWS\SYSTEM32\USERENV.dll
0x00007ffa8d270000 - 0x00007ffa8d296000 	C:\WINDOWS\SYSTEM32\bcrypt.dll
0x00007ffa8cab0000 - 0x00007ffa8cabc000 	C:\WINDOWS\SYSTEM32\CRYPTBASE.dll
0x00007ffa8bb10000 - 0x00007ffa8bb43000 	C:\WINDOWS\SYSTEM32\IPHLPAPI.DLL
0x00007ffa901f0000 - 0x00007ffa901fa000 	C:\WINDOWS\System32\NSI.dll
0x00007ffa85e00000 - 0x00007ffa85e1f000 	C:\WINDOWS\SYSTEM32\dhcpcsvc6.DLL
0x00007ffa85dd0000 - 0x00007ffa85df5000 	C:\WINDOWS\SYSTEM32\dhcpcsvc.DLL
0x00007ffa8bba0000 - 0x00007ffa8bcc6000 	C:\WINDOWS\SYSTEM32\DNSAPI.dll
0x00007ffa75860000 - 0x00007ffa75870000 	C:\Program Files\Eclipse Adoptium\jdk-17.0.15.6-hotspot\bin\verify.dll
0x00007ffa4a620000 - 0x00007ffa4a709000 	C:\Users\CHSey\AppData\Local\Temp\sqlite-3.41.2.1-b23477e7-ac5c-4432-84cf-0308b7d1bd32-sqlitejdbc.dll

dbghelp: loaded successfully - version: 4.0.5 - missing functions: none
symbol engine: initialized successfully - sym options: 0x614 - pdb path: .;C:\Program Files\Eclipse Adoptium\jdk-17.0.15.6-hotspot\bin;C:\WINDOWS\SYSTEM32;C:\WINDOWS\WinSxS\amd64_microsoft.windows.common-controls_6595b64144ccf1df_6.0.26100.4484_none_3e0e6d4ce32ef3b3;C:\Program Files\Eclipse Adoptium\jdk-17.0.15.6-hotspot\bin\server;C:\Users\CHSey\AppData\Local\Temp

VM Arguments:
jvm_args: -DkotlinLanguageServer.version=1.3.13 
java_command: org.javacs.kt.MainKt
java_class_path (initial): c:\Users\CHSey\AppData\Roaming\Cursor\User\globalStorage\fwcd.kotlin\langServerInstall\server\lib\server-1.3.13.jar;c:\Users\CHSey\AppData\Roaming\Cursor\User\globalStorage\fwcd.kotlin\langServerInstall\server\lib\shared-1.3.13.jar;c:\Users\CHSey\AppData\Roaming\Cursor\User\globalStorage\fwcd.kotlin\langServerInstall\server\lib\kotlin-scripting-jvm-host-unshaded-2.1.0.jar;c:\Users\CHSey\AppData\Roaming\Cursor\User\globalStorage\fwcd.kotlin\langServerInstall\server\lib\kotlin-scripting-compiler-2.1.0.jar;c:\Users\CHSey\AppData\Roaming\Cursor\User\globalStorage\fwcd.kotlin\langServerInstall\server\lib\ktfmt-b5d31d1.jar;c:\Users\CHSey\AppData\Roaming\Cursor\User\globalStorage\fwcd.kotlin\langServerInstall\server\lib\kotlin-compiler-2.1.0.jar;c:\Users\CHSey\AppData\Roaming\Cursor\User\globalStorage\fwcd.kotlin\langServerInstall\server\lib\exposed-dao-0.37.3.jar;c:\Users\CHSey\AppData\Roaming\Cursor\User\globalStorage\fwcd.kotlin\langServerInstall\server\lib\exposed-jdbc-0.37.3.jar;c:\Users\CHSey\AppData\Roaming\Cursor\User\globalStorage\fwcd.kotlin\langServerInstall\server\lib\exposed-core-0.37.3.jar;c:\Users\CHSey\AppData\Roaming\Cursor\User\globalStorage\fwcd.kotlin\langServerInstall\server\lib\kotlin-scripting-compiler-impl-2.1.0.jar;c:\Users\CHSey\AppData\Roaming\Cursor\User\globalStorage\fwcd.kotlin\langServerInstall\server\lib\kotlin-reflect-2.1.0.jar;c:\Users\CHSey\AppData\Roaming\Cursor\User\globalStorage\fwcd.kotlin\langServerInstall\server\lib\kotlin-scripting-jvm-2.1.0.jar;c:\Users\CHSey\AppData\Roaming\Cursor\User\globalStorage\fwcd.kotlin\langServerInstall\server\lib\kotlin-scripting-common-2.1.0.jar;c:\Users\CHSey\AppData\Roaming\Cursor\User\globalStorage\fwcd.kotlin\langServerInstall\server\lib\kotlinx-coroutines-core-jvm-1.6.4.jar;c:\Users\CHSey\AppData\Roaming\Cursor\User\globalStorage\fwcd.kotlin\langServerInstall\server\lib\kotlin-stdlib-jdk8-2.1.0.jar;c:\Users\CHSey\AppData\Roaming\Cursor\User\globalStorage\fwcd.kotlin\la
Launcher Type: SUN_STANDARD

[Global flags]
     intx CICompilerCount                          = 12                                        {product} {ergonomic}
     uint ConcGCThreads                            = 3                                         {product} {ergonomic}
     uint G1ConcRefinementThreads                  = 13                                        {product} {ergonomic}
   size_t G1HeapRegionSize                         = 4194304                                   {product} {ergonomic}
    uintx GCDrainStackTargetSize                   = 64                                        {product} {ergonomic}
   size_t InitialHeapSize                          = 524288000                                 {product} {ergonomic}
   size_t MarkStackSize                            = 4194304                                   {product} {ergonomic}
   size_t MaxHeapSize                              = 8355053568                                {product} {ergonomic}
   size_t MaxNewSize                               = 5012193280                                {product} {ergonomic}
   size_t MinHeapDeltaBytes                        = 4194304                                   {product} {ergonomic}
   size_t MinHeapSize                              = 8388608                                   {product} {ergonomic}
    uintx NonNMethodCodeHeapSize                   = 7602480                                {pd product} {ergonomic}
    uintx NonProfiledCodeHeapSize                  = 122027880                              {pd product} {ergonomic}
    uintx ProfiledCodeHeapSize                     = 122027880                              {pd product} {ergonomic}
    uintx ReservedCodeCacheSize                    = 251658240                              {pd product} {ergonomic}
     bool SegmentedCodeCache                       = true                                      {product} {ergonomic}
   size_t SoftMaxHeapSize                          = 8355053568                             {manageable} {ergonomic}
     bool UseCompressedClassPointers               = true                           {product lp64_product} {ergonomic}
     bool UseCompressedOops                        = true                           {product lp64_product} {ergonomic}
     bool UseG1GC                                  = true                                      {product} {ergonomic}
     bool UseLargePagesIndividualAllocation        = false                                  {pd product} {ergonomic}

Logging:
Log output configuration:
 #0: stdout all=warning uptime,level,tags
 #1: stderr all=off uptime,level,tags

Environment Variables:
JAVA_HOME=C:\Program Files\Eclipse Adoptium\jdk-17.0.15.6-hotspot
CLASSPATH=c:\Users\CHSey\AppData\Roaming\Cursor\User\globalStorage\fwcd.kotlin\langServerInstall\server\lib\server-1.3.13.jar;c:\Users\CHSey\AppData\Roaming\Cursor\User\globalStorage\fwcd.kotlin\langServerInstall\server\lib\shared-1.3.13.jar;c:\Users\CHSey\AppData\Roaming\Cursor\User\globalStorage\fwcd.kotlin\langServerInstall\server\lib\kotlin-scripting-jvm-host-unshaded-2.1.0.jar;c:\Users\CHSey\AppData\Roaming\Cursor\User\globalStorage\fwcd.kotlin\langServerInstall\server\lib\kotlin-scripting-compiler-2.1.0.jar;c:\Users\CHSey\AppData\Roaming\Cursor\User\globalStorage\fwcd.kotlin\langServerInstall\server\lib\ktfmt-b5d31d1.jar;c:\Users\CHSey\AppData\Roaming\Cursor\User\globalStorage\fwcd.kotlin\langServerInstall\server\lib\kotlin-compiler-2.1.0.jar;c:\Users\CHSey\AppData\Roaming\Cursor\User\globalStorage\fwcd.kotlin\langServerInstall\server\lib\exposed-dao-0.37.3.jar;c:\Users\CHSey\AppData\Roaming\Cursor\User\globalStorage\fwcd.kotlin\langServerInstall\server\lib\exposed-jdbc-0.37.3.jar;c:\Users\CHSey\AppData\Roaming\Cursor\User\globalStorage\fwcd.kotlin\langServerInstall\server\lib\exposed-core-0.37.3.jar;c:\Users\CHSey\AppData\Roaming\Cursor\User\globalStorage\fwcd.kotlin\langServerInstall\server\lib\kotlin-scripting-compiler-impl-2.1.0.jar;c:\Users\CHSey\AppData\Roaming\Cursor\User\globalStorage\fwcd.kotlin\langServerInstall\server\lib\kotlin-reflect-2.1.0.jar;c:\Users\CHSey\AppData\Roaming\Cursor\User\globalStorage\fwcd.kotlin\langServerInstall\server\lib\kotlin-scripting-jvm-2.1.0.jar;c:\Users\CHSey\AppData\Roaming\Cursor\User\globalStorage\fwcd.kotlin\langServerInstall\server\lib\kotlin-scripting-common-2.1.0.jar;c:\Users\CHSey\AppData\Roaming\Cursor\User\globalStorage\fwcd.kotlin\langServerInstall\server\lib\kotlinx-coroutines-core-jvm-1.6.4.jar;c:\Users\CHSey\AppData\Roaming\Cursor\User\globalStorage\fwcd.kotlin\langServerInstall\server\lib\kotlin-stdlib-jdk8-2.1.0.jar;c:\Users\CHSey\AppData\Roaming\Cursor\User\globalStorage\fwcd.kotlin\langServerInstall\server\lib\kotlin-stdlib-jdk7-2.1.0.jar;c:\Users\CHSey\AppData\Roaming\Cursor\User\globalStorage\fwcd.kotlin\langServerInstall\server\lib\kotlin-stdlib-2.1.0.jar;c:\Users\CHSey\AppData\Roaming\Cursor\User\globalStorage\fwcd.kotlin\langServerInstall\server\lib\org.eclipse.lsp4j-0.21.2.jar;c:\Users\CHSey\AppData\Roaming\Cursor\User\globalStorage\fwcd.kotlin\langServerInstall\server\lib\org.eclipse.lsp4j.jsonrpc-0.21.2.jar;c:\Users\CHSey\AppData\Roaming\Cursor\User\globalStorage\fwcd.kotlin\langServerInstall\server\lib\kotlin-sam-with-receiver-compiler-plugin-2.1.0.jar;c:\Users\CHSey\AppData\Roaming\Cursor\User\globalStorage\fwcd.kotlin\langServerInstall\server\lib\fernflower-1.0.jar;c:\Users\CHSey\AppData\Roaming\Cursor\User\globalStorage\fwcd.kotlin\langServerInstall\server\lib\h2-1.4.200.jar;c:\Users\CHSey\AppData\Roaming\Cursor\User\globalStorage\fwcd.kotlin\langServerInstall\server\lib\jcommander-1.78.jar;c:\Users\CHSey\AppData\Roaming\Cursor\User\globalStorage\fwcd.kotlin\langServerInstall\server\lib\sqlite-jdbc-3.41.2.1.jar;c:\Users\CHSey\AppData\Roaming\Cursor\User\globalStorage\fwcd.kotlin\langServerInstall\server\lib\google-java-format-1.8.jar;c:\Users\CHSey\AppData\Roaming\Cursor\User\globalStorage\fwcd.kotlin\langServerInstall\server\lib\guava-33.3.0-jre.jar;c:\Users\CHSey\AppData\Roaming\Cursor\User\globalStorage\fwcd.kotlin\langServerInstall\server\lib\annotations-13.0.jar;c:\Users\CHSey\AppData\Roaming\Cursor\User\globalStorage\fwcd.kotlin\langServerInstall\server\lib\gson-2.10.1.jar;c:\Users\CHSey\AppData\Roaming\Cursor\User\globalStorage\fwcd.kotlin\langServerInstall\server\lib\kotlin-script-runtime-2.1.0.jar;c:\Users\CHSey\AppData\Roaming\Cursor\User\globalStorage\fwcd.kotlin\langServerInstall\server\lib\trove4j-1.0.20200330.jar;c:\Users\CHSey\AppData\Roaming\Cursor\User\globalStorage\fwcd.kotlin\langServerInstall\server\lib\jline-3.24.1.jar;c:\Users\CHSey\AppData\Roaming\Cursor\User\globalStorage\fwcd.kotlin\langServerInstall\server\lib\slf4j-api-1.7.25.jar;c:\Users\CHSey\AppData\Roaming\Cursor\User\globalStorage\fwcd.kotlin\langServerInstall\server\lib\jna-4.2.2.jar;c:\Users\CHSey\AppData\Roaming\Cursor\User\globalStorage\fwcd.kotlin\langServerInstall\server\lib\failureaccess-1.0.2.jar;c:\Users\CHSey\AppData\Roaming\Cursor\User\globalStorage\fwcd.kotlin\langServerInstall\server\lib\listenablefuture-9999.0-empty-to-avoid-conflict-with-guava.jar;c:\Users\CHSey\AppData\Roaming\Cursor\User\globalStorage\fwcd.kotlin\langServerInstall\server\lib\jsr305-3.0.2.jar;c:\Users\CHSey\AppData\Roaming\Cursor\User\globalStorage\fwcd.kotlin\langServerInstall\server\lib\checker-qual-3.43.0.jar;c:\Users\CHSey\AppData\Roaming\Cursor\User\globalStorage\fwcd.kotlin\langServerInstall\server\lib\error_prone_annotations-2.28.0.jar
PATH=C:\Program Files\Eclipse Adoptium\jdk-17.0.15.6-hotspot\bin;C:\Python313\Scripts\;C:\Python313\;C:\WINDOWS\system32;C:\WINDOWS;C:\WINDOWS\System32\Wbem;C:\WINDOWS\System32\WindowsPowerShell\v1.0\;C:\WINDOWS\System32\OpenSSH\;C:\Program Files\NVIDIA Corporation\NVIDIA app\NvDLISR;C:\Program Files (x86)\NVIDIA Corporation\PhysX\Common;C:\Program Files\Git\cmd;C:\ProgramData\chocolatey\bin;C:\Program Files\dotnet\;C:\Program Files\Eclipse Adoptium\jdk-17.0.15.6-hotspot\bin;C:\Users\CHSey\AppData\Local\Android\Sdk\tools;C:\Users\CHSey\AppData\Local\Android\Sdk\platform-tools;C:\flutter\bin;C:\Users\CHSey\AppData\Local\Android\Sdk\platform-tools;;c:\Users\CHSey\AppData\Local\Programs\cursor\resources\app\bin;C:\Users\CHSey\AppData\Local\Microsoft\WindowsApps;C:\flutter\bin;C:\Users\CHSey\AppData\Local\Programs\Microsoft VS Code\bin;C:\Users\CHSey\AppData\Local\Pub\Cache\bin;C:\tools\dart-sdk\bin;C:\Users\CHSey\.dotnet\tools;C:\Users\CHSey\AppData\Local\Android\Sdk\platform-tools;C:\Users\CHSey\AppData\Local\Programs\cursor\resources\app\bin;C:\Users\CHSey\AppData\Local\Programs\Windsurf\bin
USERNAME=CHSey
OS=Windows_NT
PROCESSOR_IDENTIFIER=AMD64 Family 25 Model 97 Stepping 2, AuthenticAMD
TMP=C:\Users\CHSey\AppData\Local\Temp
TEMP=C:\Users\CHSey\AppData\Local\Temp



Periodic native trim disabled


---------------  S Y S T E M  ---------------

OS:
 Windows 11 , 64 bit Build 26100 (10.0.26100.4484)
OS uptime: 0 days 8:35 hours
Hyper-V role detected

CPU: total 16 (initial active 16) (16 cores per cpu, 2 threads per core) family 25 model 97 stepping 2 microcode 0xa601209, cx8, cmov, fxsr, ht, mmx, 3dnowpref, sse, sse2, sse3, ssse3, sse4a, sse4.1, sse4.2, popcnt, lzcnt, tsc, tscinvbit, avx, avx2, aes, erms, clmul, bmi1, bmi2, adx, avx512f, avx512dq, avx512cd, avx512bw, avx512vl, sha, fma, vzeroupper, avx512_vpopcntdq, avx512_vpclmulqdq, avx512_vaes, avx512_vnni, clflush, clflushopt, avx512_vbmi2, avx512_vbmi, hv
Processor Information for all 16 processors :
  Max Mhz: 4201, Current Mhz: 4201, Mhz Limit: 4201

Memory: 4k page, system-wide physical 31861M (12621M free)
TotalPageFile size 31861M (AvailPageFile size 542M)
current process WorkingSet (physical memory assigned to process): 1348M, peak: 1452M
current process commit charge ("private bytes"): 1385M, peak: 2852M

vm_info: OpenJDK 64-Bit Server VM (17.0.15+6) for windows-amd64 JRE (17.0.15+6), built on Apr 15 2025 21:25:47 by "admin" with MS VC++ 17.7 (VS2022)

END.
